[1.374s] Invoking command in '/home/autolab/ros2_ws/src/build/turtlebot3_example': PYTHONPATH=/home/autolab/ros2_ws/src/build/turtlebot3_example/prefix_override:/home/autolab/ros2_ws/src/install/turtlebot3_example/lib/python3.10/site-packages:${PYTHONPATH} /usr/bin/python3 setup.py develop --editable --build-directory /home/autolab/ros2_ws/src/build/turtlebot3_example/build --no-deps install_data
[1.571s] running develop
[1.779s] running egg_info
[1.779s] creating turtlebot3_example.egg-info
[1.779s] writing turtlebot3_example.egg-info/PKG-INFO
[1.779s] writing dependency_links to turtlebot3_example.egg-info/dependency_links.txt
[1.779s] writing entry points to turtlebot3_example.egg-info/entry_points.txt
[1.780s] writing requirements to turtlebot3_example.egg-info/requires.txt
[1.780s] writing top-level names to turtlebot3_example.egg-info/top_level.txt
[1.780s] writing manifest file 'turtlebot3_example.egg-info/SOURCES.txt'
[1.782s] reading manifest file 'turtlebot3_example.egg-info/SOURCES.txt'
[1.783s] writing manifest file 'turtlebot3_example.egg-info/SOURCES.txt'
[1.785s] running build_ext
[1.785s] Creating /home/autolab/ros2_ws/src/install/turtlebot3_example/lib/python3.10/site-packages/turtlebot3-example.egg-link (link to .)
[1.786s] Installing turtlebot3_obstacle_detection script to /home/autolab/ros2_ws/src/install/turtlebot3_example/lib/turtlebot3_example
[1.786s] Installing turtlebot3_patrol_client script to /home/autolab/ros2_ws/src/install/turtlebot3_example/lib/turtlebot3_example
[1.786s] Installing turtlebot3_patrol_server script to /home/autolab/ros2_ws/src/install/turtlebot3_example/lib/turtlebot3_example
[1.786s] Installing turtlebot3_position_control script to /home/autolab/ros2_ws/src/install/turtlebot3_example/lib/turtlebot3_example
[1.787s] 
[1.787s] Installed /home/autolab/ros2_ws/src/build/turtlebot3_example
[1.787s] running install_data
[1.787s] creating /home/autolab/ros2_ws/src/install/turtlebot3_example/share/ament_index
[1.787s] creating /home/autolab/ros2_ws/src/install/turtlebot3_example/share/ament_index/resource_index
[1.787s] creating /home/autolab/ros2_ws/src/install/turtlebot3_example/share/ament_index/resource_index/packages
[1.787s] copying resource/turtlebot3_example -> /home/autolab/ros2_ws/src/install/turtlebot3_example/share/ament_index/resource_index/packages
[1.787s] copying package.xml -> /home/autolab/ros2_ws/src/install/turtlebot3_example/share/turtlebot3_example
[1.864s] Invoked command in '/home/autolab/ros2_ws/src/build/turtlebot3_example' returned '0': PYTHONPATH=/home/autolab/ros2_ws/src/build/turtlebot3_example/prefix_override:/home/autolab/ros2_ws/src/install/turtlebot3_example/lib/python3.10/site-packages:${PYTHONPATH} /usr/bin/python3 setup.py develop --editable --build-directory /home/autolab/ros2_ws/src/build/turtlebot3_example/build --no-deps install_data
