[0.336s] Invoking command in '/home/autolab/ros2_ws/src/build/turtlebot3_cartographer': CMAKE_PREFIX_PATH=${CMAKE_PREFIX_PATH}:/home/autolab/ros2_ws/install/turtlebot3_teleop:/home/autolab/ros2_ws/install/turtlebot3_example:/home/autolab/ros2_ws/install/my_robot_controller:/opt/ros/humble /usr/bin/cmake --build /home/autolab/ros2_ws/src/build/turtlebot3_cartographer -- -j20 -l20
[1.040s] Invoked command in '/home/autolab/ros2_ws/src/build/turtlebot3_cartographer' returned '0': CMAKE_PREFIX_PATH=${CMAKE_PREFIX_PATH}:/home/autolab/ros2_ws/install/turtlebot3_teleop:/home/autolab/ros2_ws/install/turtlebot3_example:/home/autolab/ros2_ws/install/my_robot_controller:/opt/ros/humble /usr/bin/cmake --build /home/autolab/ros2_ws/src/build/turtlebot3_cartographer -- -j20 -l20
[1.059s] Invoking command in '/home/autolab/ros2_ws/src/build/turtlebot3_cartographer': CMAKE_PREFIX_PATH=${CMAKE_PREFIX_PATH}:/home/autolab/ros2_ws/install/turtlebot3_teleop:/home/autolab/ros2_ws/install/turtlebot3_example:/home/autolab/ros2_ws/install/my_robot_controller:/opt/ros/humble /usr/bin/cmake --install /home/autolab/ros2_ws/src/build/turtlebot3_cartographer
[1.064s] -- Install configuration: ""
[1.064s] -- Execute custom install script
[1.065s] -- Up-to-date symlink: /home/autolab/ros2_ws/src/install/turtlebot3_cartographer/share/turtlebot3_cartographer/config/turtlebot3_lds_2d.lua
[1.066s] -- Up-to-date symlink: /home/autolab/ros2_ws/src/install/turtlebot3_cartographer/share/turtlebot3_cartographer/launch/cartographer.launch.py
[1.066s] -- Up-to-date symlink: /home/autolab/ros2_ws/src/install/turtlebot3_cartographer/share/turtlebot3_cartographer/launch/occupancy_grid.launch.py
[1.066s] -- Up-to-date symlink: /home/autolab/ros2_ws/src/install/turtlebot3_cartographer/share/turtlebot3_cartographer/rviz/tb3_cartographer.rviz
[1.067s] -- Up-to-date symlink: /home/autolab/ros2_ws/src/install/turtlebot3_cartographer/share/ament_index/resource_index/package_run_dependencies/turtlebot3_cartographer
[1.067s] -- Up-to-date symlink: /home/autolab/ros2_ws/src/install/turtlebot3_cartographer/share/ament_index/resource_index/parent_prefix_path/turtlebot3_cartographer
[1.067s] -- Up-to-date symlink: /home/autolab/ros2_ws/src/install/turtlebot3_cartographer/share/turtlebot3_cartographer/environment/ament_prefix_path.sh
[1.067s] -- Up-to-date symlink: /home/autolab/ros2_ws/src/install/turtlebot3_cartographer/share/turtlebot3_cartographer/environment/ament_prefix_path.dsv
[1.067s] -- Up-to-date symlink: /home/autolab/ros2_ws/src/install/turtlebot3_cartographer/share/turtlebot3_cartographer/environment/path.sh
[1.068s] -- Up-to-date symlink: /home/autolab/ros2_ws/src/install/turtlebot3_cartographer/share/turtlebot3_cartographer/environment/path.dsv
[1.068s] -- Up-to-date symlink: /home/autolab/ros2_ws/src/install/turtlebot3_cartographer/share/turtlebot3_cartographer/local_setup.bash
[1.068s] -- Up-to-date symlink: /home/autolab/ros2_ws/src/install/turtlebot3_cartographer/share/turtlebot3_cartographer/local_setup.sh
[1.068s] -- Up-to-date symlink: /home/autolab/ros2_ws/src/install/turtlebot3_cartographer/share/turtlebot3_cartographer/local_setup.zsh
[1.069s] -- Up-to-date symlink: /home/autolab/ros2_ws/src/install/turtlebot3_cartographer/share/turtlebot3_cartographer/local_setup.dsv
[1.069s] -- Symlinking: /home/autolab/ros2_ws/src/install/turtlebot3_cartographer/share/turtlebot3_cartographer/package.dsv
[1.074s] -- Up-to-date symlink: /home/autolab/ros2_ws/src/install/turtlebot3_cartographer/share/ament_index/resource_index/packages/turtlebot3_cartographer
[1.074s] -- Up-to-date symlink: /home/autolab/ros2_ws/src/install/turtlebot3_cartographer/share/turtlebot3_cartographer/cmake/turtlebot3_cartographerConfig.cmake
[1.075s] -- Up-to-date symlink: /home/autolab/ros2_ws/src/install/turtlebot3_cartographer/share/turtlebot3_cartographer/cmake/turtlebot3_cartographerConfig-version.cmake
[1.075s] -- Up-to-date symlink: /home/autolab/ros2_ws/src/install/turtlebot3_cartographer/share/turtlebot3_cartographer/package.xml
[1.077s] Invoked command in '/home/autolab/ros2_ws/src/build/turtlebot3_cartographer' returned '0': CMAKE_PREFIX_PATH=${CMAKE_PREFIX_PATH}:/home/autolab/ros2_ws/install/turtlebot3_teleop:/home/autolab/ros2_ws/install/turtlebot3_example:/home/autolab/ros2_ws/install/my_robot_controller:/opt/ros/humble /usr/bin/cmake --install /home/autolab/ros2_ws/src/build/turtlebot3_cartographer
