[0.415s] Invoking command in '/home/autolab/ros2_ws/src/build/turtlebot3_description': CMAKE_PREFIX_PATH=${CMAKE_PREFIX_PATH}:/home/autolab/ros2_ws/install/turtlebot3_teleop:/home/autolab/ros2_ws/install/turtlebot3_example:/home/autolab/ros2_ws/install/my_robot_controller:/opt/ros/humble /usr/bin/cmake /home/autolab/ros2_ws/src/turtlebot3/turtlebot3_description -DAMENT_CMAKE_SYMLINK_INSTALL=1 -DCMAKE_INSTALL_PREFIX=/home/autolab/ros2_ws/src/install/turtlebot3_description
[0.908s] -- The C compiler identification is GNU 11.4.0
[0.908s] -- The CXX compiler identification is GNU 11.4.0
[0.909s] -- Detecting C compiler ABI info
[0.909s] -- Detecting C compiler ABI info - done
[0.910s] -- Check for working C compiler: /usr/bin/cc - skipped
[0.910s] -- Detecting C compile features
[0.910s] -- Detecting C compile features - done
[0.910s] -- Detecting CXX compiler ABI info
[0.910s] -- Detecting CXX compiler ABI info - done
[0.910s] -- Check for working CXX compiler: /usr/bin/c++ - skipped
[0.910s] -- Detecting CXX compile features
[0.910s] -- Detecting CXX compile features - done
[0.911s] -- Found ament_cmake: 1.3.8 (/opt/ros/humble/share/ament_cmake/cmake)
[0.911s] -- Found Python3: /usr/bin/python3 (found version "3.10.12") found components: Interpreter 
[0.911s] -- Override CMake install command with custom implementation using symlinks instead of copying resources
[0.911s] -- Found urdf: 2.6.0 (/opt/ros/humble/share/urdf/cmake)
[0.911s] -- Configuring done
[0.911s] -- Generating done
[0.911s] -- Build files have been written to: /home/autolab/ros2_ws/src/build/turtlebot3_description
[1.153s] Invoked command in '/home/autolab/ros2_ws/src/build/turtlebot3_description' returned '0': CMAKE_PREFIX_PATH=${CMAKE_PREFIX_PATH}:/home/autolab/ros2_ws/install/turtlebot3_teleop:/home/autolab/ros2_ws/install/turtlebot3_example:/home/autolab/ros2_ws/install/my_robot_controller:/opt/ros/humble /usr/bin/cmake /home/autolab/ros2_ws/src/turtlebot3/turtlebot3_description -DAMENT_CMAKE_SYMLINK_INSTALL=1 -DCMAKE_INSTALL_PREFIX=/home/autolab/ros2_ws/src/install/turtlebot3_description
[1.153s] Invoking command in '/home/autolab/ros2_ws/src/build/turtlebot3_description': CMAKE_PREFIX_PATH=${CMAKE_PREFIX_PATH}:/home/autolab/ros2_ws/install/turtlebot3_teleop:/home/autolab/ros2_ws/install/turtlebot3_example:/home/autolab/ros2_ws/install/my_robot_controller:/opt/ros/humble /usr/bin/cmake --build /home/autolab/ros2_ws/src/build/turtlebot3_description -- -j20 -l20
[1.177s] Invoked command in '/home/autolab/ros2_ws/src/build/turtlebot3_description' returned '0': CMAKE_PREFIX_PATH=${CMAKE_PREFIX_PATH}:/home/autolab/ros2_ws/install/turtlebot3_teleop:/home/autolab/ros2_ws/install/turtlebot3_example:/home/autolab/ros2_ws/install/my_robot_controller:/opt/ros/humble /usr/bin/cmake --build /home/autolab/ros2_ws/src/build/turtlebot3_description -- -j20 -l20
[1.198s] Invoking command in '/home/autolab/ros2_ws/src/build/turtlebot3_description': CMAKE_PREFIX_PATH=${CMAKE_PREFIX_PATH}:/home/autolab/ros2_ws/install/turtlebot3_teleop:/home/autolab/ros2_ws/install/turtlebot3_example:/home/autolab/ros2_ws/install/my_robot_controller:/opt/ros/humble /usr/bin/cmake --install /home/autolab/ros2_ws/src/build/turtlebot3_description
[1.203s] -- Install configuration: ""
[1.203s] -- Execute custom install script
[1.204s] -- Symlinking: /home/autolab/ros2_ws/src/install/turtlebot3_description/share/turtlebot3_description/meshes/bases/burger_base.stl
[1.209s] -- Symlinking: /home/autolab/ros2_ws/src/install/turtlebot3_description/share/turtlebot3_description/meshes/bases/waffle_base.stl
[1.214s] -- Symlinking: /home/autolab/ros2_ws/src/install/turtlebot3_description/share/turtlebot3_description/meshes/bases/waffle_pi_base.stl
[1.220s] -- Symlinking: /home/autolab/ros2_ws/src/install/turtlebot3_description/share/turtlebot3_description/meshes/sensors/astra.dae
[1.225s] -- Symlinking: /home/autolab/ros2_ws/src/install/turtlebot3_description/share/turtlebot3_description/meshes/sensors/astra.jpg
[1.231s] -- Symlinking: /home/autolab/ros2_ws/src/install/turtlebot3_description/share/turtlebot3_description/meshes/sensors/lds.stl
[1.237s] -- Symlinking: /home/autolab/ros2_ws/src/install/turtlebot3_description/share/turtlebot3_description/meshes/sensors/r200.dae
[1.243s] -- Symlinking: /home/autolab/ros2_ws/src/install/turtlebot3_description/share/turtlebot3_description/meshes/sensors/r200.jpg
[1.249s] -- Symlinking: /home/autolab/ros2_ws/src/install/turtlebot3_description/share/turtlebot3_description/meshes/wheels/left_tire.stl
[1.254s] -- Symlinking: /home/autolab/ros2_ws/src/install/turtlebot3_description/share/turtlebot3_description/meshes/wheels/right_tire.stl
[1.260s] -- Symlinking: /home/autolab/ros2_ws/src/install/turtlebot3_description/share/turtlebot3_description/rviz/model.rviz
[1.266s] -- Symlinking: /home/autolab/ros2_ws/src/install/turtlebot3_description/share/turtlebot3_description/urdf/common_properties.urdf
[1.271s] -- Symlinking: /home/autolab/ros2_ws/src/install/turtlebot3_description/share/turtlebot3_description/urdf/turtlebot3_burger.urdf
[1.277s] -- Symlinking: /home/autolab/ros2_ws/src/install/turtlebot3_description/share/turtlebot3_description/urdf/turtlebot3_waffle.urdf
[1.282s] -- Symlinking: /home/autolab/ros2_ws/src/install/turtlebot3_description/share/turtlebot3_description/urdf/turtlebot3_waffle_pi.urdf
[1.288s] -- Symlinking: /home/autolab/ros2_ws/src/install/turtlebot3_description/share/ament_index/resource_index/package_run_dependencies/turtlebot3_description
[1.294s] -- Symlinking: /home/autolab/ros2_ws/src/install/turtlebot3_description/share/ament_index/resource_index/parent_prefix_path/turtlebot3_description
[1.301s] -- Symlinking: /home/autolab/ros2_ws/src/install/turtlebot3_description/share/turtlebot3_description/environment/ament_prefix_path.sh
[1.307s] -- Symlinking: /home/autolab/ros2_ws/src/install/turtlebot3_description/share/turtlebot3_description/environment/ament_prefix_path.dsv
[1.312s] -- Symlinking: /home/autolab/ros2_ws/src/install/turtlebot3_description/share/turtlebot3_description/environment/path.sh
[1.317s] -- Symlinking: /home/autolab/ros2_ws/src/install/turtlebot3_description/share/turtlebot3_description/environment/path.dsv
[1.323s] -- Symlinking: /home/autolab/ros2_ws/src/install/turtlebot3_description/share/turtlebot3_description/local_setup.bash
[1.330s] -- Symlinking: /home/autolab/ros2_ws/src/install/turtlebot3_description/share/turtlebot3_description/local_setup.sh
[1.336s] -- Symlinking: /home/autolab/ros2_ws/src/install/turtlebot3_description/share/turtlebot3_description/local_setup.zsh
[1.341s] -- Symlinking: /home/autolab/ros2_ws/src/install/turtlebot3_description/share/turtlebot3_description/local_setup.dsv
[1.348s] -- Symlinking: /home/autolab/ros2_ws/src/install/turtlebot3_description/share/turtlebot3_description/package.dsv
[1.353s] -- Symlinking: /home/autolab/ros2_ws/src/install/turtlebot3_description/share/ament_index/resource_index/packages/turtlebot3_description
[1.359s] -- Symlinking: /home/autolab/ros2_ws/src/install/turtlebot3_description/share/turtlebot3_description/cmake/turtlebot3_descriptionConfig.cmake
[1.365s] -- Symlinking: /home/autolab/ros2_ws/src/install/turtlebot3_description/share/turtlebot3_description/cmake/turtlebot3_descriptionConfig-version.cmake
[1.372s] -- Symlinking: /home/autolab/ros2_ws/src/install/turtlebot3_description/share/turtlebot3_description/package.xml
[1.471s] Invoked command in '/home/autolab/ros2_ws/src/build/turtlebot3_description' returned '0': CMAKE_PREFIX_PATH=${CMAKE_PREFIX_PATH}:/home/autolab/ros2_ws/install/turtlebot3_teleop:/home/autolab/ros2_ws/install/turtlebot3_example:/home/autolab/ros2_ws/install/my_robot_controller:/opt/ros/humble /usr/bin/cmake --install /home/autolab/ros2_ws/src/build/turtlebot3_description
