[1.153s] Invoking command in '/home/autolab/ros2_ws/build/my_robot_controller': PYTHONPATH=/home/autolab/ros2_ws/build/my_robot_controller/prefix_override:/home/autolab/ros2_ws/install/my_robot_controller/lib/python3.10/site-packages:${PYTHONPATH} /usr/bin/python3 setup.py develop --editable --build-directory /home/autolab/ros2_ws/build/my_robot_controller/build --no-deps install_data
[1.330s] running develop
[1.440s] running egg_info
[1.441s] writing my_robot_controller.egg-info/PKG-INFO
[1.441s] writing dependency_links to my_robot_controller.egg-info/dependency_links.txt
[1.441s] writing entry points to my_robot_controller.egg-info/entry_points.txt
[1.441s] writing requirements to my_robot_controller.egg-info/requires.txt
[1.441s] writing top-level names to my_robot_controller.egg-info/top_level.txt
[1.441s] reading manifest file 'my_robot_controller.egg-info/SOURCES.txt'
[1.443s] writing manifest file 'my_robot_controller.egg-info/SOURCES.txt'
[1.444s] running build_ext
[1.445s] Creating /home/autolab/ros2_ws/install/my_robot_controller/lib/python3.10/site-packages/my-robot-controller.egg-link (link to .)
[1.445s] Installing draw_circle script to /home/autolab/ros2_ws/install/my_robot_controller/lib/my_robot_controller
[1.445s] Installing mapping script to /home/autolab/ros2_ws/install/my_robot_controller/lib/my_robot_controller
[1.445s] Installing navigation script to /home/autolab/ros2_ws/install/my_robot_controller/lib/my_robot_controller
[1.445s] Installing test_node script to /home/autolab/ros2_ws/install/my_robot_controller/lib/my_robot_controller
[1.445s] 
[1.445s] Installed /home/autolab/ros2_ws/build/my_robot_controller
[1.445s] running install_data
[1.476s] Invoked command in '/home/autolab/ros2_ws/build/my_robot_controller' returned '0': PYTHONPATH=/home/autolab/ros2_ws/build/my_robot_controller/prefix_override:/home/autolab/ros2_ws/install/my_robot_controller/lib/python3.10/site-packages:${PYTHONPATH} /usr/bin/python3 setup.py develop --editable --build-directory /home/autolab/ros2_ws/build/my_robot_controller/build --no-deps install_data
