[1.210s] Invoking command in '/home/autolab/ros2_ws/build/my_robot_controller': PYTHONPATH=/home/autolab/ros2_ws/build/my_robot_controller/prefix_override:/home/autolab/ros2_ws/install/my_robot_controller/lib/python3.10/site-packages:${PYTHONPATH} /usr/bin/python3 setup.py develop --editable --build-directory /home/autolab/ros2_ws/build/my_robot_controller/build --no-deps install_data
[1.385s] running develop
[1.493s] running egg_info
[1.493s] writing my_robot_controller.egg-info/PKG-INFO
[1.493s] writing dependency_links to my_robot_controller.egg-info/dependency_links.txt
[1.494s] writing entry points to my_robot_controller.egg-info/entry_points.txt
[1.494s] writing requirements to my_robot_controller.egg-info/requires.txt
[1.494s] writing top-level names to my_robot_controller.egg-info/top_level.txt
[1.495s] reading manifest file 'my_robot_controller.egg-info/SOURCES.txt'
[1.495s] writing manifest file 'my_robot_controller.egg-info/SOURCES.txt'
[1.496s] running build_ext
[1.496s] Creating /home/autolab/ros2_ws/install/my_robot_controller/lib/python3.10/site-packages/my-robot-controller.egg-link (link to .)
[1.496s] Installing draw_circle script to /home/autolab/ros2_ws/install/my_robot_controller/lib/my_robot_controller
[1.496s] Installing mapping script to /home/autolab/ros2_ws/install/my_robot_controller/lib/my_robot_controller
[1.497s] Installing navigation script to /home/autolab/ros2_ws/install/my_robot_controller/lib/my_robot_controller
[1.497s] Installing test_node script to /home/autolab/ros2_ws/install/my_robot_controller/lib/my_robot_controller
[1.497s] 
[1.497s] Installed /home/autolab/ros2_ws/build/my_robot_controller
[1.497s] running install_data
[1.497s] error: can't copy 'launch/run_navigation_launch.py': doesn't exist or not a regular file
[1.518s] Invoked command in '/home/autolab/ros2_ws/build/my_robot_controller' returned '1': PYTHONPATH=/home/autolab/ros2_ws/build/my_robot_controller/prefix_override:/home/autolab/ros2_ws/install/my_robot_controller/lib/python3.10/site-packages:${PYTHONPATH} /usr/bin/python3 setup.py develop --editable --build-directory /home/autolab/ros2_ws/build/my_robot_controller/build --no-deps install_data
