[0.043s] Invoking command in '/home/autolab/ros2_ws/build/turtlebot3_simulations': CMAKE_PREFIX_PATH=/home/autolab/ros2_ws/install/turtlebot3_gazebo:/home/autolab/ros2_ws/install/turtlebot3_fake_node:/home/autolab/ros2_ws/install/turtlebot3_simulations:/home/autolab/ros2_ws/install/my_robot_controller:/opt/ros/humble /usr/bin/cmake --build /home/autolab/ros2_ws/build/turtlebot3_simulations -- -j20 -l20
[0.067s] Invoked command in '/home/autolab/ros2_ws/build/turtlebot3_simulations' returned '0': CMAKE_PREFIX_PATH=/home/autolab/ros2_ws/install/turtlebot3_gazebo:/home/autolab/ros2_ws/install/turtlebot3_fake_node:/home/autolab/ros2_ws/install/turtlebot3_simulations:/home/autolab/ros2_ws/install/my_robot_controller:/opt/ros/humble /usr/bin/cmake --build /home/autolab/ros2_ws/build/turtlebot3_simulations -- -j20 -l20
[0.081s] Invoking command in '/home/autolab/ros2_ws/build/turtlebot3_simulations': CMAKE_PREFIX_PATH=/home/autolab/ros2_ws/install/turtlebot3_gazebo:/home/autolab/ros2_ws/install/turtlebot3_fake_node:/home/autolab/ros2_ws/install/turtlebot3_simulations:/home/autolab/ros2_ws/install/my_robot_controller:/opt/ros/humble /usr/bin/cmake --install /home/autolab/ros2_ws/build/turtlebot3_simulations
[0.086s] -- Install configuration: ""
[0.086s] -- Execute custom install script
[0.086s] -- Up-to-date symlink: /home/autolab/ros2_ws/install/turtlebot3_simulations/share/ament_index/resource_index/package_run_dependencies/turtlebot3_simulations
[0.086s] -- Up-to-date symlink: /home/autolab/ros2_ws/install/turtlebot3_simulations/share/ament_index/resource_index/parent_prefix_path/turtlebot3_simulations
[0.086s] -- Up-to-date symlink: /home/autolab/ros2_ws/install/turtlebot3_simulations/share/turtlebot3_simulations/environment/ament_prefix_path.sh
[0.086s] -- Up-to-date symlink: /home/autolab/ros2_ws/install/turtlebot3_simulations/share/turtlebot3_simulations/environment/ament_prefix_path.dsv
[0.086s] -- Up-to-date symlink: /home/autolab/ros2_ws/install/turtlebot3_simulations/share/turtlebot3_simulations/environment/path.sh
[0.087s] -- Up-to-date symlink: /home/autolab/ros2_ws/install/turtlebot3_simulations/share/turtlebot3_simulations/environment/path.dsv
[0.087s] -- Up-to-date symlink: /home/autolab/ros2_ws/install/turtlebot3_simulations/share/turtlebot3_simulations/local_setup.bash
[0.087s] -- Up-to-date symlink: /home/autolab/ros2_ws/install/turtlebot3_simulations/share/turtlebot3_simulations/local_setup.sh
[0.087s] -- Up-to-date symlink: /home/autolab/ros2_ws/install/turtlebot3_simulations/share/turtlebot3_simulations/local_setup.zsh
[0.087s] -- Up-to-date symlink: /home/autolab/ros2_ws/install/turtlebot3_simulations/share/turtlebot3_simulations/local_setup.dsv
[0.087s] -- Symlinking: /home/autolab/ros2_ws/install/turtlebot3_simulations/share/turtlebot3_simulations/package.dsv
[0.092s] -- Up-to-date symlink: /home/autolab/ros2_ws/install/turtlebot3_simulations/share/ament_index/resource_index/packages/turtlebot3_simulations
[0.092s] -- Up-to-date symlink: /home/autolab/ros2_ws/install/turtlebot3_simulations/share/turtlebot3_simulations/cmake/turtlebot3_simulationsConfig.cmake
[0.092s] -- Up-to-date symlink: /home/autolab/ros2_ws/install/turtlebot3_simulations/share/turtlebot3_simulations/cmake/turtlebot3_simulationsConfig-version.cmake
[0.092s] -- Up-to-date symlink: /home/autolab/ros2_ws/install/turtlebot3_simulations/share/turtlebot3_simulations/package.xml
[0.094s] Invoked command in '/home/autolab/ros2_ws/build/turtlebot3_simulations' returned '0': CMAKE_PREFIX_PATH=/home/autolab/ros2_ws/install/turtlebot3_gazebo:/home/autolab/ros2_ws/install/turtlebot3_fake_node:/home/autolab/ros2_ws/install/turtlebot3_simulations:/home/autolab/ros2_ws/install/my_robot_controller:/opt/ros/humble /usr/bin/cmake --install /home/autolab/ros2_ws/build/turtlebot3_simulations
