[0.720s] Invoking command in '/home/autolab/ros2_ws/build/my_robot_controller': PYTHONPATH=/home/autolab/ros2_ws/build/my_robot_controller/prefix_override:/home/autolab/ros2_ws/install/my_robot_controller/lib/python3.10/site-packages:${PYTHONPATH} /usr/bin/python3 setup.py develop --editable --build-directory /home/autolab/ros2_ws/build/my_robot_controller/build --no-deps install_data
[0.960s] running develop
[1.081s] running egg_info
[1.081s] writing my_robot_controller.egg-info/PKG-INFO
[1.082s] writing dependency_links to my_robot_controller.egg-info/dependency_links.txt
[1.082s] writing entry points to my_robot_controller.egg-info/entry_points.txt
[1.082s] writing requirements to my_robot_controller.egg-info/requires.txt
[1.082s] writing top-level names to my_robot_controller.egg-info/top_level.txt
[1.083s] reading manifest file 'my_robot_controller.egg-info/SOURCES.txt'
[1.091s] writing manifest file 'my_robot_controller.egg-info/SOURCES.txt'
[1.093s] running build_ext
[1.093s] Creating /home/autolab/ros2_ws/install/my_robot_controller/lib/python3.10/site-packages/my-robot-controller.egg-link (link to .)
[1.093s] Installing car_nav script to /home/autolab/ros2_ws/install/my_robot_controller/lib/my_robot_controller
[1.094s] Installing draw_circle script to /home/autolab/ros2_ws/install/my_robot_controller/lib/my_robot_controller
[1.094s] Installing mapping script to /home/autolab/ros2_ws/install/my_robot_controller/lib/my_robot_controller
[1.094s] Installing navigation script to /home/autolab/ros2_ws/install/my_robot_controller/lib/my_robot_controller
[1.094s] Installing test_node script to /home/autolab/ros2_ws/install/my_robot_controller/lib/my_robot_controller
[1.094s] 
[1.094s] Installed /home/autolab/ros2_ws/build/my_robot_controller
[1.094s] running install_data
[1.112s] Invoked command in '/home/autolab/ros2_ws/build/my_robot_controller' returned '0': PYTHONPATH=/home/autolab/ros2_ws/build/my_robot_controller/prefix_override:/home/autolab/ros2_ws/install/my_robot_controller/lib/python3.10/site-packages:${PYTHONPATH} /usr/bin/python3 setup.py develop --editable --build-directory /home/autolab/ros2_ws/build/my_robot_controller/build --no-deps install_data
