[0.434s] Invoking command in '/home/autolab/ros2_ws/src/build/turtlebot3_gazebo': CMAKE_PREFIX_PATH=${CMAKE_PREFIX_PATH}:/home/autolab/ros2_ws/install/turtlebot3_teleop:/home/autolab/ros2_ws/install/turtlebot3_example:/home/autolab/ros2_ws/install/my_robot_controller:/opt/ros/humble /usr/bin/cmake /home/autolab/ros2_ws/src/turtlebot3_simulations/turtlebot3_gazebo -DAMENT_CMAKE_SYMLINK_INSTALL=1 -DCMAKE_INSTALL_PREFIX=/home/autolab/ros2_ws/src/install/turtlebot3_gazebo
[0.684s] -- The C compiler identification is GNU 11.4.0
[0.684s] -- The CXX compiler identification is GNU 11.4.0
[0.684s] -- Detecting C compiler ABI info
[0.684s] -- Detecting C compiler ABI info - done
[0.684s] -- Check for working C compiler: /usr/bin/cc - skipped
[0.684s] -- Detecting C compile features
[0.684s] -- Detecting C compile features - done
[0.684s] -- Detecting CXX compiler ABI info
[0.684s] -- Detecting CXX compiler ABI info - done
[0.684s] -- Check for working CXX compiler: /usr/bin/c++ - skipped
[0.684s] -- Detecting CXX compile features
[0.684s] -- Detecting CXX compile features - done
[0.684s] -- Found ament_cmake: 1.3.8 (/opt/ros/humble/share/ament_cmake/cmake)
[0.730s] -- Found Python3: /usr/bin/python3 (found version "3.10.12") found components: Interpreter 
[0.774s] -- Override CMake install command with custom implementation using symlinks instead of copying resources
[0.806s] [33mCMake Warning (dev) at /usr/share/cmake-3.22/Modules/FindPackageHandleStandardArgs.cmake:438 (message):
[0.806s]   The package name passed to `find_package_handle_standard_args` (PkgConfig)
[0.806s]   does not match the name of the calling package (gazebo).  This can lead to
[0.806s]   problems in calling code that expects `find_package` result variables
[0.806s]   (e.g., `_FOUND`) to follow a certain pattern.
[0.806s] Call Stack (most recent call first):
[0.806s]   /usr/share/cmake-3.22/Modules/FindPkgConfig.cmake:99 (find_package_handle_standard_args)
[0.806s]   /usr/lib/x86_64-linux-gnu/cmake/gazebo/gazebo-config.cmake:72 (include)
[0.806s]   CMakeLists.txt:23 (find_package)
[0.806s] This warning is for project developers.  Use -Wno-dev to suppress it.
[0.807s] [0m
[0.807s] -- Found PkgConfig: /usr/bin/pkg-config (found version "0.29.2") 
[0.809s] -- Checking for module 'bullet>=2.82'
[0.818s] --   Found bullet, version 3.05
[0.885s] -- Found fcl: /usr/include (found suitable version "0.7.0", minimum required is "0.5.0") 
[0.915s] -- Found assimp: /usr/include (found version "5.2.0") 
[0.938s] -- Found DART: /usr/include (Required is at least version "6.6") found components: dart 
[1.061s] -- Found Boost: /usr/lib/x86_64-linux-gnu/cmake/Boost-1.74.0/BoostConfig.cmake (found suitable version "1.74.0", minimum required is "1.40.0") found components: thread system filesystem program_options regex iostreams date_time 
[1.078s] -- Found Protobuf: /usr/lib/x86_64-linux-gnu/libprotobuf.so (found version "3.12.4") 
[1.083s] -- Looking for ignition-math6 -- found version 6.15.1
[1.090s] -- Searching for dependencies of ignition-math6
[1.092s] -- Looking for OGRE...
[1.093s] -- OGRE_PREFIX_WATCH changed.
[1.097s] -- Checking for module 'OGRE'
[1.108s] --   Found OGRE, version 1.9.0
[1.130s] -- Found Ogre Ghadamon (1.9.0)
[1.142s] -- Found OGRE: optimized;/usr/lib/x86_64-linux-gnu/libOgreMain.so;debug;/usr/lib/x86_64-linux-gnu/libOgreMain.so
[1.152s] -- Looking for OGRE_Paging...
[1.157s] -- Found OGRE_Paging: optimized;/usr/lib/x86_64-linux-gnu/libOgrePaging.so;debug;/usr/lib/x86_64-linux-gnu/libOgrePaging.so
[1.157s] -- Looking for OGRE_Terrain...
[1.161s] -- Found OGRE_Terrain: optimized;/usr/lib/x86_64-linux-gnu/libOgreTerrain.so;debug;/usr/lib/x86_64-linux-gnu/libOgreTerrain.so
[1.162s] -- Looking for OGRE_Property...
[1.165s] -- Found OGRE_Property: optimized;/usr/lib/x86_64-linux-gnu/libOgreProperty.so;debug;/usr/lib/x86_64-linux-gnu/libOgreProperty.so
[1.165s] -- Looking for OGRE_RTShaderSystem...
[1.169s] -- Found OGRE_RTShaderSystem: optimized;/usr/lib/x86_64-linux-gnu/libOgreRTShaderSystem.so;debug;/usr/lib/x86_64-linux-gnu/libOgreRTShaderSystem.so
[1.170s] -- Looking for OGRE_Volume...
[1.175s] -- Found OGRE_Volume: optimized;/usr/lib/x86_64-linux-gnu/libOgreVolume.so;debug;/usr/lib/x86_64-linux-gnu/libOgreVolume.so
[1.175s] -- Looking for OGRE_Overlay...
[1.181s] -- Found OGRE_Overlay: optimized;/usr/lib/x86_64-linux-gnu/libOgreOverlay.so;debug;/usr/lib/x86_64-linux-gnu/libOgreOverlay.so
[1.265s] -- Looking for ignition-math6 -- found version 6.15.1
[1.268s] -- Looking for ignition-transport8 -- found version 8.2.1
[1.268s] -- Searching for dependencies of ignition-transport8
[1.281s] -- Found Protobuf: /usr/lib/x86_64-linux-gnu/libprotobuf.so (found suitable version "3.12.4", minimum required is "3") 
[1.289s] -- Config-file not installed for ZeroMQ -- checking for pkg-config
[1.293s] -- Checking for module 'libzmq >= 4'
[1.302s] --   Found libzmq , version 4.3.4
[1.324s] -- Found ZeroMQ: TRUE (Required is at least version "4") 
[1.327s] -- Checking for module 'uuid'
[1.337s] --   Found uuid, version 2.37.2
[1.358s] -- Found UUID: TRUE  
[1.361s] -- Looking for ignition-msgs5 -- found version 5.8.1
[1.361s] -- Searching for dependencies of ignition-msgs5
[1.376s] -- Looking for ignition-math6 -- found version 6.15.1
[1.378s] -- Checking for module 'tinyxml2'
[1.387s] --   Found tinyxml2, version 9.0.0
[1.407s] -- Looking for ignition-msgs5 -- found version 5.8.1
[1.411s] -- Looking for ignition-common3 -- found version 3.14.0
[1.411s] -- Searching for dependencies of ignition-common3
[1.412s] -- Looking for dlfcn.h - found
[1.413s] -- Looking for libdl - found
[1.414s] -- Found DL: TRUE  
[1.424s] -- Found tinyobjloader: /usr/lib/x86_64-linux-gnu/cmake/tinyobjloader/tinyobjloader-config.cmake (found version "2.0.0") 
[1.424s] -- Searching for <ignition-common3> component [graphics]
[1.427s] -- Looking for ignition-common3-graphics -- found version 3.14.0
[1.427s] -- Searching for dependencies of ignition-common3-graphics
[1.427s] -- Looking for ignition-math6 -- found version 6.15.1
[1.430s] -- Looking for ignition-fuel_tools4 -- found version 4.4.0
[1.430s] -- Searching for dependencies of ignition-fuel_tools4
[1.485s] -- Found CURL: /usr/lib/x86_64-linux-gnu/libcurl.so (found version "7.81.0")  
[1.494s] -- Checking for module 'jsoncpp'
[1.503s] --   Found jsoncpp, version 1.9.5
[1.557s] -- Found JSONCPP: TRUE  
[1.564s] -- Checking for module 'libzip'
[1.578s] --   Found libzip, version 1.7.3
[1.613s] -- Found ZIP: TRUE  
[1.613s] -- Looking for ignition-common3 -- found version 3.14.0
[1.613s] -- Looking for ignition-math6 -- found version 6.15.1
[1.614s] -- Looking for ignition-msgs5 -- found version 5.8.1
[1.625s] -- Found gazebo_ros_pkgs: 3.7.0 (/opt/ros/humble/share/gazebo_ros_pkgs/cmake)
[1.627s] -- Found geometry_msgs: 4.2.3 (/opt/ros/humble/share/geometry_msgs/cmake)
[1.680s] -- Found rosidl_generator_c: 3.1.5 (/opt/ros/humble/share/rosidl_generator_c/cmake)
[1.684s] -- Found rosidl_adapter: 3.1.5 (/opt/ros/humble/share/rosidl_adapter/cmake)
[1.692s] -- Found rosidl_generator_cpp: 3.1.5 (/opt/ros/humble/share/rosidl_generator_cpp/cmake)
[1.704s] -- Using all available rosidl_typesupport_c: rosidl_typesupport_fastrtps_c;rosidl_typesupport_introspection_c
[1.728s] -- Using all available rosidl_typesupport_cpp: rosidl_typesupport_fastrtps_cpp;rosidl_typesupport_introspection_cpp
[1.809s] -- Found nav_msgs: 4.2.3 (/opt/ros/humble/share/nav_msgs/cmake)
[1.869s] -- Found rclcpp: 16.0.8 (/opt/ros/humble/share/rclcpp/cmake)
[1.919s] -- Found rmw_implementation_cmake: 6.1.1 (/opt/ros/humble/share/rmw_implementation_cmake/cmake)
[1.922s] -- Found rmw_cyclonedds_cpp: 1.3.4 (/opt/ros/humble/share/rmw_cyclonedds_cpp/cmake)
[1.952s] -- Using RMW implementation 'rmw_cyclonedds_cpp' as default
[1.960s] -- Found Threads: TRUE  
[2.049s] -- Found sensor_msgs: 4.2.3 (/opt/ros/humble/share/sensor_msgs/cmake)
[2.115s] -- Found tf2: 0.25.6 (/opt/ros/humble/share/tf2/cmake)
[2.186s] -- Configuring done
[2.222s] -- Generating done
[2.224s] -- Build files have been written to: /home/autolab/ros2_ws/src/build/turtlebot3_gazebo
[2.247s] Invoked command in '/home/autolab/ros2_ws/src/build/turtlebot3_gazebo' returned '0': CMAKE_PREFIX_PATH=${CMAKE_PREFIX_PATH}:/home/autolab/ros2_ws/install/turtlebot3_teleop:/home/autolab/ros2_ws/install/turtlebot3_example:/home/autolab/ros2_ws/install/my_robot_controller:/opt/ros/humble /usr/bin/cmake /home/autolab/ros2_ws/src/turtlebot3_simulations/turtlebot3_gazebo -DAMENT_CMAKE_SYMLINK_INSTALL=1 -DCMAKE_INSTALL_PREFIX=/home/autolab/ros2_ws/src/install/turtlebot3_gazebo
[2.249s] Invoking command in '/home/autolab/ros2_ws/src/build/turtlebot3_gazebo': CMAKE_PREFIX_PATH=${CMAKE_PREFIX_PATH}:/home/autolab/ros2_ws/install/turtlebot3_teleop:/home/autolab/ros2_ws/install/turtlebot3_example:/home/autolab/ros2_ws/install/my_robot_controller:/opt/ros/humble /usr/bin/cmake --build /home/autolab/ros2_ws/src/build/turtlebot3_gazebo -- -j20 -l20
[2.303s] [ 12%] [32mBuilding CXX object CMakeFiles/obstacle1.dir/models/turtlebot3_dqn_world/obstacle_plugin/obstacle1.cc.o[0m
[2.304s] [ 25%] [32mBuilding CXX object CMakeFiles/obstacle2.dir/models/turtlebot3_dqn_world/obstacle_plugin/obstacle2.cc.o[0m
[2.305s] [ 37%] [32mBuilding CXX object CMakeFiles/turtlebot3_drive.dir/src/turtlebot3_drive.cpp.o[0m
[2.305s] [ 50%] [32mBuilding CXX object CMakeFiles/obstacles.dir/models/turtlebot3_dqn_world/obstacle_plugin/obstacles.cc.o[0m
[11.297s] [ 62%] [32m[1mLinking CXX shared library libobstacle1.so[0m
[11.314s] [ 75%] [32m[1mLinking CXX executable turtlebot3_drive[0m
[11.330s] [ 87%] [32m[1mLinking CXX shared library libobstacles.so[0m
[11.415s] [100%] [32m[1mLinking CXX shared library libobstacle2.so[0m
[11.462s] [100%] Built target obstacle1
[11.498s] [100%] Built target obstacles
[11.571s] [100%] Built target obstacle2
[11.706s] [100%] Built target turtlebot3_drive
[11.718s] Invoked command in '/home/autolab/ros2_ws/src/build/turtlebot3_gazebo' returned '0': CMAKE_PREFIX_PATH=${CMAKE_PREFIX_PATH}:/home/autolab/ros2_ws/install/turtlebot3_teleop:/home/autolab/ros2_ws/install/turtlebot3_example:/home/autolab/ros2_ws/install/my_robot_controller:/opt/ros/humble /usr/bin/cmake --build /home/autolab/ros2_ws/src/build/turtlebot3_gazebo -- -j20 -l20
[11.740s] Invoking command in '/home/autolab/ros2_ws/src/build/turtlebot3_gazebo': CMAKE_PREFIX_PATH=${CMAKE_PREFIX_PATH}:/home/autolab/ros2_ws/install/turtlebot3_teleop:/home/autolab/ros2_ws/install/turtlebot3_example:/home/autolab/ros2_ws/install/my_robot_controller:/opt/ros/humble /usr/bin/cmake --install /home/autolab/ros2_ws/src/build/turtlebot3_gazebo
[11.745s] -- Install configuration: ""
[11.745s] -- Execute custom install script
[11.746s] -- Symlinking: /home/autolab/ros2_ws/src/install/turtlebot3_gazebo/lib/turtlebot3_gazebo/turtlebot3_drive
[11.752s] -- Symlinking: /home/autolab/ros2_ws/src/install/turtlebot3_gazebo/share/turtlebot3_gazebo//launch/empty_world.launch.py
[11.758s] -- Symlinking: /home/autolab/ros2_ws/src/install/turtlebot3_gazebo/share/turtlebot3_gazebo//launch/robot_state_publisher.launch.py
[11.763s] -- Symlinking: /home/autolab/ros2_ws/src/install/turtlebot3_gazebo/share/turtlebot3_gazebo//launch/spawn_turtlebot3.launch.py
[11.770s] -- Symlinking: /home/autolab/ros2_ws/src/install/turtlebot3_gazebo/share/turtlebot3_gazebo//launch/turtlebot3_dqn_stage1.launch.py
[11.775s] -- Symlinking: /home/autolab/ros2_ws/src/install/turtlebot3_gazebo/share/turtlebot3_gazebo//launch/turtlebot3_dqn_stage2.launch.py
[11.782s] -- Symlinking: /home/autolab/ros2_ws/src/install/turtlebot3_gazebo/share/turtlebot3_gazebo//launch/turtlebot3_dqn_stage3.launch.py
[11.787s] -- Symlinking: /home/autolab/ros2_ws/src/install/turtlebot3_gazebo/share/turtlebot3_gazebo//launch/turtlebot3_dqn_stage4.launch.py
[11.793s] -- Symlinking: /home/autolab/ros2_ws/src/install/turtlebot3_gazebo/share/turtlebot3_gazebo//launch/turtlebot3_house.launch.py
[11.799s] -- Symlinking: /home/autolab/ros2_ws/src/install/turtlebot3_gazebo/share/turtlebot3_gazebo//launch/turtlebot3_world.launch.py
[11.804s] -- Symlinking: /home/autolab/ros2_ws/src/install/turtlebot3_gazebo/share/turtlebot3_gazebo//models/turtlebot3_burger/model-1_4.sdf
[11.810s] -- Symlinking: /home/autolab/ros2_ws/src/install/turtlebot3_gazebo/share/turtlebot3_gazebo//models/turtlebot3_burger/model.config
[11.816s] -- Symlinking: /home/autolab/ros2_ws/src/install/turtlebot3_gazebo/share/turtlebot3_gazebo//models/turtlebot3_burger/model.sdf
[11.822s] -- Symlinking: /home/autolab/ros2_ws/src/install/turtlebot3_gazebo/share/turtlebot3_gazebo//models/turtlebot3_common/meshes/burger_base.dae
[11.828s] -- Symlinking: /home/autolab/ros2_ws/src/install/turtlebot3_gazebo/share/turtlebot3_gazebo//models/turtlebot3_common/meshes/lds.dae
[11.834s] -- Symlinking: /home/autolab/ros2_ws/src/install/turtlebot3_gazebo/share/turtlebot3_gazebo//models/turtlebot3_common/meshes/r200.dae
[11.839s] -- Symlinking: /home/autolab/ros2_ws/src/install/turtlebot3_gazebo/share/turtlebot3_gazebo//models/turtlebot3_common/meshes/tire.dae
[11.845s] -- Symlinking: /home/autolab/ros2_ws/src/install/turtlebot3_gazebo/share/turtlebot3_gazebo//models/turtlebot3_common/meshes/waffle_base.dae
[11.850s] -- Symlinking: /home/autolab/ros2_ws/src/install/turtlebot3_gazebo/share/turtlebot3_gazebo//models/turtlebot3_common/meshes/waffle_pi_base.dae
[11.855s] -- Symlinking: /home/autolab/ros2_ws/src/install/turtlebot3_gazebo/share/turtlebot3_gazebo//models/turtlebot3_common/model.config
[11.861s] -- Symlinking: /home/autolab/ros2_ws/src/install/turtlebot3_gazebo/share/turtlebot3_gazebo//models/turtlebot3_dqn_world/goal_box/model.config
[11.866s] -- Symlinking: /home/autolab/ros2_ws/src/install/turtlebot3_gazebo/share/turtlebot3_gazebo//models/turtlebot3_dqn_world/goal_box/model.sdf
[11.872s] -- Symlinking: /home/autolab/ros2_ws/src/install/turtlebot3_gazebo/share/turtlebot3_gazebo//models/turtlebot3_dqn_world/inner_walls/model.config
[11.877s] -- Symlinking: /home/autolab/ros2_ws/src/install/turtlebot3_gazebo/share/turtlebot3_gazebo//models/turtlebot3_dqn_world/inner_walls/model.sdf
[11.883s] -- Symlinking: /home/autolab/ros2_ws/src/install/turtlebot3_gazebo/share/turtlebot3_gazebo//models/turtlebot3_dqn_world/model.config
[11.888s] -- Symlinking: /home/autolab/ros2_ws/src/install/turtlebot3_gazebo/share/turtlebot3_gazebo//models/turtlebot3_dqn_world/model.sdf
[11.894s] -- Symlinking: /home/autolab/ros2_ws/src/install/turtlebot3_gazebo/share/turtlebot3_gazebo//models/turtlebot3_dqn_world/obstacle1/model.config
[11.901s] -- Symlinking: /home/autolab/ros2_ws/src/install/turtlebot3_gazebo/share/turtlebot3_gazebo//models/turtlebot3_dqn_world/obstacle1/model.sdf
[11.907s] -- Symlinking: /home/autolab/ros2_ws/src/install/turtlebot3_gazebo/share/turtlebot3_gazebo//models/turtlebot3_dqn_world/obstacle2/model.config
[11.913s] -- Symlinking: /home/autolab/ros2_ws/src/install/turtlebot3_gazebo/share/turtlebot3_gazebo//models/turtlebot3_dqn_world/obstacle2/model.sdf
[11.919s] -- Symlinking: /home/autolab/ros2_ws/src/install/turtlebot3_gazebo/share/turtlebot3_gazebo//models/turtlebot3_dqn_world/obstacle_plugin/CMakeLists.txt
[11.925s] -- Symlinking: /home/autolab/ros2_ws/src/install/turtlebot3_gazebo/share/turtlebot3_gazebo//models/turtlebot3_dqn_world/obstacle_plugin/obstacle1.cc
[11.931s] -- Symlinking: /home/autolab/ros2_ws/src/install/turtlebot3_gazebo/share/turtlebot3_gazebo//models/turtlebot3_dqn_world/obstacle_plugin/obstacle2.cc
[11.937s] -- Symlinking: /home/autolab/ros2_ws/src/install/turtlebot3_gazebo/share/turtlebot3_gazebo//models/turtlebot3_dqn_world/obstacle_plugin/obstacles.cc
[11.942s] -- Symlinking: /home/autolab/ros2_ws/src/install/turtlebot3_gazebo/share/turtlebot3_gazebo//models/turtlebot3_dqn_world/obstacles/model.config
[11.948s] -- Symlinking: /home/autolab/ros2_ws/src/install/turtlebot3_gazebo/share/turtlebot3_gazebo//models/turtlebot3_dqn_world/obstacles/model.sdf
[11.954s] -- Symlinking: /home/autolab/ros2_ws/src/install/turtlebot3_gazebo/share/turtlebot3_gazebo//models/turtlebot3_house/model.config
[11.960s] -- Symlinking: /home/autolab/ros2_ws/src/install/turtlebot3_gazebo/share/turtlebot3_gazebo//models/turtlebot3_house/model.sdf
[11.966s] -- Symlinking: /home/autolab/ros2_ws/src/install/turtlebot3_gazebo/share/turtlebot3_gazebo//models/turtlebot3_waffle/model-1_4.sdf
[11.971s] -- Symlinking: /home/autolab/ros2_ws/src/install/turtlebot3_gazebo/share/turtlebot3_gazebo//models/turtlebot3_waffle/model.config
[11.977s] -- Symlinking: /home/autolab/ros2_ws/src/install/turtlebot3_gazebo/share/turtlebot3_gazebo//models/turtlebot3_waffle/model.sdf
[11.983s] -- Symlinking: /home/autolab/ros2_ws/src/install/turtlebot3_gazebo/share/turtlebot3_gazebo//models/turtlebot3_waffle_pi/model-1_4_.sdf
[11.988s] -- Symlinking: /home/autolab/ros2_ws/src/install/turtlebot3_gazebo/share/turtlebot3_gazebo//models/turtlebot3_waffle_pi/model.config
[11.994s] -- Symlinking: /home/autolab/ros2_ws/src/install/turtlebot3_gazebo/share/turtlebot3_gazebo//models/turtlebot3_waffle_pi/model.sdf
[11.999s] -- Symlinking: /home/autolab/ros2_ws/src/install/turtlebot3_gazebo/share/turtlebot3_gazebo//models/turtlebot3_world/meshes/hexagon.dae
[12.005s] -- Symlinking: /home/autolab/ros2_ws/src/install/turtlebot3_gazebo/share/turtlebot3_gazebo//models/turtlebot3_world/meshes/wall.dae
[12.011s] -- Symlinking: /home/autolab/ros2_ws/src/install/turtlebot3_gazebo/share/turtlebot3_gazebo//models/turtlebot3_world/model-1_4.sdf
[12.016s] -- Symlinking: /home/autolab/ros2_ws/src/install/turtlebot3_gazebo/share/turtlebot3_gazebo//models/turtlebot3_world/model.config
[12.022s] -- Symlinking: /home/autolab/ros2_ws/src/install/turtlebot3_gazebo/share/turtlebot3_gazebo//models/turtlebot3_world/model.sdf
[12.028s] -- Symlinking: /home/autolab/ros2_ws/src/install/turtlebot3_gazebo/share/turtlebot3_gazebo//rviz/tb3_gazebo.rviz
[12.034s] -- Symlinking: /home/autolab/ros2_ws/src/install/turtlebot3_gazebo/share/turtlebot3_gazebo//urdf/common_properties.urdf
[12.039s] -- Symlinking: /home/autolab/ros2_ws/src/install/turtlebot3_gazebo/share/turtlebot3_gazebo//urdf/turtlebot3_burger.urdf
[12.045s] -- Symlinking: /home/autolab/ros2_ws/src/install/turtlebot3_gazebo/share/turtlebot3_gazebo//urdf/turtlebot3_waffle.urdf
[12.050s] -- Symlinking: /home/autolab/ros2_ws/src/install/turtlebot3_gazebo/share/turtlebot3_gazebo//urdf/turtlebot3_waffle_pi.urdf
[12.056s] -- Symlinking: /home/autolab/ros2_ws/src/install/turtlebot3_gazebo/share/turtlebot3_gazebo//worlds/empty_world.world
[12.061s] -- Symlinking: /home/autolab/ros2_ws/src/install/turtlebot3_gazebo/share/turtlebot3_gazebo//worlds/first.world
[12.066s] -- Symlinking: /home/autolab/ros2_ws/src/install/turtlebot3_gazebo/share/turtlebot3_gazebo//worlds/turtlebot3_dqn_stage1.world
[12.072s] -- Symlinking: /home/autolab/ros2_ws/src/install/turtlebot3_gazebo/share/turtlebot3_gazebo//worlds/turtlebot3_dqn_stage2.world
[12.077s] -- Symlinking: /home/autolab/ros2_ws/src/install/turtlebot3_gazebo/share/turtlebot3_gazebo//worlds/turtlebot3_dqn_stage3.world
[12.083s] -- Symlinking: /home/autolab/ros2_ws/src/install/turtlebot3_gazebo/share/turtlebot3_gazebo//worlds/turtlebot3_dqn_stage4.world
[12.088s] -- Symlinking: /home/autolab/ros2_ws/src/install/turtlebot3_gazebo/share/turtlebot3_gazebo//worlds/turtlebot3_house.world
[12.093s] -- Symlinking: /home/autolab/ros2_ws/src/install/turtlebot3_gazebo/share/turtlebot3_gazebo//worlds/turtlebot3_world.world
[12.099s] -- Symlinking: /home/autolab/ros2_ws/src/install/turtlebot3_gazebo/include//turtlebot3_gazebo/turtlebot3_drive.hpp
[12.104s] -- Symlinking: /home/autolab/ros2_ws/src/install/turtlebot3_gazebo/share/ament_index/resource_index/package_run_dependencies/turtlebot3_gazebo
[12.110s] -- Symlinking: /home/autolab/ros2_ws/src/install/turtlebot3_gazebo/share/ament_index/resource_index/parent_prefix_path/turtlebot3_gazebo
[12.116s] -- Symlinking: /home/autolab/ros2_ws/src/install/turtlebot3_gazebo/share/turtlebot3_gazebo/environment/ament_prefix_path.sh
[12.122s] -- Symlinking: /home/autolab/ros2_ws/src/install/turtlebot3_gazebo/share/turtlebot3_gazebo/environment/ament_prefix_path.dsv
[12.129s] -- Symlinking: /home/autolab/ros2_ws/src/install/turtlebot3_gazebo/share/turtlebot3_gazebo/environment/path.sh
[12.134s] -- Symlinking: /home/autolab/ros2_ws/src/install/turtlebot3_gazebo/share/turtlebot3_gazebo/environment/path.dsv
[12.140s] -- Symlinking: /home/autolab/ros2_ws/src/install/turtlebot3_gazebo/share/turtlebot3_gazebo/local_setup.bash
[12.146s] -- Symlinking: /home/autolab/ros2_ws/src/install/turtlebot3_gazebo/share/turtlebot3_gazebo/local_setup.sh
[12.152s] -- Symlinking: /home/autolab/ros2_ws/src/install/turtlebot3_gazebo/share/turtlebot3_gazebo/local_setup.zsh
[12.157s] -- Symlinking: /home/autolab/ros2_ws/src/install/turtlebot3_gazebo/share/turtlebot3_gazebo/local_setup.dsv
[12.163s] -- Symlinking: /home/autolab/ros2_ws/src/install/turtlebot3_gazebo/share/turtlebot3_gazebo/package.dsv
[12.169s] -- Symlinking: /home/autolab/ros2_ws/src/install/turtlebot3_gazebo/share/ament_index/resource_index/packages/turtlebot3_gazebo
[12.176s] -- Symlinking: /home/autolab/ros2_ws/src/install/turtlebot3_gazebo/share/turtlebot3_gazebo/cmake/ament_cmake_export_include_directories-extras.cmake
[12.181s] -- Symlinking: /home/autolab/ros2_ws/src/install/turtlebot3_gazebo/share/turtlebot3_gazebo/cmake/ament_cmake_export_dependencies-extras.cmake
[12.188s] -- Symlinking: /home/autolab/ros2_ws/src/install/turtlebot3_gazebo/share/turtlebot3_gazebo/cmake/turtlebot3_gazeboConfig.cmake
[12.194s] -- Symlinking: /home/autolab/ros2_ws/src/install/turtlebot3_gazebo/share/turtlebot3_gazebo/cmake/turtlebot3_gazeboConfig-version.cmake
[12.199s] -- Symlinking: /home/autolab/ros2_ws/src/install/turtlebot3_gazebo/share/turtlebot3_gazebo/package.xml
[12.206s] Invoked command in '/home/autolab/ros2_ws/src/build/turtlebot3_gazebo' returned '0': CMAKE_PREFIX_PATH=${CMAKE_PREFIX_PATH}:/home/autolab/ros2_ws/install/turtlebot3_teleop:/home/autolab/ros2_ws/install/turtlebot3_example:/home/autolab/ros2_ws/install/my_robot_controller:/opt/ros/humble /usr/bin/cmake --install /home/autolab/ros2_ws/src/build/turtlebot3_gazebo
