[1.133s] Invoking command in '/home/autolab/ros2_ws/build/turtlebot3_teleop': PYTHONPATH=/home/autolab/ros2_ws/build/turtlebot3_teleop/prefix_override:/home/autolab/ros2_ws/install/turtlebot3_teleop/lib/python3.10/site-packages:${PYTHONPATH} /usr/bin/python3 setup.py develop --editable --build-directory /home/autolab/ros2_ws/build/turtlebot3_teleop/build --no-deps install_data
[1.308s] running develop
[1.414s] running egg_info
[1.414s] creating turtlebot3_teleop.egg-info
[1.414s] writing turtlebot3_teleop.egg-info/PKG-INFO
[1.414s] writing dependency_links to turtlebot3_teleop.egg-info/dependency_links.txt
[1.414s] writing entry points to turtlebot3_teleop.egg-info/entry_points.txt
[1.414s] writing requirements to turtlebot3_teleop.egg-info/requires.txt
[1.414s] writing top-level names to turtlebot3_teleop.egg-info/top_level.txt
[1.414s] writing manifest file 'turtlebot3_teleop.egg-info/SOURCES.txt'
[1.416s] reading manifest file 'turtlebot3_teleop.egg-info/SOURCES.txt'
[1.416s] writing manifest file 'turtlebot3_teleop.egg-info/SOURCES.txt'
[1.417s] running build_ext
[1.417s] Creating /home/autolab/ros2_ws/install/turtlebot3_teleop/lib/python3.10/site-packages/turtlebot3-teleop.egg-link (link to .)
[1.417s] Installing teleop_keyboard script to /home/autolab/ros2_ws/install/turtlebot3_teleop/lib/turtlebot3_teleop
[1.417s] 
[1.417s] Installed /home/autolab/ros2_ws/build/turtlebot3_teleop
[1.417s] running install_data
[1.417s] creating /home/autolab/ros2_ws/install/turtlebot3_teleop/share/ament_index
[1.418s] creating /home/autolab/ros2_ws/install/turtlebot3_teleop/share/ament_index/resource_index
[1.418s] creating /home/autolab/ros2_ws/install/turtlebot3_teleop/share/ament_index/resource_index/packages
[1.418s] copying resource/turtlebot3_teleop -> /home/autolab/ros2_ws/install/turtlebot3_teleop/share/ament_index/resource_index/packages
[1.418s] copying package.xml -> /home/autolab/ros2_ws/install/turtlebot3_teleop/share/turtlebot3_teleop
[1.527s] Invoked command in '/home/autolab/ros2_ws/build/turtlebot3_teleop' returned '0': PYTHONPATH=/home/autolab/ros2_ws/build/turtlebot3_teleop/prefix_override:/home/autolab/ros2_ws/install/turtlebot3_teleop/lib/python3.10/site-packages:${PYTHONPATH} /usr/bin/python3 setup.py develop --editable --build-directory /home/autolab/ros2_ws/build/turtlebot3_teleop/build --no-deps install_data
