[1.164s] Invoking command in '/home/autolab/ros2_ws/build/my_robot_controller': PYTHONPATH=/home/autolab/ros2_ws/build/my_robot_controller/prefix_override:/home/autolab/ros2_ws/install/my_robot_controller/lib/python3.10/site-packages:${PYTHONPATH} /usr/bin/python3 setup.py develop --editable --build-directory /home/autolab/ros2_ws/build/my_robot_controller/build --no-deps install_data
[1.341s] running develop
[1.451s] running egg_info
[1.452s] writing my_robot_controller.egg-info/PKG-INFO
[1.452s] writing dependency_links to my_robot_controller.egg-info/dependency_links.txt
[1.452s] writing entry points to my_robot_controller.egg-info/entry_points.txt
[1.453s] writing requirements to my_robot_controller.egg-info/requires.txt
[1.454s] writing top-level names to my_robot_controller.egg-info/top_level.txt
[1.454s] reading manifest file 'my_robot_controller.egg-info/SOURCES.txt'
[1.454s] writing manifest file 'my_robot_controller.egg-info/SOURCES.txt'
[1.455s] running build_ext
[1.455s] Creating /home/autolab/ros2_ws/install/my_robot_controller/lib/python3.10/site-packages/my-robot-controller.egg-link (link to .)
[1.455s] Installing draw_circle script to /home/autolab/ros2_ws/install/my_robot_controller/lib/my_robot_controller
[1.455s] Installing mapping script to /home/autolab/ros2_ws/install/my_robot_controller/lib/my_robot_controller
[1.455s] Installing navigation script to /home/autolab/ros2_ws/install/my_robot_controller/lib/my_robot_controller
[1.455s] Installing test_node script to /home/autolab/ros2_ws/install/my_robot_controller/lib/my_robot_controller
[1.455s] 
[1.456s] Installed /home/autolab/ros2_ws/build/my_robot_controller
[1.456s] running install_data
[1.456s] error: can't copy 'launch/run_navigation_launch.py': doesn't exist or not a regular file
[1.486s] Invoked command in '/home/autolab/ros2_ws/build/my_robot_controller' returned '1': PYTHONPATH=/home/autolab/ros2_ws/build/my_robot_controller/prefix_override:/home/autolab/ros2_ws/install/my_robot_controller/lib/python3.10/site-packages:${PYTHONPATH} /usr/bin/python3 setup.py develop --editable --build-directory /home/autolab/ros2_ws/build/my_robot_controller/build --no-deps install_data
