[1.397s] Invoking command in '/home/autolab/ros2_ws/build/turtlebot3_example': PYTHONPATH=/home/autolab/ros2_ws/build/turtlebot3_example/prefix_override:/home/autolab/ros2_ws/install/turtlebot3_example/lib/python3.10/site-packages:${PYTHONPATH} /usr/bin/python3 setup.py develop --editable --build-directory /home/autolab/ros2_ws/build/turtlebot3_example/build --no-deps install_data
[1.574s] running develop
[1.689s] running egg_info
[1.689s] writing turtlebot3_example.egg-info/PKG-INFO
[1.689s] writing dependency_links to turtlebot3_example.egg-info/dependency_links.txt
[1.689s] writing entry points to turtlebot3_example.egg-info/entry_points.txt
[1.689s] writing requirements to turtlebot3_example.egg-info/requires.txt
[1.689s] writing top-level names to turtlebot3_example.egg-info/top_level.txt
[1.691s] reading manifest file 'turtlebot3_example.egg-info/SOURCES.txt'
[1.691s] writing manifest file 'turtlebot3_example.egg-info/SOURCES.txt'
[1.693s] running build_ext
[1.693s] Creating /home/autolab/ros2_ws/install/turtlebot3_example/lib/python3.10/site-packages/turtlebot3-example.egg-link (link to .)
[1.694s] Installing turtlebot3_obstacle_detection script to /home/autolab/ros2_ws/install/turtlebot3_example/lib/turtlebot3_example
[1.694s] Installing turtlebot3_patrol_client script to /home/autolab/ros2_ws/install/turtlebot3_example/lib/turtlebot3_example
[1.694s] Installing turtlebot3_patrol_server script to /home/autolab/ros2_ws/install/turtlebot3_example/lib/turtlebot3_example
[1.694s] Installing turtlebot3_position_control script to /home/autolab/ros2_ws/install/turtlebot3_example/lib/turtlebot3_example
[1.694s] 
[1.694s] Installed /home/autolab/ros2_ws/build/turtlebot3_example
[1.694s] running install_data
[1.747s] Invoked command in '/home/autolab/ros2_ws/build/turtlebot3_example' returned '0': PYTHONPATH=/home/autolab/ros2_ws/build/turtlebot3_example/prefix_override:/home/autolab/ros2_ws/install/turtlebot3_example/lib/python3.10/site-packages:${PYTHONPATH} /usr/bin/python3 setup.py develop --editable --build-directory /home/autolab/ros2_ws/build/turtlebot3_example/build --no-deps install_data
