[0.363s] Invoking command in '/home/autolab/ros2_ws/build/turtlebot3_navigation2': CMAKE_PREFIX_PATH=${CMAKE_PREFIX_PATH}:/home/autolab/ros2_ws/install/turtlebot3_teleop:/home/autolab/ros2_ws/install/turtlebot3_example:/home/autolab/ros2_ws/install/my_robot_controller:/opt/ros/humble /usr/bin/cmake --build /home/autolab/ros2_ws/build/turtlebot3_navigation2 -- -j20 -l20
[0.812s] Invoked command in '/home/autolab/ros2_ws/build/turtlebot3_navigation2' returned '0': CMAKE_PREFIX_PATH=${CMAKE_PREFIX_PATH}:/home/autolab/ros2_ws/install/turtlebot3_teleop:/home/autolab/ros2_ws/install/turtlebot3_example:/home/autolab/ros2_ws/install/my_robot_controller:/opt/ros/humble /usr/bin/cmake --build /home/autolab/ros2_ws/build/turtlebot3_navigation2 -- -j20 -l20
[0.832s] Invoking command in '/home/autolab/ros2_ws/build/turtlebot3_navigation2': CMAKE_PREFIX_PATH=${CMAKE_PREFIX_PATH}:/home/autolab/ros2_ws/install/turtlebot3_teleop:/home/autolab/ros2_ws/install/turtlebot3_example:/home/autolab/ros2_ws/install/my_robot_controller:/opt/ros/humble /usr/bin/cmake --install /home/autolab/ros2_ws/build/turtlebot3_navigation2
[0.837s] -- Install configuration: ""
[0.838s] -- Execute custom install script
[0.839s] -- Up-to-date symlink: /home/autolab/ros2_ws/install/turtlebot3_navigation2/share/turtlebot3_navigation2/launch/navigation2.launch.py
[0.839s] -- Up-to-date symlink: /home/autolab/ros2_ws/install/turtlebot3_navigation2/share/turtlebot3_navigation2/map/~map.pgm
[0.839s] -- Up-to-date symlink: /home/autolab/ros2_ws/install/turtlebot3_navigation2/share/turtlebot3_navigation2/map/~map.yaml
[0.839s] -- Up-to-date symlink: /home/autolab/ros2_ws/install/turtlebot3_navigation2/share/turtlebot3_navigation2/map/~task1.pgm
[0.839s] -- Up-to-date symlink: /home/autolab/ros2_ws/install/turtlebot3_navigation2/share/turtlebot3_navigation2/map/~task1.yaml
[0.839s] -- Up-to-date symlink: /home/autolab/ros2_ws/install/turtlebot3_navigation2/share/turtlebot3_navigation2/param/burger.yaml
[0.840s] -- Up-to-date symlink: /home/autolab/ros2_ws/install/turtlebot3_navigation2/share/turtlebot3_navigation2/param/waffle.yaml
[0.840s] -- Up-to-date symlink: /home/autolab/ros2_ws/install/turtlebot3_navigation2/share/turtlebot3_navigation2/param/waffle_pi.yaml
[0.841s] -- Up-to-date symlink: /home/autolab/ros2_ws/install/turtlebot3_navigation2/share/turtlebot3_navigation2/rviz/tb3_navigation2.rviz
[0.842s] -- Up-to-date symlink: /home/autolab/ros2_ws/install/turtlebot3_navigation2/share/ament_index/resource_index/package_run_dependencies/turtlebot3_navigation2
[0.842s] -- Up-to-date symlink: /home/autolab/ros2_ws/install/turtlebot3_navigation2/share/ament_index/resource_index/parent_prefix_path/turtlebot3_navigation2
[0.842s] -- Up-to-date symlink: /home/autolab/ros2_ws/install/turtlebot3_navigation2/share/turtlebot3_navigation2/environment/ament_prefix_path.sh
[0.842s] -- Up-to-date symlink: /home/autolab/ros2_ws/install/turtlebot3_navigation2/share/turtlebot3_navigation2/environment/ament_prefix_path.dsv
[0.842s] -- Up-to-date symlink: /home/autolab/ros2_ws/install/turtlebot3_navigation2/share/turtlebot3_navigation2/environment/path.sh
[0.842s] -- Up-to-date symlink: /home/autolab/ros2_ws/install/turtlebot3_navigation2/share/turtlebot3_navigation2/environment/path.dsv
[0.842s] -- Up-to-date symlink: /home/autolab/ros2_ws/install/turtlebot3_navigation2/share/turtlebot3_navigation2/local_setup.bash
[0.842s] -- Up-to-date symlink: /home/autolab/ros2_ws/install/turtlebot3_navigation2/share/turtlebot3_navigation2/local_setup.sh
[0.842s] -- Up-to-date symlink: /home/autolab/ros2_ws/install/turtlebot3_navigation2/share/turtlebot3_navigation2/local_setup.zsh
[0.842s] -- Up-to-date symlink: /home/autolab/ros2_ws/install/turtlebot3_navigation2/share/turtlebot3_navigation2/local_setup.dsv
[0.842s] -- Symlinking: /home/autolab/ros2_ws/install/turtlebot3_navigation2/share/turtlebot3_navigation2/package.dsv
[0.845s] -- Up-to-date symlink: /home/autolab/ros2_ws/install/turtlebot3_navigation2/share/ament_index/resource_index/packages/turtlebot3_navigation2
[0.846s] -- Up-to-date symlink: /home/autolab/ros2_ws/install/turtlebot3_navigation2/share/turtlebot3_navigation2/cmake/turtlebot3_navigation2Config.cmake
[0.847s] -- Up-to-date symlink: /home/autolab/ros2_ws/install/turtlebot3_navigation2/share/turtlebot3_navigation2/cmake/turtlebot3_navigation2Config-version.cmake
[0.847s] -- Up-to-date symlink: /home/autolab/ros2_ws/install/turtlebot3_navigation2/share/turtlebot3_navigation2/package.xml
[0.920s] Invoked command in '/home/autolab/ros2_ws/build/turtlebot3_navigation2' returned '0': CMAKE_PREFIX_PATH=${CMAKE_PREFIX_PATH}:/home/autolab/ros2_ws/install/turtlebot3_teleop:/home/autolab/ros2_ws/install/turtlebot3_example:/home/autolab/ros2_ws/install/my_robot_controller:/opt/ros/humble /usr/bin/cmake --install /home/autolab/ros2_ws/build/turtlebot3_navigation2
