[1.194s] Invoking command in '/home/autolab/ros2_ws/src/build/turtlebot3_teleop': PYTHONPATH=/home/autolab/ros2_ws/src/build/turtlebot3_teleop/prefix_override:/home/autolab/ros2_ws/src/install/turtlebot3_teleop/lib/python3.10/site-packages:${PYTHONPATH} /usr/bin/python3 setup.py develop --editable --build-directory /home/autolab/ros2_ws/src/build/turtlebot3_teleop/build --no-deps install_data
[1.384s] running develop
[1.531s] running egg_info
[1.532s] creating turtlebot3_teleop.egg-info
[1.532s] writing turtlebot3_teleop.egg-info/PKG-INFO
[1.533s] writing dependency_links to turtlebot3_teleop.egg-info/dependency_links.txt
[1.533s] writing entry points to turtlebot3_teleop.egg-info/entry_points.txt
[1.533s] writing requirements to turtlebot3_teleop.egg-info/requires.txt
[1.533s] writing top-level names to turtlebot3_teleop.egg-info/top_level.txt
[1.533s] writing manifest file 'turtlebot3_teleop.egg-info/SOURCES.txt'
[1.534s] reading manifest file 'turtlebot3_teleop.egg-info/SOURCES.txt'
[1.535s] writing manifest file 'turtlebot3_teleop.egg-info/SOURCES.txt'
[1.537s] running build_ext
[1.537s] Creating /home/autolab/ros2_ws/src/install/turtlebot3_teleop/lib/python3.10/site-packages/turtlebot3-teleop.egg-link (link to .)
[1.538s] Installing teleop_keyboard script to /home/autolab/ros2_ws/src/install/turtlebot3_teleop/lib/turtlebot3_teleop
[1.538s] 
[1.538s] Installed /home/autolab/ros2_ws/src/build/turtlebot3_teleop
[1.538s] running install_data
[1.538s] creating /home/autolab/ros2_ws/src/install/turtlebot3_teleop/share/ament_index
[1.538s] creating /home/autolab/ros2_ws/src/install/turtlebot3_teleop/share/ament_index/resource_index
[1.538s] creating /home/autolab/ros2_ws/src/install/turtlebot3_teleop/share/ament_index/resource_index/packages
[1.538s] copying resource/turtlebot3_teleop -> /home/autolab/ros2_ws/src/install/turtlebot3_teleop/share/ament_index/resource_index/packages
[1.538s] copying package.xml -> /home/autolab/ros2_ws/src/install/turtlebot3_teleop/share/turtlebot3_teleop
[1.576s] Invoked command in '/home/autolab/ros2_ws/src/build/turtlebot3_teleop' returned '0': PYTHONPATH=/home/autolab/ros2_ws/src/build/turtlebot3_teleop/prefix_override:/home/autolab/ros2_ws/src/install/turtlebot3_teleop/lib/python3.10/site-packages:${PYTHONPATH} /usr/bin/python3 setup.py develop --editable --build-directory /home/autolab/ros2_ws/src/build/turtlebot3_teleop/build --no-deps install_data
