[0.372s] Invoking command in '/home/autolab/ros2_ws/src/build/turtlebot3_node': CMAKE_PREFIX_PATH=${CMAKE_PREFIX_PATH}:/home/autolab/ros2_ws/install/turtlebot3_teleop:/home/autolab/ros2_ws/install/turtlebot3_example:/home/autolab/ros2_ws/install/my_robot_controller:/opt/ros/humble /usr/bin/cmake /home/autolab/ros2_ws/src/turtlebot3/turtlebot3_node -DAMENT_CMAKE_SYMLINK_INSTALL=1 -DCMAKE_INSTALL_PREFIX=/home/autolab/ros2_ws/src/install/turtlebot3_node
[0.866s] -- The C compiler identification is GNU 11.4.0
[0.866s] -- The CXX compiler identification is GNU 11.4.0
[0.866s] -- Detecting C compiler ABI info
[0.866s] -- Detecting C compiler ABI info - done
[0.866s] -- Check for working C compiler: /usr/bin/cc - skipped
[0.866s] -- Detecting C compile features
[0.866s] -- Detecting C compile features - done
[0.866s] -- Detecting CXX compiler ABI info
[0.866s] -- Detecting CXX compiler ABI info - done
[0.867s] -- Check for working CXX compiler: /usr/bin/c++ - skipped
[0.867s] -- Detecting CXX compile features
[0.867s] -- Detecting CXX compile features - done
[0.867s] -- Found ament_cmake: 1.3.8 (/opt/ros/humble/share/ament_cmake/cmake)
[0.867s] -- Found Python3: /usr/bin/python3 (found version "3.10.12") found components: Interpreter 
[0.867s] -- Override CMake install command with custom implementation using symlinks instead of copying resources
[0.867s] -- Found dynamixel_sdk: 3.7.60 (/opt/ros/humble/share/dynamixel_sdk/cmake)
[0.867s] -- Found geometry_msgs: 4.2.3 (/opt/ros/humble/share/geometry_msgs/cmake)
[0.867s] -- Found rosidl_generator_c: 3.1.5 (/opt/ros/humble/share/rosidl_generator_c/cmake)
[0.867s] -- Found rosidl_adapter: 3.1.5 (/opt/ros/humble/share/rosidl_adapter/cmake)
[0.867s] -- Found rosidl_generator_cpp: 3.1.5 (/opt/ros/humble/share/rosidl_generator_cpp/cmake)
[0.867s] -- Using all available rosidl_typesupport_c: rosidl_typesupport_fastrtps_c;rosidl_typesupport_introspection_c
[0.867s] -- Using all available rosidl_typesupport_cpp: rosidl_typesupport_fastrtps_cpp;rosidl_typesupport_introspection_cpp
[0.886s] -- Found message_filters: 4.3.3 (/opt/ros/humble/share/message_filters/cmake)
[0.933s] -- Found rmw_implementation_cmake: 6.1.1 (/opt/ros/humble/share/rmw_implementation_cmake/cmake)
[0.936s] -- Found rmw_cyclonedds_cpp: 1.3.4 (/opt/ros/humble/share/rmw_cyclonedds_cpp/cmake)
[0.961s] -- Using RMW implementation 'rmw_cyclonedds_cpp' as default
[0.969s] -- Looking for pthread.h
[1.014s] -- Looking for pthread.h - found
[1.014s] -- Performing Test CMAKE_HAVE_LIBC_PTHREAD
[1.062s] -- Performing Test CMAKE_HAVE_LIBC_PTHREAD - Success
[1.062s] -- Found Threads: TRUE  
[1.157s] -- Found nav_msgs: 4.2.3 (/opt/ros/humble/share/nav_msgs/cmake)
[1.217s] -- Found sensor_msgs: 4.2.3 (/opt/ros/humble/share/sensor_msgs/cmake)
[1.279s] -- Found std_srvs: 4.2.3 (/opt/ros/humble/share/std_srvs/cmake)
[1.295s] -- Found tf2: 0.25.6 (/opt/ros/humble/share/tf2/cmake)
[1.308s] -- Found tf2_ros: 0.25.6 (/opt/ros/humble/share/tf2_ros/cmake)
[1.545s] -- Found turtlebot3_msgs: 2.2.3 (/opt/ros/humble/share/turtlebot3_msgs/cmake)
[1.649s] -- Configuring done
[1.660s] -- Generating done
[1.661s] -- Build files have been written to: /home/autolab/ros2_ws/src/build/turtlebot3_node
[1.667s] Invoked command in '/home/autolab/ros2_ws/src/build/turtlebot3_node' returned '0': CMAKE_PREFIX_PATH=${CMAKE_PREFIX_PATH}:/home/autolab/ros2_ws/install/turtlebot3_teleop:/home/autolab/ros2_ws/install/turtlebot3_example:/home/autolab/ros2_ws/install/my_robot_controller:/opt/ros/humble /usr/bin/cmake /home/autolab/ros2_ws/src/turtlebot3/turtlebot3_node -DAMENT_CMAKE_SYMLINK_INSTALL=1 -DCMAKE_INSTALL_PREFIX=/home/autolab/ros2_ws/src/install/turtlebot3_node
[1.668s] Invoking command in '/home/autolab/ros2_ws/src/build/turtlebot3_node': CMAKE_PREFIX_PATH=${CMAKE_PREFIX_PATH}:/home/autolab/ros2_ws/install/turtlebot3_teleop:/home/autolab/ros2_ws/install/turtlebot3_example:/home/autolab/ros2_ws/install/my_robot_controller:/opt/ros/humble /usr/bin/cmake --build /home/autolab/ros2_ws/src/build/turtlebot3_node -- -j20 -l20
[1.708s] [ 14%] [32mBuilding CXX object CMakeFiles/turtlebot3_node_lib.dir/src/diff_drive_controller.cpp.o[0m
[1.708s] [ 14%] [32mBuilding CXX object CMakeFiles/turtlebot3_node_lib.dir/src/devices/motor_power.cpp.o[0m
[1.708s] [ 28%] [32mBuilding CXX object CMakeFiles/turtlebot3_node_lib.dir/src/devices/sound.cpp.o[0m
[1.708s] [ 28%] [32mBuilding CXX object CMakeFiles/turtlebot3_node_lib.dir/src/devices/reset.cpp.o[0m
[1.709s] [ 35%] [32mBuilding CXX object CMakeFiles/turtlebot3_node_lib.dir/src/odometry.cpp.o[0m
[1.709s] [ 42%] [32mBuilding CXX object CMakeFiles/turtlebot3_node_lib.dir/src/dynamixel_sdk_wrapper.cpp.o[0m
[1.710s] [ 50%] [32mBuilding CXX object CMakeFiles/turtlebot3_node_lib.dir/src/sensors/imu.cpp.o[0m
[1.711s] [ 57%] [32mBuilding CXX object CMakeFiles/turtlebot3_node_lib.dir/src/sensors/battery_state.cpp.o[0m
[1.711s] [ 64%] [32mBuilding CXX object CMakeFiles/turtlebot3_node_lib.dir/src/sensors/sensor_state.cpp.o[0m
[1.711s] [ 71%] [32mBuilding CXX object CMakeFiles/turtlebot3_node_lib.dir/src/sensors/joint_state.cpp.o[0m
[1.711s] [ 78%] [32mBuilding CXX object CMakeFiles/turtlebot3_node_lib.dir/src/turtlebot3.cpp.o[0m
[12.957s] [ 85%] [32m[1mLinking CXX static library libturtlebot3_node_lib.a[0m
[13.295s] [ 85%] Built target turtlebot3_node_lib
[13.308s] [ 92%] [32mBuilding CXX object CMakeFiles/turtlebot3_ros.dir/src/node_main.cpp.o[0m
[15.462s] [100%] [32m[1mLinking CXX executable turtlebot3_ros[0m
[16.545s] [100%] Built target turtlebot3_ros
[16.557s] Invoked command in '/home/autolab/ros2_ws/src/build/turtlebot3_node' returned '0': CMAKE_PREFIX_PATH=${CMAKE_PREFIX_PATH}:/home/autolab/ros2_ws/install/turtlebot3_teleop:/home/autolab/ros2_ws/install/turtlebot3_example:/home/autolab/ros2_ws/install/my_robot_controller:/opt/ros/humble /usr/bin/cmake --build /home/autolab/ros2_ws/src/build/turtlebot3_node -- -j20 -l20
[16.612s] Invoking command in '/home/autolab/ros2_ws/src/build/turtlebot3_node': CMAKE_PREFIX_PATH=${CMAKE_PREFIX_PATH}:/home/autolab/ros2_ws/install/turtlebot3_teleop:/home/autolab/ros2_ws/install/turtlebot3_example:/home/autolab/ros2_ws/install/my_robot_controller:/opt/ros/humble /usr/bin/cmake --install /home/autolab/ros2_ws/src/build/turtlebot3_node
[16.625s] -- Install configuration: ""
[16.626s] -- Execute custom install script
[16.626s] -- Symlinking: /home/autolab/ros2_ws/src/install/turtlebot3_node/share/turtlebot3_node/param/burger.yaml
[16.636s] -- Symlinking: /home/autolab/ros2_ws/src/install/turtlebot3_node/share/turtlebot3_node/param/waffle.yaml
[16.647s] -- Symlinking: /home/autolab/ros2_ws/src/install/turtlebot3_node/share/turtlebot3_node/param/waffle_pi.yaml
[16.657s] -- Symlinking: /home/autolab/ros2_ws/src/install/turtlebot3_node/lib/turtlebot3_node/turtlebot3_ros
[16.668s] -- Symlinking: /home/autolab/ros2_ws/src/install/turtlebot3_node/share/ament_index/resource_index/package_run_dependencies/turtlebot3_node
[16.681s] -- Symlinking: /home/autolab/ros2_ws/src/install/turtlebot3_node/share/ament_index/resource_index/parent_prefix_path/turtlebot3_node
[16.689s] -- Symlinking: /home/autolab/ros2_ws/src/install/turtlebot3_node/share/turtlebot3_node/environment/ament_prefix_path.sh
[16.698s] -- Symlinking: /home/autolab/ros2_ws/src/install/turtlebot3_node/share/turtlebot3_node/environment/ament_prefix_path.dsv
[16.704s] -- Symlinking: /home/autolab/ros2_ws/src/install/turtlebot3_node/share/turtlebot3_node/environment/path.sh
[16.717s] -- Symlinking: /home/autolab/ros2_ws/src/install/turtlebot3_node/share/turtlebot3_node/environment/path.dsv
[16.728s] -- Symlinking: /home/autolab/ros2_ws/src/install/turtlebot3_node/share/turtlebot3_node/local_setup.bash
[16.736s] -- Symlinking: /home/autolab/ros2_ws/src/install/turtlebot3_node/share/turtlebot3_node/local_setup.sh
[16.745s] -- Symlinking: /home/autolab/ros2_ws/src/install/turtlebot3_node/share/turtlebot3_node/local_setup.zsh
[16.753s] -- Symlinking: /home/autolab/ros2_ws/src/install/turtlebot3_node/share/turtlebot3_node/local_setup.dsv
[16.759s] -- Symlinking: /home/autolab/ros2_ws/src/install/turtlebot3_node/share/turtlebot3_node/package.dsv
[16.765s] -- Symlinking: /home/autolab/ros2_ws/src/install/turtlebot3_node/share/ament_index/resource_index/packages/turtlebot3_node
[16.771s] -- Symlinking: /home/autolab/ros2_ws/src/install/turtlebot3_node/share/turtlebot3_node/cmake/ament_cmake_export_include_directories-extras.cmake
[16.777s] -- Symlinking: /home/autolab/ros2_ws/src/install/turtlebot3_node/share/turtlebot3_node/cmake/turtlebot3_nodeConfig.cmake
[16.782s] -- Symlinking: /home/autolab/ros2_ws/src/install/turtlebot3_node/share/turtlebot3_node/cmake/turtlebot3_nodeConfig-version.cmake
[16.788s] -- Symlinking: /home/autolab/ros2_ws/src/install/turtlebot3_node/share/turtlebot3_node/package.xml
[16.797s] Invoked command in '/home/autolab/ros2_ws/src/build/turtlebot3_node' returned '0': CMAKE_PREFIX_PATH=${CMAKE_PREFIX_PATH}:/home/autolab/ros2_ws/install/turtlebot3_teleop:/home/autolab/ros2_ws/install/turtlebot3_example:/home/autolab/ros2_ws/install/my_robot_controller:/opt/ros/humble /usr/bin/cmake --install /home/autolab/ros2_ws/src/build/turtlebot3_node
