[0.043s] Invoking command in '/home/autolab/ros2_ws/src/build/turtlebot3_bringup': AMENT_PREFIX_PATH=/home/autolab/ros2_ws/src/install/turtlebot3_node:/home/autolab/ros2_ws/src/install/turtlebot3_description:${AMENT_PREFIX_PATH} CMAKE_PREFIX_PATH=/home/autolab/ros2_ws/src/install/turtlebot3_node:/home/autolab/ros2_ws/src/install/turtlebot3_description:/home/autolab/ros2_ws/install/turtlebot3:/home/autolab/ros2_ws/install/turtlebot3_simulations:/home/autolab/ros2_ws/install/turtlebot3_bringup:/home/autolab/ros2_ws/install/turtlebot3_node:/home/autolab/ros2_ws/install/turtlebot3_navigation2:/home/autolab/ros2_ws/install/turtlebot3_gazebo:/home/autolab/ros2_ws/install/turtlebot3_fake_node:/home/autolab/ros2_ws/install/turtlebot3_description:/home/autolab/ros2_ws/install/turtlebot3_cartographer:/home/autolab/ros2_ws/install/turtlebot3_teleop:/home/autolab/ros2_ws/install/turtlebot3_example:/home/autolab/ros2_ws/install/my_robot_controller:/opt/ros/humble /usr/bin/cmake /home/autolab/ros2_ws/src/turtlebot3/turtlebot3_bringup -DAMENT_CMAKE_SYMLINK_INSTALL=1 -DCMAKE_INSTALL_PREFIX=/home/autolab/ros2_ws/src/install/turtlebot3_bringup
[0.078s] -- The C compiler identification is GNU 11.4.0
[0.121s] -- The CXX compiler identification is GNU 11.4.0
[0.130s] -- Detecting C compiler ABI info
[0.185s] -- Detecting C compiler ABI info - done
[0.190s] -- Check for working C compiler: /usr/bin/cc - skipped
[0.191s] -- Detecting C compile features
[0.191s] -- Detecting C compile features - done
[0.193s] -- Detecting CXX compiler ABI info
[0.252s] -- Detecting CXX compiler ABI info - done
[0.258s] -- Check for working CXX compiler: /usr/bin/c++ - skipped
[0.258s] -- Detecting CXX compile features
[0.258s] -- Detecting CXX compile features - done
[0.260s] -- Found ament_cmake: 1.3.8 (/opt/ros/humble/share/ament_cmake/cmake)
[0.372s] -- Found Python3: /usr/bin/python3 (found version "3.10.12") found components: Interpreter 
[0.419s] -- Override CMake install command with custom implementation using symlinks instead of copying resources
[0.490s] -- Configuring done
[0.491s] -- Generating done
[0.492s] -- Build files have been written to: /home/autolab/ros2_ws/src/build/turtlebot3_bringup
[0.495s] Invoked command in '/home/autolab/ros2_ws/src/build/turtlebot3_bringup' returned '0': AMENT_PREFIX_PATH=/home/autolab/ros2_ws/src/install/turtlebot3_node:/home/autolab/ros2_ws/src/install/turtlebot3_description:${AMENT_PREFIX_PATH} CMAKE_PREFIX_PATH=/home/autolab/ros2_ws/src/install/turtlebot3_node:/home/autolab/ros2_ws/src/install/turtlebot3_description:/home/autolab/ros2_ws/install/turtlebot3:/home/autolab/ros2_ws/install/turtlebot3_simulations:/home/autolab/ros2_ws/install/turtlebot3_bringup:/home/autolab/ros2_ws/install/turtlebot3_node:/home/autolab/ros2_ws/install/turtlebot3_navigation2:/home/autolab/ros2_ws/install/turtlebot3_gazebo:/home/autolab/ros2_ws/install/turtlebot3_fake_node:/home/autolab/ros2_ws/install/turtlebot3_description:/home/autolab/ros2_ws/install/turtlebot3_cartographer:/home/autolab/ros2_ws/install/turtlebot3_teleop:/home/autolab/ros2_ws/install/turtlebot3_example:/home/autolab/ros2_ws/install/my_robot_controller:/opt/ros/humble /usr/bin/cmake /home/autolab/ros2_ws/src/turtlebot3/turtlebot3_bringup -DAMENT_CMAKE_SYMLINK_INSTALL=1 -DCMAKE_INSTALL_PREFIX=/home/autolab/ros2_ws/src/install/turtlebot3_bringup
[0.496s] Invoking command in '/home/autolab/ros2_ws/src/build/turtlebot3_bringup': AMENT_PREFIX_PATH=/home/autolab/ros2_ws/src/install/turtlebot3_node:/home/autolab/ros2_ws/src/install/turtlebot3_description:${AMENT_PREFIX_PATH} CMAKE_PREFIX_PATH=/home/autolab/ros2_ws/src/install/turtlebot3_node:/home/autolab/ros2_ws/src/install/turtlebot3_description:/home/autolab/ros2_ws/install/turtlebot3:/home/autolab/ros2_ws/install/turtlebot3_simulations:/home/autolab/ros2_ws/install/turtlebot3_bringup:/home/autolab/ros2_ws/install/turtlebot3_node:/home/autolab/ros2_ws/install/turtlebot3_navigation2:/home/autolab/ros2_ws/install/turtlebot3_gazebo:/home/autolab/ros2_ws/install/turtlebot3_fake_node:/home/autolab/ros2_ws/install/turtlebot3_description:/home/autolab/ros2_ws/install/turtlebot3_cartographer:/home/autolab/ros2_ws/install/turtlebot3_teleop:/home/autolab/ros2_ws/install/turtlebot3_example:/home/autolab/ros2_ws/install/my_robot_controller:/opt/ros/humble /usr/bin/cmake --build /home/autolab/ros2_ws/src/build/turtlebot3_bringup -- -j20 -l20
[0.521s] Invoked command in '/home/autolab/ros2_ws/src/build/turtlebot3_bringup' returned '0': AMENT_PREFIX_PATH=/home/autolab/ros2_ws/src/install/turtlebot3_node:/home/autolab/ros2_ws/src/install/turtlebot3_description:${AMENT_PREFIX_PATH} CMAKE_PREFIX_PATH=/home/autolab/ros2_ws/src/install/turtlebot3_node:/home/autolab/ros2_ws/src/install/turtlebot3_description:/home/autolab/ros2_ws/install/turtlebot3:/home/autolab/ros2_ws/install/turtlebot3_simulations:/home/autolab/ros2_ws/install/turtlebot3_bringup:/home/autolab/ros2_ws/install/turtlebot3_node:/home/autolab/ros2_ws/install/turtlebot3_navigation2:/home/autolab/ros2_ws/install/turtlebot3_gazebo:/home/autolab/ros2_ws/install/turtlebot3_fake_node:/home/autolab/ros2_ws/install/turtlebot3_description:/home/autolab/ros2_ws/install/turtlebot3_cartographer:/home/autolab/ros2_ws/install/turtlebot3_teleop:/home/autolab/ros2_ws/install/turtlebot3_example:/home/autolab/ros2_ws/install/my_robot_controller:/opt/ros/humble /usr/bin/cmake --build /home/autolab/ros2_ws/src/build/turtlebot3_bringup -- -j20 -l20
[0.535s] Invoking command in '/home/autolab/ros2_ws/src/build/turtlebot3_bringup': AMENT_PREFIX_PATH=/home/autolab/ros2_ws/src/install/turtlebot3_node:/home/autolab/ros2_ws/src/install/turtlebot3_description:${AMENT_PREFIX_PATH} CMAKE_PREFIX_PATH=/home/autolab/ros2_ws/src/install/turtlebot3_node:/home/autolab/ros2_ws/src/install/turtlebot3_description:/home/autolab/ros2_ws/install/turtlebot3:/home/autolab/ros2_ws/install/turtlebot3_simulations:/home/autolab/ros2_ws/install/turtlebot3_bringup:/home/autolab/ros2_ws/install/turtlebot3_node:/home/autolab/ros2_ws/install/turtlebot3_navigation2:/home/autolab/ros2_ws/install/turtlebot3_gazebo:/home/autolab/ros2_ws/install/turtlebot3_fake_node:/home/autolab/ros2_ws/install/turtlebot3_description:/home/autolab/ros2_ws/install/turtlebot3_cartographer:/home/autolab/ros2_ws/install/turtlebot3_teleop:/home/autolab/ros2_ws/install/turtlebot3_example:/home/autolab/ros2_ws/install/my_robot_controller:/opt/ros/humble /usr/bin/cmake --install /home/autolab/ros2_ws/src/build/turtlebot3_bringup
[0.540s] -- Install configuration: ""
[0.540s] -- Execute custom install script
[0.540s] -- Symlinking: /home/autolab/ros2_ws/src/install/turtlebot3_bringup/share/turtlebot3_bringup/launch/robot.launch.py
[0.546s] -- Symlinking: /home/autolab/ros2_ws/src/install/turtlebot3_bringup/share/turtlebot3_bringup/launch/rviz2.launch.py
[0.552s] -- Symlinking: /home/autolab/ros2_ws/src/install/turtlebot3_bringup/share/turtlebot3_bringup/launch/turtlebot3_state_publisher.launch.py
[0.557s] -- Symlinking: /home/autolab/ros2_ws/src/install/turtlebot3_bringup/share/turtlebot3_bringup/param/burger.yaml
[0.562s] -- Symlinking: /home/autolab/ros2_ws/src/install/turtlebot3_bringup/share/turtlebot3_bringup/param/waffle.yaml
[0.568s] -- Symlinking: /home/autolab/ros2_ws/src/install/turtlebot3_bringup/share/turtlebot3_bringup/param/waffle_pi.yaml
[0.573s] -- Symlinking: /home/autolab/ros2_ws/src/install/turtlebot3_bringup/share/turtlebot3_bringup/script/99-turtlebot3-cdc.rules
[0.579s] -- Symlinking: /home/autolab/ros2_ws/src/install/turtlebot3_bringup/share/turtlebot3_bringup/script/create_udev_rules
[0.584s] -- Symlinking: /home/autolab/ros2_ws/src/install/turtlebot3_bringup/share/ament_index/resource_index/package_run_dependencies/turtlebot3_bringup
[0.590s] -- Symlinking: /home/autolab/ros2_ws/src/install/turtlebot3_bringup/share/ament_index/resource_index/parent_prefix_path/turtlebot3_bringup
[0.595s] -- Symlinking: /home/autolab/ros2_ws/src/install/turtlebot3_bringup/share/turtlebot3_bringup/environment/ament_prefix_path.sh
[0.601s] -- Symlinking: /home/autolab/ros2_ws/src/install/turtlebot3_bringup/share/turtlebot3_bringup/environment/ament_prefix_path.dsv
[0.606s] -- Symlinking: /home/autolab/ros2_ws/src/install/turtlebot3_bringup/share/turtlebot3_bringup/environment/path.sh
[0.612s] -- Symlinking: /home/autolab/ros2_ws/src/install/turtlebot3_bringup/share/turtlebot3_bringup/environment/path.dsv
[0.617s] -- Symlinking: /home/autolab/ros2_ws/src/install/turtlebot3_bringup/share/turtlebot3_bringup/local_setup.bash
[0.622s] -- Symlinking: /home/autolab/ros2_ws/src/install/turtlebot3_bringup/share/turtlebot3_bringup/local_setup.sh
[0.628s] -- Symlinking: /home/autolab/ros2_ws/src/install/turtlebot3_bringup/share/turtlebot3_bringup/local_setup.zsh
[0.633s] -- Symlinking: /home/autolab/ros2_ws/src/install/turtlebot3_bringup/share/turtlebot3_bringup/local_setup.dsv
[0.638s] -- Symlinking: /home/autolab/ros2_ws/src/install/turtlebot3_bringup/share/turtlebot3_bringup/package.dsv
[0.643s] -- Symlinking: /home/autolab/ros2_ws/src/install/turtlebot3_bringup/share/ament_index/resource_index/packages/turtlebot3_bringup
[0.648s] -- Symlinking: /home/autolab/ros2_ws/src/install/turtlebot3_bringup/share/turtlebot3_bringup/cmake/turtlebot3_bringupConfig.cmake
[0.654s] -- Symlinking: /home/autolab/ros2_ws/src/install/turtlebot3_bringup/share/turtlebot3_bringup/cmake/turtlebot3_bringupConfig-version.cmake
[0.659s] -- Symlinking: /home/autolab/ros2_ws/src/install/turtlebot3_bringup/share/turtlebot3_bringup/package.xml
[0.666s] Invoked command in '/home/autolab/ros2_ws/src/build/turtlebot3_bringup' returned '0': AMENT_PREFIX_PATH=/home/autolab/ros2_ws/src/install/turtlebot3_node:/home/autolab/ros2_ws/src/install/turtlebot3_description:${AMENT_PREFIX_PATH} CMAKE_PREFIX_PATH=/home/autolab/ros2_ws/src/install/turtlebot3_node:/home/autolab/ros2_ws/src/install/turtlebot3_description:/home/autolab/ros2_ws/install/turtlebot3:/home/autolab/ros2_ws/install/turtlebot3_simulations:/home/autolab/ros2_ws/install/turtlebot3_bringup:/home/autolab/ros2_ws/install/turtlebot3_node:/home/autolab/ros2_ws/install/turtlebot3_navigation2:/home/autolab/ros2_ws/install/turtlebot3_gazebo:/home/autolab/ros2_ws/install/turtlebot3_fake_node:/home/autolab/ros2_ws/install/turtlebot3_description:/home/autolab/ros2_ws/install/turtlebot3_cartographer:/home/autolab/ros2_ws/install/turtlebot3_teleop:/home/autolab/ros2_ws/install/turtlebot3_example:/home/autolab/ros2_ws/install/my_robot_controller:/opt/ros/humble /usr/bin/cmake --install /home/autolab/ros2_ws/src/build/turtlebot3_bringup
