[1.189s] Invoking command in '/home/autolab/ros2_ws/build/my_robot_controller': PYTHONPATH=/home/autolab/ros2_ws/build/my_robot_controller/prefix_override:/home/autolab/ros2_ws/install/my_robot_controller/lib/python3.10/site-packages:${PYTHONPATH} /usr/bin/python3 setup.py develop --editable --build-directory /home/autolab/ros2_ws/build/my_robot_controller/build --no-deps install_data
[1.364s] running develop
[1.475s] running egg_info
[1.475s] writing my_robot_controller.egg-info/PKG-INFO
[1.475s] writing dependency_links to my_robot_controller.egg-info/dependency_links.txt
[1.475s] writing entry points to my_robot_controller.egg-info/entry_points.txt
[1.475s] writing requirements to my_robot_controller.egg-info/requires.txt
[1.475s] writing top-level names to my_robot_controller.egg-info/top_level.txt
[1.476s] reading manifest file 'my_robot_controller.egg-info/SOURCES.txt'
[1.477s] writing manifest file 'my_robot_controller.egg-info/SOURCES.txt'
[1.477s] running build_ext
[1.477s] Creating /home/autolab/ros2_ws/install/my_robot_controller/lib/python3.10/site-packages/my-robot-controller.egg-link (link to .)
[1.478s] Installing draw_circle script to /home/autolab/ros2_ws/install/my_robot_controller/lib/my_robot_controller
[1.478s] Installing mapping script to /home/autolab/ros2_ws/install/my_robot_controller/lib/my_robot_controller
[1.478s] Installing navigation script to /home/autolab/ros2_ws/install/my_robot_controller/lib/my_robot_controller
[1.478s] Installing test_node script to /home/autolab/ros2_ws/install/my_robot_controller/lib/my_robot_controller
[1.478s] 
[1.478s] Installed /home/autolab/ros2_ws/build/my_robot_controller
[1.478s] running install_data
[1.478s] copying launch/run_navigation.launch.py -> /home/autolab/ros2_ws/install/my_robot_controller/share/my_robot_controller/launch
[1.501s] Invoked command in '/home/autolab/ros2_ws/build/my_robot_controller' returned '0': PYTHONPATH=/home/autolab/ros2_ws/build/my_robot_controller/prefix_override:/home/autolab/ros2_ws/install/my_robot_controller/lib/python3.10/site-packages:${PYTHONPATH} /usr/bin/python3 setup.py develop --editable --build-directory /home/autolab/ros2_ws/build/my_robot_controller/build --no-deps install_data
