[0.879s] DEBUG:colcon:Command line arguments: ['/usr/bin/colcon', 'build', '--symlink-install']
[0.879s] DEBUG:colcon:Parsed command line arguments: Namespace(log_base=None, log_level=None, verb_name='build', build_base='build', install_base='install', merge_install=False, symlink_install=True, test_result_base=None, continue_on_error=False, executor='parallel', parallel_workers=20, event_handlers=None, ignore_user_meta=False, metas=['./colcon.meta'], base_paths=['.'], packages_ignore=None, packages_ignore_regex=None, paths=None, packages_up_to=None, packages_up_to_regex=None, packages_above=None, packages_above_and_dependencies=None, packages_above_depth=None, packages_select_by_dep=None, packages_skip_by_dep=None, packages_skip_up_to=None, packages_select_build_failed=False, packages_skip_build_finished=False, packages_select_test_failures=False, packages_skip_test_passed=False, packages_select=None, packages_skip=None, packages_select_regex=None, packages_skip_regex=None, packages_start=None, packages_end=None, allow_overriding=[], cmake_args=None, cmake_target=None, cmake_target_skip_unavailable=False, cmake_clean_cache=False, cmake_clean_first=False, cmake_force_configure=False, ament_cmake_args=None, catkin_cmake_args=None, catkin_skip_building_tests=False, mixin_files=None, mixin=None, verb_parser=<colcon_mixin.mixin.mixin_argument.MixinArgumentDecorator object at 0x7f0ae0477c10>, verb_extension=<colcon_core.verb.build.BuildVerb object at 0x7f0ae05e7b20>, main=<bound method BuildVerb.main of <colcon_core.verb.build.BuildVerb object at 0x7f0ae05e7b20>>, mixin_verb=('build',))
[0.920s] Level 1:colcon.colcon_core.package_discovery:discover_packages(colcon_meta) check parameters
[0.920s] Level 1:colcon.colcon_core.package_discovery:discover_packages(recursive) check parameters
[0.920s] Level 1:colcon.colcon_core.package_discovery:discover_packages(ignore) check parameters
[0.920s] Level 1:colcon.colcon_core.package_discovery:discover_packages(path) check parameters
[0.920s] Level 1:colcon.colcon_core.package_discovery:discover_packages(colcon_meta) discover
[0.920s] Level 1:colcon.colcon_core.package_discovery:discover_packages(recursive) discover
[0.920s] INFO:colcon.colcon_core.package_discovery:Crawling recursively for packages in '/home/autolab/ros2_ws'
[0.920s] Level 1:colcon.colcon_core.package_identification:_identify(.) by extensions ['ignore', 'ignore_ament_install']
[0.920s] Level 1:colcon.colcon_core.package_identification:_identify(.) by extension 'ignore'
[0.920s] Level 1:colcon.colcon_core.package_identification:_identify(.) by extension 'ignore_ament_install'
[0.920s] Level 1:colcon.colcon_core.package_identification:_identify(.) by extensions ['colcon_pkg']
[0.920s] Level 1:colcon.colcon_core.package_identification:_identify(.) by extension 'colcon_pkg'
[0.920s] Level 1:colcon.colcon_core.package_identification:_identify(.) by extensions ['colcon_meta']
[0.920s] Level 1:colcon.colcon_core.package_identification:_identify(.) by extension 'colcon_meta'
[0.920s] Level 1:colcon.colcon_core.package_identification:_identify(.) by extensions ['ros']
[0.920s] Level 1:colcon.colcon_core.package_identification:_identify(.) by extension 'ros'
[0.927s] Level 1:colcon.colcon_core.package_identification:_identify(.) by extensions ['cmake', 'python']
[0.927s] Level 1:colcon.colcon_core.package_identification:_identify(.) by extension 'cmake'
[0.927s] Level 1:colcon.colcon_core.package_identification:_identify(.) by extension 'python'
[0.927s] Level 1:colcon.colcon_core.package_identification:_identify(.) by extensions ['python_setup_py']
[0.927s] Level 1:colcon.colcon_core.package_identification:_identify(.) by extension 'python_setup_py'
[0.927s] Level 1:colcon.colcon_core.package_identification:_identify(build) by extensions ['ignore', 'ignore_ament_install']
[0.927s] Level 1:colcon.colcon_core.package_identification:_identify(build) by extension 'ignore'
[0.927s] Level 1:colcon.colcon_core.package_identification:_identify(build) ignored
[0.927s] Level 1:colcon.colcon_core.package_identification:_identify(install) by extensions ['ignore', 'ignore_ament_install']
[0.927s] Level 1:colcon.colcon_core.package_identification:_identify(install) by extension 'ignore'
[0.927s] Level 1:colcon.colcon_core.package_identification:_identify(install) ignored
[0.927s] Level 1:colcon.colcon_core.package_identification:_identify(log) by extensions ['ignore', 'ignore_ament_install']
[0.927s] Level 1:colcon.colcon_core.package_identification:_identify(log) by extension 'ignore'
[0.927s] Level 1:colcon.colcon_core.package_identification:_identify(log) ignored
[0.928s] Level 1:colcon.colcon_core.package_identification:_identify(src) by extensions ['ignore', 'ignore_ament_install']
[0.928s] Level 1:colcon.colcon_core.package_identification:_identify(src) by extension 'ignore'
[0.928s] Level 1:colcon.colcon_core.package_identification:_identify(src) by extension 'ignore_ament_install'
[0.928s] Level 1:colcon.colcon_core.package_identification:_identify(src) by extensions ['colcon_pkg']
[0.928s] Level 1:colcon.colcon_core.package_identification:_identify(src) by extension 'colcon_pkg'
[0.928s] Level 1:colcon.colcon_core.package_identification:_identify(src) by extensions ['colcon_meta']
[0.928s] Level 1:colcon.colcon_core.package_identification:_identify(src) by extension 'colcon_meta'
[0.928s] Level 1:colcon.colcon_core.package_identification:_identify(src) by extensions ['ros']
[0.928s] Level 1:colcon.colcon_core.package_identification:_identify(src) by extension 'ros'
[0.928s] Level 1:colcon.colcon_core.package_identification:_identify(src) by extensions ['cmake', 'python']
[0.928s] Level 1:colcon.colcon_core.package_identification:_identify(src) by extension 'cmake'
[0.928s] Level 1:colcon.colcon_core.package_identification:_identify(src) by extension 'python'
[0.928s] Level 1:colcon.colcon_core.package_identification:_identify(src) by extensions ['python_setup_py']
[0.928s] Level 1:colcon.colcon_core.package_identification:_identify(src) by extension 'python_setup_py'
[0.928s] Level 1:colcon.colcon_core.package_identification:_identify(src/my_robot_controller) by extensions ['ignore', 'ignore_ament_install']
[0.928s] Level 1:colcon.colcon_core.package_identification:_identify(src/my_robot_controller) by extension 'ignore'
[0.928s] Level 1:colcon.colcon_core.package_identification:_identify(src/my_robot_controller) by extension 'ignore_ament_install'
[0.928s] Level 1:colcon.colcon_core.package_identification:_identify(src/my_robot_controller) by extensions ['colcon_pkg']
[0.928s] Level 1:colcon.colcon_core.package_identification:_identify(src/my_robot_controller) by extension 'colcon_pkg'
[0.928s] Level 1:colcon.colcon_core.package_identification:_identify(src/my_robot_controller) by extensions ['colcon_meta']
[0.928s] Level 1:colcon.colcon_core.package_identification:_identify(src/my_robot_controller) by extension 'colcon_meta'
[0.928s] Level 1:colcon.colcon_core.package_identification:_identify(src/my_robot_controller) by extensions ['ros']
[0.928s] Level 1:colcon.colcon_core.package_identification:_identify(src/my_robot_controller) by extension 'ros'
[0.930s] DEBUG:colcon.colcon_core.package_identification:Package 'src/my_robot_controller' with type 'ros.ament_python' and name 'my_robot_controller'
[0.930s] Level 1:colcon.colcon_core.package_identification:_identify(src/turtlebot3_simulations) by extensions ['ignore', 'ignore_ament_install']
[0.930s] Level 1:colcon.colcon_core.package_identification:_identify(src/turtlebot3_simulations) by extension 'ignore'
[0.930s] Level 1:colcon.colcon_core.package_identification:_identify(src/turtlebot3_simulations) by extension 'ignore_ament_install'
[0.930s] Level 1:colcon.colcon_core.package_identification:_identify(src/turtlebot3_simulations) by extensions ['colcon_pkg']
[0.930s] Level 1:colcon.colcon_core.package_identification:_identify(src/turtlebot3_simulations) by extension 'colcon_pkg'
[0.930s] Level 1:colcon.colcon_core.package_identification:_identify(src/turtlebot3_simulations) by extensions ['colcon_meta']
[0.930s] Level 1:colcon.colcon_core.package_identification:_identify(src/turtlebot3_simulations) by extension 'colcon_meta'
[0.931s] Level 1:colcon.colcon_core.package_identification:_identify(src/turtlebot3_simulations) by extensions ['ros']
[0.931s] Level 1:colcon.colcon_core.package_identification:_identify(src/turtlebot3_simulations) by extension 'ros'
[0.931s] Level 1:colcon.colcon_core.package_identification:_identify(src/turtlebot3_simulations) by extensions ['cmake', 'python']
[0.931s] Level 1:colcon.colcon_core.package_identification:_identify(src/turtlebot3_simulations) by extension 'cmake'
[0.931s] Level 1:colcon.colcon_core.package_identification:_identify(src/turtlebot3_simulations) by extension 'python'
[0.931s] Level 1:colcon.colcon_core.package_identification:_identify(src/turtlebot3_simulations) by extensions ['python_setup_py']
[0.931s] Level 1:colcon.colcon_core.package_identification:_identify(src/turtlebot3_simulations) by extension 'python_setup_py'
[0.931s] Level 1:colcon.colcon_core.package_identification:_identify(src/turtlebot3_simulations/turtlebot3_fake_node) by extensions ['ignore', 'ignore_ament_install']
[0.931s] Level 1:colcon.colcon_core.package_identification:_identify(src/turtlebot3_simulations/turtlebot3_fake_node) by extension 'ignore'
[0.931s] Level 1:colcon.colcon_core.package_identification:_identify(src/turtlebot3_simulations/turtlebot3_fake_node) by extension 'ignore_ament_install'
[0.931s] Level 1:colcon.colcon_core.package_identification:_identify(src/turtlebot3_simulations/turtlebot3_fake_node) by extensions ['colcon_pkg']
[0.931s] Level 1:colcon.colcon_core.package_identification:_identify(src/turtlebot3_simulations/turtlebot3_fake_node) by extension 'colcon_pkg'
[0.931s] Level 1:colcon.colcon_core.package_identification:_identify(src/turtlebot3_simulations/turtlebot3_fake_node) by extensions ['colcon_meta']
[0.931s] Level 1:colcon.colcon_core.package_identification:_identify(src/turtlebot3_simulations/turtlebot3_fake_node) by extension 'colcon_meta'
[0.931s] Level 1:colcon.colcon_core.package_identification:_identify(src/turtlebot3_simulations/turtlebot3_fake_node) by extensions ['ros']
[0.931s] Level 1:colcon.colcon_core.package_identification:_identify(src/turtlebot3_simulations/turtlebot3_fake_node) by extension 'ros'
[0.931s] DEBUG:colcon.colcon_core.package_identification:Package 'src/turtlebot3_simulations/turtlebot3_fake_node' with type 'ros.ament_cmake' and name 'turtlebot3_fake_node'
[0.932s] Level 1:colcon.colcon_core.package_identification:_identify(src/turtlebot3_simulations/turtlebot3_gazebo) by extensions ['ignore', 'ignore_ament_install']
[0.932s] Level 1:colcon.colcon_core.package_identification:_identify(src/turtlebot3_simulations/turtlebot3_gazebo) by extension 'ignore'
[0.932s] Level 1:colcon.colcon_core.package_identification:_identify(src/turtlebot3_simulations/turtlebot3_gazebo) by extension 'ignore_ament_install'
[0.932s] Level 1:colcon.colcon_core.package_identification:_identify(src/turtlebot3_simulations/turtlebot3_gazebo) by extensions ['colcon_pkg']
[0.932s] Level 1:colcon.colcon_core.package_identification:_identify(src/turtlebot3_simulations/turtlebot3_gazebo) by extension 'colcon_pkg'
[0.932s] Level 1:colcon.colcon_core.package_identification:_identify(src/turtlebot3_simulations/turtlebot3_gazebo) by extensions ['colcon_meta']
[0.932s] Level 1:colcon.colcon_core.package_identification:_identify(src/turtlebot3_simulations/turtlebot3_gazebo) by extension 'colcon_meta'
[0.932s] Level 1:colcon.colcon_core.package_identification:_identify(src/turtlebot3_simulations/turtlebot3_gazebo) by extensions ['ros']
[0.932s] Level 1:colcon.colcon_core.package_identification:_identify(src/turtlebot3_simulations/turtlebot3_gazebo) by extension 'ros'
[0.932s] DEBUG:colcon.colcon_core.package_identification:Package 'src/turtlebot3_simulations/turtlebot3_gazebo' with type 'ros.ament_cmake' and name 'turtlebot3_gazebo'
[0.932s] Level 1:colcon.colcon_core.package_identification:_identify(src/turtlebot3_simulations/turtlebot3_simulations) by extensions ['ignore', 'ignore_ament_install']
[0.932s] Level 1:colcon.colcon_core.package_identification:_identify(src/turtlebot3_simulations/turtlebot3_simulations) by extension 'ignore'
[0.932s] Level 1:colcon.colcon_core.package_identification:_identify(src/turtlebot3_simulations/turtlebot3_simulations) by extension 'ignore_ament_install'
[0.932s] Level 1:colcon.colcon_core.package_identification:_identify(src/turtlebot3_simulations/turtlebot3_simulations) by extensions ['colcon_pkg']
[0.932s] Level 1:colcon.colcon_core.package_identification:_identify(src/turtlebot3_simulations/turtlebot3_simulations) by extension 'colcon_pkg'
[0.932s] Level 1:colcon.colcon_core.package_identification:_identify(src/turtlebot3_simulations/turtlebot3_simulations) by extensions ['colcon_meta']
[0.933s] Level 1:colcon.colcon_core.package_identification:_identify(src/turtlebot3_simulations/turtlebot3_simulations) by extension 'colcon_meta'
[0.933s] Level 1:colcon.colcon_core.package_identification:_identify(src/turtlebot3_simulations/turtlebot3_simulations) by extensions ['ros']
[0.933s] Level 1:colcon.colcon_core.package_identification:_identify(src/turtlebot3_simulations/turtlebot3_simulations) by extension 'ros'
[0.933s] DEBUG:colcon.colcon_core.package_identification:Package 'src/turtlebot3_simulations/turtlebot3_simulations' with type 'ros.ament_cmake' and name 'turtlebot3_simulations'
[0.933s] Level 1:colcon.colcon_core.package_discovery:discover_packages(recursive) using defaults
[0.933s] Level 1:colcon.colcon_core.package_discovery:discover_packages(ignore) discover
[0.933s] Level 1:colcon.colcon_core.package_discovery:discover_packages(ignore) using defaults
[0.933s] Level 1:colcon.colcon_core.package_discovery:discover_packages(path) discover
[0.933s] Level 1:colcon.colcon_core.package_discovery:discover_packages(path) using defaults
[0.992s] Level 1:colcon.colcon_core.package_discovery:discover_packages(prefix_path) check parameters
[0.992s] Level 1:colcon.colcon_core.package_discovery:discover_packages(prefix_path) discover
[1.010s] DEBUG:colcon.colcon_installed_package_information.package_discovery:Found 1 installed packages in /home/autolab/ros2_ws/install
[1.020s] DEBUG:colcon.colcon_installed_package_information.package_discovery:Found 442 installed packages in /opt/ros/humble
[1.021s] Level 1:colcon.colcon_core.package_discovery:discover_packages(prefix_path) using defaults
[1.085s] Level 5:colcon.colcon_core.verb:set package 'my_robot_controller' build argument 'cmake_args' from command line to 'None'
[1.085s] Level 5:colcon.colcon_core.verb:set package 'my_robot_controller' build argument 'cmake_target' from command line to 'None'
[1.085s] Level 5:colcon.colcon_core.verb:set package 'my_robot_controller' build argument 'cmake_target_skip_unavailable' from command line to 'False'
[1.085s] Level 5:colcon.colcon_core.verb:set package 'my_robot_controller' build argument 'cmake_clean_cache' from command line to 'False'
[1.085s] Level 5:colcon.colcon_core.verb:set package 'my_robot_controller' build argument 'cmake_clean_first' from command line to 'False'
[1.085s] Level 5:colcon.colcon_core.verb:set package 'my_robot_controller' build argument 'cmake_force_configure' from command line to 'False'
[1.085s] Level 5:colcon.colcon_core.verb:set package 'my_robot_controller' build argument 'ament_cmake_args' from command line to 'None'
[1.085s] Level 5:colcon.colcon_core.verb:set package 'my_robot_controller' build argument 'catkin_cmake_args' from command line to 'None'
[1.085s] Level 5:colcon.colcon_core.verb:set package 'my_robot_controller' build argument 'catkin_skip_building_tests' from command line to 'False'
[1.085s] DEBUG:colcon.colcon_core.verb:Building package 'my_robot_controller' with the following arguments: {'ament_cmake_args': None, 'build_base': '/home/autolab/ros2_ws/build/my_robot_controller', 'catkin_cmake_args': None, 'catkin_skip_building_tests': False, 'cmake_args': None, 'cmake_clean_cache': False, 'cmake_clean_first': False, 'cmake_force_configure': False, 'cmake_target': None, 'cmake_target_skip_unavailable': False, 'install_base': '/home/autolab/ros2_ws/install/my_robot_controller', 'merge_install': False, 'path': '/home/autolab/ros2_ws/src/my_robot_controller', 'symlink_install': True, 'test_result_base': None}
[1.093s] Level 5:colcon.colcon_core.verb:set package 'turtlebot3_fake_node' build argument 'cmake_args' from command line to 'None'
[1.093s] Level 5:colcon.colcon_core.verb:set package 'turtlebot3_fake_node' build argument 'cmake_target' from command line to 'None'
[1.093s] Level 5:colcon.colcon_core.verb:set package 'turtlebot3_fake_node' build argument 'cmake_target_skip_unavailable' from command line to 'False'
[1.093s] Level 5:colcon.colcon_core.verb:set package 'turtlebot3_fake_node' build argument 'cmake_clean_cache' from command line to 'False'
[1.093s] Level 5:colcon.colcon_core.verb:set package 'turtlebot3_fake_node' build argument 'cmake_clean_first' from command line to 'False'
[1.093s] Level 5:colcon.colcon_core.verb:set package 'turtlebot3_fake_node' build argument 'cmake_force_configure' from command line to 'False'
[1.093s] Level 5:colcon.colcon_core.verb:set package 'turtlebot3_fake_node' build argument 'ament_cmake_args' from command line to 'None'
[1.093s] Level 5:colcon.colcon_core.verb:set package 'turtlebot3_fake_node' build argument 'catkin_cmake_args' from command line to 'None'
[1.093s] Level 5:colcon.colcon_core.verb:set package 'turtlebot3_fake_node' build argument 'catkin_skip_building_tests' from command line to 'False'
[1.093s] DEBUG:colcon.colcon_core.verb:Building package 'turtlebot3_fake_node' with the following arguments: {'ament_cmake_args': None, 'build_base': '/home/autolab/ros2_ws/build/turtlebot3_fake_node', 'catkin_cmake_args': None, 'catkin_skip_building_tests': False, 'cmake_args': None, 'cmake_clean_cache': False, 'cmake_clean_first': False, 'cmake_force_configure': False, 'cmake_target': None, 'cmake_target_skip_unavailable': False, 'install_base': '/home/autolab/ros2_ws/install/turtlebot3_fake_node', 'merge_install': False, 'path': '/home/autolab/ros2_ws/src/turtlebot3_simulations/turtlebot3_fake_node', 'symlink_install': True, 'test_result_base': None}
[1.102s] Level 5:colcon.colcon_core.verb:set package 'turtlebot3_gazebo' build argument 'cmake_args' from command line to 'None'
[1.102s] Level 5:colcon.colcon_core.verb:set package 'turtlebot3_gazebo' build argument 'cmake_target' from command line to 'None'
[1.102s] Level 5:colcon.colcon_core.verb:set package 'turtlebot3_gazebo' build argument 'cmake_target_skip_unavailable' from command line to 'False'
[1.102s] Level 5:colcon.colcon_core.verb:set package 'turtlebot3_gazebo' build argument 'cmake_clean_cache' from command line to 'False'
[1.102s] Level 5:colcon.colcon_core.verb:set package 'turtlebot3_gazebo' build argument 'cmake_clean_first' from command line to 'False'
[1.102s] Level 5:colcon.colcon_core.verb:set package 'turtlebot3_gazebo' build argument 'cmake_force_configure' from command line to 'False'
[1.102s] Level 5:colcon.colcon_core.verb:set package 'turtlebot3_gazebo' build argument 'ament_cmake_args' from command line to 'None'
[1.102s] Level 5:colcon.colcon_core.verb:set package 'turtlebot3_gazebo' build argument 'catkin_cmake_args' from command line to 'None'
[1.102s] Level 5:colcon.colcon_core.verb:set package 'turtlebot3_gazebo' build argument 'catkin_skip_building_tests' from command line to 'False'
[1.102s] DEBUG:colcon.colcon_core.verb:Building package 'turtlebot3_gazebo' with the following arguments: {'ament_cmake_args': None, 'build_base': '/home/autolab/ros2_ws/build/turtlebot3_gazebo', 'catkin_cmake_args': None, 'catkin_skip_building_tests': False, 'cmake_args': None, 'cmake_clean_cache': False, 'cmake_clean_first': False, 'cmake_force_configure': False, 'cmake_target': None, 'cmake_target_skip_unavailable': False, 'install_base': '/home/autolab/ros2_ws/install/turtlebot3_gazebo', 'merge_install': False, 'path': '/home/autolab/ros2_ws/src/turtlebot3_simulations/turtlebot3_gazebo', 'symlink_install': True, 'test_result_base': None}
[1.110s] Level 5:colcon.colcon_core.verb:set package 'turtlebot3_simulations' build argument 'cmake_args' from command line to 'None'
[1.111s] Level 5:colcon.colcon_core.verb:set package 'turtlebot3_simulations' build argument 'cmake_target' from command line to 'None'
[1.111s] Level 5:colcon.colcon_core.verb:set package 'turtlebot3_simulations' build argument 'cmake_target_skip_unavailable' from command line to 'False'
[1.111s] Level 5:colcon.colcon_core.verb:set package 'turtlebot3_simulations' build argument 'cmake_clean_cache' from command line to 'False'
[1.111s] Level 5:colcon.colcon_core.verb:set package 'turtlebot3_simulations' build argument 'cmake_clean_first' from command line to 'False'
[1.111s] Level 5:colcon.colcon_core.verb:set package 'turtlebot3_simulations' build argument 'cmake_force_configure' from command line to 'False'
[1.111s] Level 5:colcon.colcon_core.verb:set package 'turtlebot3_simulations' build argument 'ament_cmake_args' from command line to 'None'
[1.111s] Level 5:colcon.colcon_core.verb:set package 'turtlebot3_simulations' build argument 'catkin_cmake_args' from command line to 'None'
[1.111s] Level 5:colcon.colcon_core.verb:set package 'turtlebot3_simulations' build argument 'catkin_skip_building_tests' from command line to 'False'
[1.111s] DEBUG:colcon.colcon_core.verb:Building package 'turtlebot3_simulations' with the following arguments: {'ament_cmake_args': None, 'build_base': '/home/autolab/ros2_ws/build/turtlebot3_simulations', 'catkin_cmake_args': None, 'catkin_skip_building_tests': False, 'cmake_args': None, 'cmake_clean_cache': False, 'cmake_clean_first': False, 'cmake_force_configure': False, 'cmake_target': None, 'cmake_target_skip_unavailable': False, 'install_base': '/home/autolab/ros2_ws/install/turtlebot3_simulations', 'merge_install': False, 'path': '/home/autolab/ros2_ws/src/turtlebot3_simulations/turtlebot3_simulations', 'symlink_install': True, 'test_result_base': None}
[1.119s] INFO:colcon.colcon_core.executor:Executing jobs using 'parallel' executor
[1.128s] DEBUG:colcon.colcon_parallel_executor.executor.parallel:run_until_complete
[1.128s] INFO:colcon.colcon_ros.task.ament_cmake.build:Building ROS package in '/home/autolab/ros2_ws/src/turtlebot3_simulations/turtlebot3_fake_node' with build type 'ament_cmake'
[1.128s] INFO:colcon.colcon_cmake.task.cmake.build:Building CMake package in '/home/autolab/ros2_ws/src/turtlebot3_simulations/turtlebot3_fake_node'
[1.139s] INFO:colcon.colcon_core.plugin_system:Skipping extension 'colcon_core.shell.bat': Not used on non-Windows systems
[1.139s] INFO:colcon.colcon_core.shell:Skip shell extension 'powershell' for command environment: Not usable outside of PowerShell
[1.139s] DEBUG:colcon.colcon_core.shell:Skip shell extension 'dsv' for command environment
[1.167s] INFO:colcon.colcon_ros.task.ament_cmake.build:Building ROS package in '/home/autolab/ros2_ws/src/turtlebot3_simulations/turtlebot3_gazebo' with build type 'ament_cmake'
[1.167s] INFO:colcon.colcon_cmake.task.cmake.build:Building CMake package in '/home/autolab/ros2_ws/src/turtlebot3_simulations/turtlebot3_gazebo'
[1.177s] INFO:colcon.colcon_core.shell:Skip shell extension 'powershell' for command environment: Not usable outside of PowerShell
[1.177s] DEBUG:colcon.colcon_core.shell:Skip shell extension 'dsv' for command environment
[1.205s] INFO:colcon.colcon_ros.task.ament_python.build:Building ROS package in '/home/autolab/ros2_ws/src/my_robot_controller' with build type 'ament_python'
[1.205s] Level 1:colcon.colcon_core.shell:create_environment_hook('my_robot_controller', 'ament_prefix_path')
[1.214s] INFO:colcon.colcon_core.shell:Creating environment hook '/home/autolab/ros2_ws/install/my_robot_controller/share/my_robot_controller/hook/ament_prefix_path.ps1'
[1.214s] INFO:colcon.colcon_core.shell:Creating environment descriptor '/home/autolab/ros2_ws/install/my_robot_controller/share/my_robot_controller/hook/ament_prefix_path.dsv'
[1.215s] INFO:colcon.colcon_core.shell:Creating environment hook '/home/autolab/ros2_ws/install/my_robot_controller/share/my_robot_controller/hook/ament_prefix_path.sh'
[1.224s] INFO:colcon.colcon_core.shell:Skip shell extension 'powershell' for command environment: Not usable outside of PowerShell
[1.224s] DEBUG:colcon.colcon_core.shell:Skip shell extension 'dsv' for command environment
[1.254s] DEBUG:colcon.colcon_core.event_handler.log_command:Invoking command in '/home/autolab/ros2_ws/build/turtlebot3_fake_node': CMAKE_PREFIX_PATH=/home/autolab/ros2_ws/install/my_robot_controller:/opt/ros/humble /usr/bin/cmake /home/autolab/ros2_ws/src/turtlebot3_simulations/turtlebot3_fake_node -DAMENT_CMAKE_SYMLINK_INSTALL=1 -DCMAKE_INSTALL_PREFIX=/home/autolab/ros2_ws/install/turtlebot3_fake_node
[1.256s] DEBUG:colcon.colcon_core.event_handler.log_command:Invoking command in '/home/autolab/ros2_ws/build/turtlebot3_gazebo': CMAKE_PREFIX_PATH=/home/autolab/ros2_ws/install/my_robot_controller:/opt/ros/humble /usr/bin/cmake /home/autolab/ros2_ws/src/turtlebot3_simulations/turtlebot3_gazebo -DAMENT_CMAKE_SYMLINK_INSTALL=1 -DCMAKE_INSTALL_PREFIX=/home/autolab/ros2_ws/install/turtlebot3_gazebo
[1.443s] INFO:colcon.colcon_core.task.python.build:Building Python package in '/home/autolab/ros2_ws/src/my_robot_controller'
[1.454s] INFO:colcon.colcon_core.shell:Skip shell extension 'powershell' for command environment: Not usable outside of PowerShell
[1.454s] DEBUG:colcon.colcon_core.shell:Skip shell extension 'dsv' for command environment
[1.748s] DEBUG:colcon.colcon_core.task.python.build:While undoing a previous installation files outside the Python library path are being ignored: /home/autolab/ros2_ws/install/my_robot_controller/share/ament_index/resource_index/packages/my_robot_controller
[1.748s] DEBUG:colcon.colcon_core.task.python.build:While undoing a previous installation files outside the Python library path are being ignored: /home/autolab/ros2_ws/install/my_robot_controller/share/my_robot_controller/package.xml
[1.749s] DEBUG:colcon.colcon_core.task.python.build:While undoing a previous installation files outside the Python library path are being ignored: /home/autolab/ros2_ws/install/my_robot_controller/lib/my_robot_controller/draw_circle
[1.749s] DEBUG:colcon.colcon_core.task.python.build:While undoing a previous installation files outside the Python library path are being ignored: /home/autolab/ros2_ws/install/my_robot_controller/lib/my_robot_controller/test_node
[1.750s] DEBUG:colcon.colcon_core.event_handler.log_command:Invoking command in '/home/autolab/ros2_ws/build/my_robot_controller': PYTHONPATH=/home/autolab/ros2_ws/build/my_robot_controller/prefix_override:/home/autolab/ros2_ws/install/my_robot_controller/lib/python3.10/site-packages:${PYTHONPATH} /usr/bin/python3 setup.py develop --editable --build-directory /home/autolab/ros2_ws/build/my_robot_controller/build --no-deps install_data
[2.051s] Level 1:colcon.colcon_core.shell:create_environment_hook('my_robot_controller', 'pythonpath_develop')
[2.051s] DEBUG:colcon.colcon_core.event_handler.log_command:Invoked command in '/home/autolab/ros2_ws/build/my_robot_controller' returned '0': PYTHONPATH=/home/autolab/ros2_ws/build/my_robot_controller/prefix_override:/home/autolab/ros2_ws/install/my_robot_controller/lib/python3.10/site-packages:${PYTHONPATH} /usr/bin/python3 setup.py develop --editable --build-directory /home/autolab/ros2_ws/build/my_robot_controller/build --no-deps install_data
[2.062s] INFO:colcon.colcon_core.shell:Creating environment hook '/home/autolab/ros2_ws/build/my_robot_controller/share/my_robot_controller/hook/pythonpath_develop.ps1'
[2.062s] INFO:colcon.colcon_core.shell:Creating environment descriptor '/home/autolab/ros2_ws/build/my_robot_controller/share/my_robot_controller/hook/pythonpath_develop.dsv'
[2.062s] INFO:colcon.colcon_core.shell:Creating environment hook '/home/autolab/ros2_ws/build/my_robot_controller/share/my_robot_controller/hook/pythonpath_develop.sh'
[2.075s] Level 1:colcon.colcon_core.environment:checking '/home/autolab/ros2_ws/install/my_robot_controller' for CMake module files
[2.075s] Level 1:colcon.colcon_core.environment:checking '/home/autolab/ros2_ws/install/my_robot_controller' for CMake config files
[2.076s] Level 1:colcon.colcon_core.environment:checking '/home/autolab/ros2_ws/install/my_robot_controller/lib'
[2.076s] Level 1:colcon.colcon_core.environment:checking '/home/autolab/ros2_ws/install/my_robot_controller/bin'
[2.076s] Level 1:colcon.colcon_core.environment:checking '/home/autolab/ros2_ws/install/my_robot_controller/lib/pkgconfig/my_robot_controller.pc'
[2.076s] Level 1:colcon.colcon_core.environment:checking '/home/autolab/ros2_ws/install/my_robot_controller/lib/python3.10/site-packages'
[2.076s] Level 1:colcon.colcon_core.shell:create_environment_hook('my_robot_controller', 'pythonpath')
[2.085s] INFO:colcon.colcon_core.shell:Creating environment hook '/home/autolab/ros2_ws/install/my_robot_controller/share/my_robot_controller/hook/pythonpath.ps1'
[2.086s] INFO:colcon.colcon_core.shell:Creating environment descriptor '/home/autolab/ros2_ws/install/my_robot_controller/share/my_robot_controller/hook/pythonpath.dsv'
[2.086s] INFO:colcon.colcon_core.shell:Creating environment hook '/home/autolab/ros2_ws/install/my_robot_controller/share/my_robot_controller/hook/pythonpath.sh'
[2.086s] Level 1:colcon.colcon_core.environment:checking '/home/autolab/ros2_ws/install/my_robot_controller/bin'
[2.086s] Level 1:colcon.colcon_core.environment:create_environment_scripts_only(my_robot_controller)
[2.096s] INFO:colcon.colcon_core.shell:Creating package script '/home/autolab/ros2_ws/install/my_robot_controller/share/my_robot_controller/package.ps1'
[2.096s] INFO:colcon.colcon_core.shell:Creating package descriptor '/home/autolab/ros2_ws/install/my_robot_controller/share/my_robot_controller/package.dsv'
[2.097s] INFO:colcon.colcon_core.shell:Creating package script '/home/autolab/ros2_ws/install/my_robot_controller/share/my_robot_controller/package.sh'
[2.097s] INFO:colcon.colcon_core.shell:Creating package script '/home/autolab/ros2_ws/install/my_robot_controller/share/my_robot_controller/package.bash'
[2.097s] INFO:colcon.colcon_core.shell:Creating package script '/home/autolab/ros2_ws/install/my_robot_controller/share/my_robot_controller/package.zsh'
[2.098s] Level 1:colcon.colcon_core.environment:create_file_with_runtime_dependencies(/home/autolab/ros2_ws/install/my_robot_controller/share/colcon-core/packages/my_robot_controller)
[2.326s] DEBUG:colcon.colcon_core.event_handler.log_command:Invoked command in '/home/autolab/ros2_ws/build/turtlebot3_fake_node' returned '0': CMAKE_PREFIX_PATH=/home/autolab/ros2_ws/install/my_robot_controller:/opt/ros/humble /usr/bin/cmake /home/autolab/ros2_ws/src/turtlebot3_simulations/turtlebot3_fake_node -DAMENT_CMAKE_SYMLINK_INSTALL=1 -DCMAKE_INSTALL_PREFIX=/home/autolab/ros2_ws/install/turtlebot3_fake_node
[2.327s] DEBUG:colcon.colcon_core.event_handler.log_command:Invoking command in '/home/autolab/ros2_ws/build/turtlebot3_fake_node': CMAKE_PREFIX_PATH=/home/autolab/ros2_ws/install/my_robot_controller:/opt/ros/humble /usr/bin/cmake --build /home/autolab/ros2_ws/build/turtlebot3_fake_node -- -j20 -l20
[2.733s] DEBUG:colcon.colcon_core.event_handler.log_command:Invoked command in '/home/autolab/ros2_ws/build/turtlebot3_gazebo' returned '0': CMAKE_PREFIX_PATH=/home/autolab/ros2_ws/install/my_robot_controller:/opt/ros/humble /usr/bin/cmake /home/autolab/ros2_ws/src/turtlebot3_simulations/turtlebot3_gazebo -DAMENT_CMAKE_SYMLINK_INSTALL=1 -DCMAKE_INSTALL_PREFIX=/home/autolab/ros2_ws/install/turtlebot3_gazebo
[2.733s] DEBUG:colcon.colcon_core.event_handler.log_command:Invoking command in '/home/autolab/ros2_ws/build/turtlebot3_gazebo': CMAKE_PREFIX_PATH=/home/autolab/ros2_ws/install/my_robot_controller:/opt/ros/humble /usr/bin/cmake --build /home/autolab/ros2_ws/build/turtlebot3_gazebo -- -j20 -l20
[8.606s] DEBUG:colcon.colcon_core.event_handler.log_command:Invoked command in '/home/autolab/ros2_ws/build/turtlebot3_fake_node' returned '0': CMAKE_PREFIX_PATH=/home/autolab/ros2_ws/install/my_robot_controller:/opt/ros/humble /usr/bin/cmake --build /home/autolab/ros2_ws/build/turtlebot3_fake_node -- -j20 -l20
[8.628s] DEBUG:colcon.colcon_core.event_handler.log_command:Invoking command in '/home/autolab/ros2_ws/build/turtlebot3_fake_node': CMAKE_PREFIX_PATH=/home/autolab/ros2_ws/install/my_robot_controller:/opt/ros/humble /usr/bin/cmake --install /home/autolab/ros2_ws/build/turtlebot3_fake_node
[8.782s] Level 1:colcon.colcon_core.environment:create_environment_scripts_only(turtlebot3_fake_node)
[8.783s] DEBUG:colcon.colcon_core.event_handler.log_command:Invoked command in '/home/autolab/ros2_ws/build/turtlebot3_fake_node' returned '0': CMAKE_PREFIX_PATH=/home/autolab/ros2_ws/install/my_robot_controller:/opt/ros/humble /usr/bin/cmake --install /home/autolab/ros2_ws/build/turtlebot3_fake_node
[8.794s] Level 1:colcon.colcon_core.environment:checking '/home/autolab/ros2_ws/install/turtlebot3_fake_node' for CMake module files
[8.794s] Level 1:colcon.colcon_core.environment:checking '/home/autolab/ros2_ws/install/turtlebot3_fake_node' for CMake config files
[8.794s] Level 1:colcon.colcon_core.shell:create_environment_hook('turtlebot3_fake_node', 'cmake_prefix_path')
[8.805s] INFO:colcon.colcon_core.shell:Creating environment hook '/home/autolab/ros2_ws/install/turtlebot3_fake_node/share/turtlebot3_fake_node/hook/cmake_prefix_path.ps1'
[8.805s] INFO:colcon.colcon_core.shell:Creating environment descriptor '/home/autolab/ros2_ws/install/turtlebot3_fake_node/share/turtlebot3_fake_node/hook/cmake_prefix_path.dsv'
[8.805s] INFO:colcon.colcon_core.shell:Creating environment hook '/home/autolab/ros2_ws/install/turtlebot3_fake_node/share/turtlebot3_fake_node/hook/cmake_prefix_path.sh'
[8.806s] Level 1:colcon.colcon_core.environment:checking '/home/autolab/ros2_ws/install/turtlebot3_fake_node/lib'
[8.806s] Level 1:colcon.colcon_core.environment:checking '/home/autolab/ros2_ws/install/turtlebot3_fake_node/bin'
[8.806s] Level 1:colcon.colcon_core.environment:checking '/home/autolab/ros2_ws/install/turtlebot3_fake_node/lib/pkgconfig/turtlebot3_fake_node.pc'
[8.806s] Level 1:colcon.colcon_core.environment:checking '/home/autolab/ros2_ws/install/turtlebot3_fake_node/lib/python3.10/site-packages'
[8.806s] Level 1:colcon.colcon_core.environment:checking '/home/autolab/ros2_ws/install/turtlebot3_fake_node/bin'
[8.816s] INFO:colcon.colcon_core.shell:Creating package script '/home/autolab/ros2_ws/install/turtlebot3_fake_node/share/turtlebot3_fake_node/package.ps1'
[8.817s] INFO:colcon.colcon_core.shell:Creating package descriptor '/home/autolab/ros2_ws/install/turtlebot3_fake_node/share/turtlebot3_fake_node/package.dsv'
[8.817s] INFO:colcon.colcon_core.shell:Creating package script '/home/autolab/ros2_ws/install/turtlebot3_fake_node/share/turtlebot3_fake_node/package.sh'
[8.817s] INFO:colcon.colcon_core.shell:Creating package script '/home/autolab/ros2_ws/install/turtlebot3_fake_node/share/turtlebot3_fake_node/package.bash'
[8.817s] INFO:colcon.colcon_core.shell:Creating package script '/home/autolab/ros2_ws/install/turtlebot3_fake_node/share/turtlebot3_fake_node/package.zsh'
[8.817s] Level 1:colcon.colcon_core.environment:create_file_with_runtime_dependencies(/home/autolab/ros2_ws/install/turtlebot3_fake_node/share/colcon-core/packages/turtlebot3_fake_node)
[8.844s] Level 1:colcon.colcon_core.environment:create_environment_scripts_only(turtlebot3_fake_node)
[8.854s] Level 1:colcon.colcon_core.environment:checking '/home/autolab/ros2_ws/install/turtlebot3_fake_node' for CMake module files
[8.854s] Level 1:colcon.colcon_core.environment:checking '/home/autolab/ros2_ws/install/turtlebot3_fake_node' for CMake config files
[8.854s] Level 1:colcon.colcon_core.shell:create_environment_hook('turtlebot3_fake_node', 'cmake_prefix_path')
[8.864s] INFO:colcon.colcon_core.shell:Creating environment hook '/home/autolab/ros2_ws/install/turtlebot3_fake_node/share/turtlebot3_fake_node/hook/cmake_prefix_path.ps1'
[8.864s] INFO:colcon.colcon_core.shell:Creating environment descriptor '/home/autolab/ros2_ws/install/turtlebot3_fake_node/share/turtlebot3_fake_node/hook/cmake_prefix_path.dsv'
[8.864s] INFO:colcon.colcon_core.shell:Creating environment hook '/home/autolab/ros2_ws/install/turtlebot3_fake_node/share/turtlebot3_fake_node/hook/cmake_prefix_path.sh'
[8.865s] Level 1:colcon.colcon_core.environment:checking '/home/autolab/ros2_ws/install/turtlebot3_fake_node/lib'
[8.865s] Level 1:colcon.colcon_core.environment:checking '/home/autolab/ros2_ws/install/turtlebot3_fake_node/bin'
[8.865s] Level 1:colcon.colcon_core.environment:checking '/home/autolab/ros2_ws/install/turtlebot3_fake_node/lib/pkgconfig/turtlebot3_fake_node.pc'
[8.865s] Level 1:colcon.colcon_core.environment:checking '/home/autolab/ros2_ws/install/turtlebot3_fake_node/lib/python3.10/site-packages'
[8.865s] Level 1:colcon.colcon_core.environment:checking '/home/autolab/ros2_ws/install/turtlebot3_fake_node/bin'
[8.874s] INFO:colcon.colcon_core.shell:Creating package script '/home/autolab/ros2_ws/install/turtlebot3_fake_node/share/turtlebot3_fake_node/package.ps1'
[8.875s] INFO:colcon.colcon_core.shell:Creating package descriptor '/home/autolab/ros2_ws/install/turtlebot3_fake_node/share/turtlebot3_fake_node/package.dsv'
[8.875s] INFO:colcon.colcon_core.shell:Creating package script '/home/autolab/ros2_ws/install/turtlebot3_fake_node/share/turtlebot3_fake_node/package.sh'
[8.875s] INFO:colcon.colcon_core.shell:Creating package script '/home/autolab/ros2_ws/install/turtlebot3_fake_node/share/turtlebot3_fake_node/package.bash'
[8.875s] INFO:colcon.colcon_core.shell:Creating package script '/home/autolab/ros2_ws/install/turtlebot3_fake_node/share/turtlebot3_fake_node/package.zsh'
[8.876s] Level 1:colcon.colcon_core.environment:create_file_with_runtime_dependencies(/home/autolab/ros2_ws/install/turtlebot3_fake_node/share/colcon-core/packages/turtlebot3_fake_node)
[10.279s] DEBUG:colcon.colcon_core.event_handler.log_command:Invoked command in '/home/autolab/ros2_ws/build/turtlebot3_gazebo' returned '0': CMAKE_PREFIX_PATH=/home/autolab/ros2_ws/install/my_robot_controller:/opt/ros/humble /usr/bin/cmake --build /home/autolab/ros2_ws/build/turtlebot3_gazebo -- -j20 -l20
[10.328s] DEBUG:colcon.colcon_core.event_handler.log_command:Invoking command in '/home/autolab/ros2_ws/build/turtlebot3_gazebo': CMAKE_PREFIX_PATH=/home/autolab/ros2_ws/install/my_robot_controller:/opt/ros/humble /usr/bin/cmake --install /home/autolab/ros2_ws/build/turtlebot3_gazebo
[11.218s] Level 1:colcon.colcon_core.environment:create_environment_scripts_only(turtlebot3_gazebo)
[11.220s] DEBUG:colcon.colcon_core.event_handler.log_command:Invoked command in '/home/autolab/ros2_ws/build/turtlebot3_gazebo' returned '0': CMAKE_PREFIX_PATH=/home/autolab/ros2_ws/install/my_robot_controller:/opt/ros/humble /usr/bin/cmake --install /home/autolab/ros2_ws/build/turtlebot3_gazebo
[11.238s] Level 1:colcon.colcon_core.environment:checking '/home/autolab/ros2_ws/install/turtlebot3_gazebo' for CMake module files
[11.239s] Level 1:colcon.colcon_core.environment:checking '/home/autolab/ros2_ws/install/turtlebot3_gazebo' for CMake config files
[11.239s] Level 1:colcon.colcon_core.shell:create_environment_hook('turtlebot3_gazebo', 'cmake_prefix_path')
[11.248s] INFO:colcon.colcon_core.shell:Creating environment hook '/home/autolab/ros2_ws/install/turtlebot3_gazebo/share/turtlebot3_gazebo/hook/cmake_prefix_path.ps1'
[11.248s] INFO:colcon.colcon_core.shell:Creating environment descriptor '/home/autolab/ros2_ws/install/turtlebot3_gazebo/share/turtlebot3_gazebo/hook/cmake_prefix_path.dsv'
[11.248s] INFO:colcon.colcon_core.shell:Creating environment hook '/home/autolab/ros2_ws/install/turtlebot3_gazebo/share/turtlebot3_gazebo/hook/cmake_prefix_path.sh'
[11.249s] Level 1:colcon.colcon_core.environment:checking '/home/autolab/ros2_ws/install/turtlebot3_gazebo/lib'
[11.249s] Level 1:colcon.colcon_core.environment:checking '/home/autolab/ros2_ws/install/turtlebot3_gazebo/bin'
[11.249s] Level 1:colcon.colcon_core.environment:checking '/home/autolab/ros2_ws/install/turtlebot3_gazebo/lib/pkgconfig/turtlebot3_gazebo.pc'
[11.249s] Level 1:colcon.colcon_core.environment:checking '/home/autolab/ros2_ws/install/turtlebot3_gazebo/lib/python3.10/site-packages'
[11.249s] Level 1:colcon.colcon_core.environment:checking '/home/autolab/ros2_ws/install/turtlebot3_gazebo/bin'
[11.258s] INFO:colcon.colcon_core.shell:Creating package script '/home/autolab/ros2_ws/install/turtlebot3_gazebo/share/turtlebot3_gazebo/package.ps1'
[11.259s] INFO:colcon.colcon_core.shell:Creating package descriptor '/home/autolab/ros2_ws/install/turtlebot3_gazebo/share/turtlebot3_gazebo/package.dsv'
[11.259s] INFO:colcon.colcon_core.shell:Creating package script '/home/autolab/ros2_ws/install/turtlebot3_gazebo/share/turtlebot3_gazebo/package.sh'
[11.259s] INFO:colcon.colcon_core.shell:Creating package script '/home/autolab/ros2_ws/install/turtlebot3_gazebo/share/turtlebot3_gazebo/package.bash'
[11.259s] INFO:colcon.colcon_core.shell:Creating package script '/home/autolab/ros2_ws/install/turtlebot3_gazebo/share/turtlebot3_gazebo/package.zsh'
[11.259s] Level 1:colcon.colcon_core.environment:create_file_with_runtime_dependencies(/home/autolab/ros2_ws/install/turtlebot3_gazebo/share/colcon-core/packages/turtlebot3_gazebo)
[11.311s] Level 1:colcon.colcon_core.environment:create_environment_scripts_only(turtlebot3_gazebo)
[11.322s] Level 1:colcon.colcon_core.environment:checking '/home/autolab/ros2_ws/install/turtlebot3_gazebo' for CMake module files
[11.322s] Level 1:colcon.colcon_core.environment:checking '/home/autolab/ros2_ws/install/turtlebot3_gazebo' for CMake config files
[11.322s] Level 1:colcon.colcon_core.shell:create_environment_hook('turtlebot3_gazebo', 'cmake_prefix_path')
[11.331s] INFO:colcon.colcon_core.shell:Creating environment hook '/home/autolab/ros2_ws/install/turtlebot3_gazebo/share/turtlebot3_gazebo/hook/cmake_prefix_path.ps1'
[11.331s] INFO:colcon.colcon_core.shell:Creating environment descriptor '/home/autolab/ros2_ws/install/turtlebot3_gazebo/share/turtlebot3_gazebo/hook/cmake_prefix_path.dsv'
[11.332s] INFO:colcon.colcon_core.shell:Creating environment hook '/home/autolab/ros2_ws/install/turtlebot3_gazebo/share/turtlebot3_gazebo/hook/cmake_prefix_path.sh'
[11.332s] Level 1:colcon.colcon_core.environment:checking '/home/autolab/ros2_ws/install/turtlebot3_gazebo/lib'
[11.332s] Level 1:colcon.colcon_core.environment:checking '/home/autolab/ros2_ws/install/turtlebot3_gazebo/bin'
[11.332s] Level 1:colcon.colcon_core.environment:checking '/home/autolab/ros2_ws/install/turtlebot3_gazebo/lib/pkgconfig/turtlebot3_gazebo.pc'
[11.332s] Level 1:colcon.colcon_core.environment:checking '/home/autolab/ros2_ws/install/turtlebot3_gazebo/lib/python3.10/site-packages'
[11.332s] Level 1:colcon.colcon_core.environment:checking '/home/autolab/ros2_ws/install/turtlebot3_gazebo/bin'
[11.341s] INFO:colcon.colcon_core.shell:Creating package script '/home/autolab/ros2_ws/install/turtlebot3_gazebo/share/turtlebot3_gazebo/package.ps1'
[11.341s] INFO:colcon.colcon_core.shell:Creating package descriptor '/home/autolab/ros2_ws/install/turtlebot3_gazebo/share/turtlebot3_gazebo/package.dsv'
[11.341s] INFO:colcon.colcon_core.shell:Creating package script '/home/autolab/ros2_ws/install/turtlebot3_gazebo/share/turtlebot3_gazebo/package.sh'
[11.342s] INFO:colcon.colcon_core.shell:Creating package script '/home/autolab/ros2_ws/install/turtlebot3_gazebo/share/turtlebot3_gazebo/package.bash'
[11.342s] INFO:colcon.colcon_core.shell:Creating package script '/home/autolab/ros2_ws/install/turtlebot3_gazebo/share/turtlebot3_gazebo/package.zsh'
[11.342s] Level 1:colcon.colcon_core.environment:create_file_with_runtime_dependencies(/home/autolab/ros2_ws/install/turtlebot3_gazebo/share/colcon-core/packages/turtlebot3_gazebo)
[11.342s] INFO:colcon.colcon_ros.task.ament_cmake.build:Building ROS package in '/home/autolab/ros2_ws/src/turtlebot3_simulations/turtlebot3_simulations' with build type 'ament_cmake'
[11.342s] INFO:colcon.colcon_cmake.task.cmake.build:Building CMake package in '/home/autolab/ros2_ws/src/turtlebot3_simulations/turtlebot3_simulations'
[11.351s] INFO:colcon.colcon_core.shell:Skip shell extension 'powershell' for command environment: Not usable outside of PowerShell
[11.351s] DEBUG:colcon.colcon_core.shell:Skip shell extension 'dsv' for command environment
[11.383s] DEBUG:colcon.colcon_core.event_handler.log_command:Invoking command in '/home/autolab/ros2_ws/build/turtlebot3_simulations': AMENT_PREFIX_PATH=/home/autolab/ros2_ws/install/turtlebot3_gazebo:/home/autolab/ros2_ws/install/turtlebot3_fake_node:${AMENT_PREFIX_PATH} CMAKE_PREFIX_PATH=/home/autolab/ros2_ws/install/turtlebot3_gazebo:/home/autolab/ros2_ws/install/turtlebot3_fake_node:/home/autolab/ros2_ws/install/my_robot_controller:/opt/ros/humble /usr/bin/cmake /home/autolab/ros2_ws/src/turtlebot3_simulations/turtlebot3_simulations -DAMENT_CMAKE_SYMLINK_INSTALL=1 -DCMAKE_INSTALL_PREFIX=/home/autolab/ros2_ws/install/turtlebot3_simulations
[11.855s] DEBUG:colcon.colcon_core.event_handler.log_command:Invoked command in '/home/autolab/ros2_ws/build/turtlebot3_simulations' returned '0': AMENT_PREFIX_PATH=/home/autolab/ros2_ws/install/turtlebot3_gazebo:/home/autolab/ros2_ws/install/turtlebot3_fake_node:${AMENT_PREFIX_PATH} CMAKE_PREFIX_PATH=/home/autolab/ros2_ws/install/turtlebot3_gazebo:/home/autolab/ros2_ws/install/turtlebot3_fake_node:/home/autolab/ros2_ws/install/my_robot_controller:/opt/ros/humble /usr/bin/cmake /home/autolab/ros2_ws/src/turtlebot3_simulations/turtlebot3_simulations -DAMENT_CMAKE_SYMLINK_INSTALL=1 -DCMAKE_INSTALL_PREFIX=/home/autolab/ros2_ws/install/turtlebot3_simulations
[11.856s] DEBUG:colcon.colcon_core.event_handler.log_command:Invoking command in '/home/autolab/ros2_ws/build/turtlebot3_simulations': AMENT_PREFIX_PATH=/home/autolab/ros2_ws/install/turtlebot3_gazebo:/home/autolab/ros2_ws/install/turtlebot3_fake_node:${AMENT_PREFIX_PATH} CMAKE_PREFIX_PATH=/home/autolab/ros2_ws/install/turtlebot3_gazebo:/home/autolab/ros2_ws/install/turtlebot3_fake_node:/home/autolab/ros2_ws/install/my_robot_controller:/opt/ros/humble /usr/bin/cmake --build /home/autolab/ros2_ws/build/turtlebot3_simulations -- -j20 -l20
[11.884s] DEBUG:colcon.colcon_core.event_handler.log_command:Invoked command in '/home/autolab/ros2_ws/build/turtlebot3_simulations' returned '0': AMENT_PREFIX_PATH=/home/autolab/ros2_ws/install/turtlebot3_gazebo:/home/autolab/ros2_ws/install/turtlebot3_fake_node:${AMENT_PREFIX_PATH} CMAKE_PREFIX_PATH=/home/autolab/ros2_ws/install/turtlebot3_gazebo:/home/autolab/ros2_ws/install/turtlebot3_fake_node:/home/autolab/ros2_ws/install/my_robot_controller:/opt/ros/humble /usr/bin/cmake --build /home/autolab/ros2_ws/build/turtlebot3_simulations -- -j20 -l20
[11.916s] DEBUG:colcon.colcon_core.event_handler.log_command:Invoking command in '/home/autolab/ros2_ws/build/turtlebot3_simulations': AMENT_PREFIX_PATH=/home/autolab/ros2_ws/install/turtlebot3_gazebo:/home/autolab/ros2_ws/install/turtlebot3_fake_node:${AMENT_PREFIX_PATH} CMAKE_PREFIX_PATH=/home/autolab/ros2_ws/install/turtlebot3_gazebo:/home/autolab/ros2_ws/install/turtlebot3_fake_node:/home/autolab/ros2_ws/install/my_robot_controller:/opt/ros/humble /usr/bin/cmake --install /home/autolab/ros2_ws/build/turtlebot3_simulations
[12.123s] Level 1:colcon.colcon_core.environment:create_environment_scripts_only(turtlebot3_simulations)
[12.123s] DEBUG:colcon.colcon_core.event_handler.log_command:Invoked command in '/home/autolab/ros2_ws/build/turtlebot3_simulations' returned '0': AMENT_PREFIX_PATH=/home/autolab/ros2_ws/install/turtlebot3_gazebo:/home/autolab/ros2_ws/install/turtlebot3_fake_node:${AMENT_PREFIX_PATH} CMAKE_PREFIX_PATH=/home/autolab/ros2_ws/install/turtlebot3_gazebo:/home/autolab/ros2_ws/install/turtlebot3_fake_node:/home/autolab/ros2_ws/install/my_robot_controller:/opt/ros/humble /usr/bin/cmake --install /home/autolab/ros2_ws/build/turtlebot3_simulations
[12.143s] Level 1:colcon.colcon_core.environment:checking '/home/autolab/ros2_ws/install/turtlebot3_simulations' for CMake module files
[12.143s] Level 1:colcon.colcon_core.environment:checking '/home/autolab/ros2_ws/install/turtlebot3_simulations' for CMake config files
[12.143s] Level 1:colcon.colcon_core.shell:create_environment_hook('turtlebot3_simulations', 'cmake_prefix_path')
[12.152s] INFO:colcon.colcon_core.shell:Creating environment hook '/home/autolab/ros2_ws/install/turtlebot3_simulations/share/turtlebot3_simulations/hook/cmake_prefix_path.ps1'
[12.153s] INFO:colcon.colcon_core.shell:Creating environment descriptor '/home/autolab/ros2_ws/install/turtlebot3_simulations/share/turtlebot3_simulations/hook/cmake_prefix_path.dsv'
[12.153s] INFO:colcon.colcon_core.shell:Creating environment hook '/home/autolab/ros2_ws/install/turtlebot3_simulations/share/turtlebot3_simulations/hook/cmake_prefix_path.sh'
[12.153s] Level 1:colcon.colcon_core.environment:checking '/home/autolab/ros2_ws/install/turtlebot3_simulations/bin'
[12.153s] Level 1:colcon.colcon_core.environment:checking '/home/autolab/ros2_ws/install/turtlebot3_simulations/lib/pkgconfig/turtlebot3_simulations.pc'
[12.153s] Level 1:colcon.colcon_core.environment:checking '/home/autolab/ros2_ws/install/turtlebot3_simulations/lib/python3.10/site-packages'
[12.153s] Level 1:colcon.colcon_core.environment:checking '/home/autolab/ros2_ws/install/turtlebot3_simulations/bin'
[12.162s] INFO:colcon.colcon_core.shell:Creating package script '/home/autolab/ros2_ws/install/turtlebot3_simulations/share/turtlebot3_simulations/package.ps1'
[12.163s] INFO:colcon.colcon_core.shell:Creating package descriptor '/home/autolab/ros2_ws/install/turtlebot3_simulations/share/turtlebot3_simulations/package.dsv'
[12.163s] INFO:colcon.colcon_core.shell:Creating package script '/home/autolab/ros2_ws/install/turtlebot3_simulations/share/turtlebot3_simulations/package.sh'
[12.163s] INFO:colcon.colcon_core.shell:Creating package script '/home/autolab/ros2_ws/install/turtlebot3_simulations/share/turtlebot3_simulations/package.bash'
[12.163s] INFO:colcon.colcon_core.shell:Creating package script '/home/autolab/ros2_ws/install/turtlebot3_simulations/share/turtlebot3_simulations/package.zsh'
[12.163s] Level 1:colcon.colcon_core.environment:create_file_with_runtime_dependencies(/home/autolab/ros2_ws/install/turtlebot3_simulations/share/colcon-core/packages/turtlebot3_simulations)
[12.186s] Level 1:colcon.colcon_core.environment:create_environment_scripts_only(turtlebot3_simulations)
[12.195s] Level 1:colcon.colcon_core.environment:checking '/home/autolab/ros2_ws/install/turtlebot3_simulations' for CMake module files
[12.195s] Level 1:colcon.colcon_core.environment:checking '/home/autolab/ros2_ws/install/turtlebot3_simulations' for CMake config files
[12.195s] Level 1:colcon.colcon_core.shell:create_environment_hook('turtlebot3_simulations', 'cmake_prefix_path')
[12.205s] INFO:colcon.colcon_core.shell:Creating environment hook '/home/autolab/ros2_ws/install/turtlebot3_simulations/share/turtlebot3_simulations/hook/cmake_prefix_path.ps1'
[12.206s] INFO:colcon.colcon_core.shell:Creating environment descriptor '/home/autolab/ros2_ws/install/turtlebot3_simulations/share/turtlebot3_simulations/hook/cmake_prefix_path.dsv'
[12.206s] INFO:colcon.colcon_core.shell:Creating environment hook '/home/autolab/ros2_ws/install/turtlebot3_simulations/share/turtlebot3_simulations/hook/cmake_prefix_path.sh'
[12.206s] Level 1:colcon.colcon_core.environment:checking '/home/autolab/ros2_ws/install/turtlebot3_simulations/bin'
[12.206s] Level 1:colcon.colcon_core.environment:checking '/home/autolab/ros2_ws/install/turtlebot3_simulations/lib/pkgconfig/turtlebot3_simulations.pc'
[12.206s] Level 1:colcon.colcon_core.environment:checking '/home/autolab/ros2_ws/install/turtlebot3_simulations/lib/python3.10/site-packages'
[12.207s] Level 1:colcon.colcon_core.environment:checking '/home/autolab/ros2_ws/install/turtlebot3_simulations/bin'
[12.216s] INFO:colcon.colcon_core.shell:Creating package script '/home/autolab/ros2_ws/install/turtlebot3_simulations/share/turtlebot3_simulations/package.ps1'
[12.216s] INFO:colcon.colcon_core.shell:Creating package descriptor '/home/autolab/ros2_ws/install/turtlebot3_simulations/share/turtlebot3_simulations/package.dsv'
[12.216s] INFO:colcon.colcon_core.shell:Creating package script '/home/autolab/ros2_ws/install/turtlebot3_simulations/share/turtlebot3_simulations/package.sh'
[12.216s] INFO:colcon.colcon_core.shell:Creating package script '/home/autolab/ros2_ws/install/turtlebot3_simulations/share/turtlebot3_simulations/package.bash'
[12.216s] INFO:colcon.colcon_core.shell:Creating package script '/home/autolab/ros2_ws/install/turtlebot3_simulations/share/turtlebot3_simulations/package.zsh'
[12.217s] Level 1:colcon.colcon_core.environment:create_file_with_runtime_dependencies(/home/autolab/ros2_ws/install/turtlebot3_simulations/share/colcon-core/packages/turtlebot3_simulations)
[12.217s] DEBUG:colcon.colcon_parallel_executor.executor.parallel:closing loop
[12.217s] DEBUG:colcon.colcon_parallel_executor.executor.parallel:loop closed
[12.217s] DEBUG:colcon.colcon_parallel_executor.executor.parallel:run_until_complete finished with '0'
[12.217s] DEBUG:colcon.colcon_core.event_reactor:joining thread
[12.230s] INFO:colcon.colcon_core.plugin_system:Skipping extension 'colcon_notification.desktop_notification.terminal_notifier': Not used on non-Darwin systems
[12.230s] INFO:colcon.colcon_core.plugin_system:Skipping extension 'colcon_notification.desktop_notification.win32': Not used on non-Windows systems
[12.230s] INFO:colcon.colcon_notification.desktop_notification:Sending desktop notification using 'notify2'
[12.244s] DEBUG:colcon.colcon_core.event_reactor:joined thread
[12.256s] INFO:colcon.colcon_core.shell:Creating prefix script '/home/autolab/ros2_ws/install/local_setup.ps1'
[12.257s] INFO:colcon.colcon_core.shell:Creating prefix util module '/home/autolab/ros2_ws/install/_local_setup_util_ps1.py'
[12.257s] INFO:colcon.colcon_core.shell:Creating prefix chain script '/home/autolab/ros2_ws/install/setup.ps1'
[12.267s] INFO:colcon.colcon_core.shell:Creating prefix script '/home/autolab/ros2_ws/install/local_setup.sh'
[12.267s] INFO:colcon.colcon_core.shell:Creating prefix util module '/home/autolab/ros2_ws/install/_local_setup_util_sh.py'
[12.268s] INFO:colcon.colcon_core.shell:Creating prefix chain script '/home/autolab/ros2_ws/install/setup.sh'
[12.277s] INFO:colcon.colcon_core.shell:Creating prefix script '/home/autolab/ros2_ws/install/local_setup.bash'
[12.277s] INFO:colcon.colcon_core.shell:Creating prefix chain script '/home/autolab/ros2_ws/install/setup.bash'
[12.287s] INFO:colcon.colcon_core.shell:Creating prefix script '/home/autolab/ros2_ws/install/local_setup.zsh'
[12.287s] INFO:colcon.colcon_core.shell:Creating prefix chain script '/home/autolab/ros2_ws/install/setup.zsh'
