[0.360s] Invoking command in '/home/autolab/ros2_ws/build/turtlebot3_navigation2': CMAKE_PREFIX_PATH=${CMAKE_PREFIX_PATH}:/home/autolab/ros2_ws/install/turtlebot3_teleop:/home/autolab/ros2_ws/install/turtlebot3_example:/home/autolab/ros2_ws/install/my_robot_controller:/opt/ros/humble /usr/bin/cmake /home/autolab/ros2_ws/src/turtlebot3/turtlebot3_navigation2 -DAMENT_CMAKE_SYMLINK_INSTALL=1 -DCMAKE_INSTALL_PREFIX=/home/autolab/ros2_ws/install/turtlebot3_navigation2
[0.577s] -- Found ament_cmake: 1.3.8 (/opt/ros/humble/share/ament_cmake/cmake)
[0.577s] -- Override CMake install command with custom implementation using symlinks instead of copying resources
[0.577s] -- Configuring done
[0.577s] -- Generating done
[0.577s] -- Build files have been written to: /home/autolab/ros2_ws/build/turtlebot3_navigation2
[0.799s] Invoked command in '/home/autolab/ros2_ws/build/turtlebot3_navigation2' returned '0': CMAKE_PREFIX_PATH=${CMAKE_PREFIX_PATH}:/home/autolab/ros2_ws/install/turtlebot3_teleop:/home/autolab/ros2_ws/install/turtlebot3_example:/home/autolab/ros2_ws/install/my_robot_controller:/opt/ros/humble /usr/bin/cmake /home/autolab/ros2_ws/src/turtlebot3/turtlebot3_navigation2 -DAMENT_CMAKE_SYMLINK_INSTALL=1 -DCMAKE_INSTALL_PREFIX=/home/autolab/ros2_ws/install/turtlebot3_navigation2
[0.800s] Invoking command in '/home/autolab/ros2_ws/build/turtlebot3_navigation2': CMAKE_PREFIX_PATH=${CMAKE_PREFIX_PATH}:/home/autolab/ros2_ws/install/turtlebot3_teleop:/home/autolab/ros2_ws/install/turtlebot3_example:/home/autolab/ros2_ws/install/my_robot_controller:/opt/ros/humble /usr/bin/cmake --build /home/autolab/ros2_ws/build/turtlebot3_navigation2 -- -j20 -l20
[0.821s] Invoked command in '/home/autolab/ros2_ws/build/turtlebot3_navigation2' returned '0': CMAKE_PREFIX_PATH=${CMAKE_PREFIX_PATH}:/home/autolab/ros2_ws/install/turtlebot3_teleop:/home/autolab/ros2_ws/install/turtlebot3_example:/home/autolab/ros2_ws/install/my_robot_controller:/opt/ros/humble /usr/bin/cmake --build /home/autolab/ros2_ws/build/turtlebot3_navigation2 -- -j20 -l20
[0.840s] Invoking command in '/home/autolab/ros2_ws/build/turtlebot3_navigation2': CMAKE_PREFIX_PATH=${CMAKE_PREFIX_PATH}:/home/autolab/ros2_ws/install/turtlebot3_teleop:/home/autolab/ros2_ws/install/turtlebot3_example:/home/autolab/ros2_ws/install/my_robot_controller:/opt/ros/humble /usr/bin/cmake --install /home/autolab/ros2_ws/build/turtlebot3_navigation2
[0.846s] -- Install configuration: ""
[0.846s] -- Execute custom install script
[0.847s] -- Up-to-date symlink: /home/autolab/ros2_ws/install/turtlebot3_navigation2/share/turtlebot3_navigation2/launch/navigation2.launch.py
[0.848s] -- Up-to-date symlink: /home/autolab/ros2_ws/install/turtlebot3_navigation2/share/turtlebot3_navigation2/map/map.pgm
[0.848s] -- Up-to-date symlink: /home/autolab/ros2_ws/install/turtlebot3_navigation2/share/turtlebot3_navigation2/map/map.yaml
[0.848s] -- Up-to-date symlink: /home/autolab/ros2_ws/install/turtlebot3_navigation2/share/turtlebot3_navigation2/param/burger.yaml
[0.848s] -- Up-to-date symlink: /home/autolab/ros2_ws/install/turtlebot3_navigation2/share/turtlebot3_navigation2/param/waffle.yaml
[0.848s] -- Up-to-date symlink: /home/autolab/ros2_ws/install/turtlebot3_navigation2/share/turtlebot3_navigation2/param/waffle_pi.yaml
[0.848s] -- Up-to-date symlink: /home/autolab/ros2_ws/install/turtlebot3_navigation2/share/turtlebot3_navigation2/rviz/tb3_navigation2.rviz
[0.849s] -- Up-to-date symlink: /home/autolab/ros2_ws/install/turtlebot3_navigation2/share/ament_index/resource_index/package_run_dependencies/turtlebot3_navigation2
[0.849s] -- Up-to-date symlink: /home/autolab/ros2_ws/install/turtlebot3_navigation2/share/ament_index/resource_index/parent_prefix_path/turtlebot3_navigation2
[0.849s] -- Up-to-date symlink: /home/autolab/ros2_ws/install/turtlebot3_navigation2/share/turtlebot3_navigation2/environment/ament_prefix_path.sh
[0.849s] -- Up-to-date symlink: /home/autolab/ros2_ws/install/turtlebot3_navigation2/share/turtlebot3_navigation2/environment/ament_prefix_path.dsv
[0.849s] -- Up-to-date symlink: /home/autolab/ros2_ws/install/turtlebot3_navigation2/share/turtlebot3_navigation2/environment/path.sh
[0.849s] -- Up-to-date symlink: /home/autolab/ros2_ws/install/turtlebot3_navigation2/share/turtlebot3_navigation2/environment/path.dsv
[0.849s] -- Up-to-date symlink: /home/autolab/ros2_ws/install/turtlebot3_navigation2/share/turtlebot3_navigation2/local_setup.bash
[0.849s] -- Up-to-date symlink: /home/autolab/ros2_ws/install/turtlebot3_navigation2/share/turtlebot3_navigation2/local_setup.sh
[0.849s] -- Up-to-date symlink: /home/autolab/ros2_ws/install/turtlebot3_navigation2/share/turtlebot3_navigation2/local_setup.zsh
[0.850s] -- Up-to-date symlink: /home/autolab/ros2_ws/install/turtlebot3_navigation2/share/turtlebot3_navigation2/local_setup.dsv
[0.850s] -- Symlinking: /home/autolab/ros2_ws/install/turtlebot3_navigation2/share/turtlebot3_navigation2/package.dsv
[0.855s] -- Up-to-date symlink: /home/autolab/ros2_ws/install/turtlebot3_navigation2/share/ament_index/resource_index/packages/turtlebot3_navigation2
[0.855s] -- Up-to-date symlink: /home/autolab/ros2_ws/install/turtlebot3_navigation2/share/turtlebot3_navigation2/cmake/turtlebot3_navigation2Config.cmake
[0.855s] -- Up-to-date symlink: /home/autolab/ros2_ws/install/turtlebot3_navigation2/share/turtlebot3_navigation2/cmake/turtlebot3_navigation2Config-version.cmake
[0.856s] -- Up-to-date symlink: /home/autolab/ros2_ws/install/turtlebot3_navigation2/share/turtlebot3_navigation2/package.xml
[0.931s] Invoked command in '/home/autolab/ros2_ws/build/turtlebot3_navigation2' returned '0': CMAKE_PREFIX_PATH=${CMAKE_PREFIX_PATH}:/home/autolab/ros2_ws/install/turtlebot3_teleop:/home/autolab/ros2_ws/install/turtlebot3_example:/home/autolab/ros2_ws/install/my_robot_controller:/opt/ros/humble /usr/bin/cmake --install /home/autolab/ros2_ws/build/turtlebot3_navigation2
