[0.387s] Invoking command in '/home/autolab/ros2_ws/build/turtlebot3_description': CMAKE_PREFIX_PATH=${CMAKE_PREFIX_PATH}:/home/autolab/ros2_ws/install/my_robot_controller:/opt/ros/humble /usr/bin/cmake /home/autolab/ros2_ws/src/turtlebot3/turtlebot3_description -DAMENT_CMAKE_SYMLINK_INSTALL=1 -DCMAKE_INSTALL_PREFIX=/home/autolab/ros2_ws/install/turtlebot3_description
[1.051s] -- The C compiler identification is GNU 11.4.0
[1.051s] -- The CXX compiler identification is GNU 11.4.0
[1.051s] -- Detecting C compiler ABI info
[1.052s] -- Detecting C compiler ABI info - done
[1.052s] -- Check for working C compiler: /usr/bin/cc - skipped
[1.052s] -- Detecting C compile features
[1.052s] -- Detecting C compile features - done
[1.053s] -- Detecting CXX compiler ABI info
[1.053s] -- Detecting CXX compiler ABI info - done
[1.053s] -- Check for working CXX compiler: /usr/bin/c++ - skipped
[1.053s] -- Detecting CXX compile features
[1.053s] -- Detecting CXX compile features - done
[1.053s] -- Found ament_cmake: 1.3.8 (/opt/ros/humble/share/ament_cmake/cmake)
[1.053s] -- Found Python3: /usr/bin/python3 (found version "3.10.12") found components: Interpreter 
[1.053s] -- Override CMake install command with custom implementation using symlinks instead of copying resources
[1.053s] -- Found urdf: 2.6.0 (/opt/ros/humble/share/urdf/cmake)
[1.053s] -- Configuring done
[1.053s] -- Generating done
[1.053s] -- Build files have been written to: /home/autolab/ros2_ws/build/turtlebot3_description
[1.059s] Invoked command in '/home/autolab/ros2_ws/build/turtlebot3_description' returned '0': CMAKE_PREFIX_PATH=${CMAKE_PREFIX_PATH}:/home/autolab/ros2_ws/install/my_robot_controller:/opt/ros/humble /usr/bin/cmake /home/autolab/ros2_ws/src/turtlebot3/turtlebot3_description -DAMENT_CMAKE_SYMLINK_INSTALL=1 -DCMAKE_INSTALL_PREFIX=/home/autolab/ros2_ws/install/turtlebot3_description
[1.059s] Invoking command in '/home/autolab/ros2_ws/build/turtlebot3_description': CMAKE_PREFIX_PATH=${CMAKE_PREFIX_PATH}:/home/autolab/ros2_ws/install/my_robot_controller:/opt/ros/humble /usr/bin/cmake --build /home/autolab/ros2_ws/build/turtlebot3_description -- -j20 -l20
[1.083s] Invoked command in '/home/autolab/ros2_ws/build/turtlebot3_description' returned '0': CMAKE_PREFIX_PATH=${CMAKE_PREFIX_PATH}:/home/autolab/ros2_ws/install/my_robot_controller:/opt/ros/humble /usr/bin/cmake --build /home/autolab/ros2_ws/build/turtlebot3_description -- -j20 -l20
[1.098s] Invoking command in '/home/autolab/ros2_ws/build/turtlebot3_description': CMAKE_PREFIX_PATH=${CMAKE_PREFIX_PATH}:/home/autolab/ros2_ws/install/my_robot_controller:/opt/ros/humble /usr/bin/cmake --install /home/autolab/ros2_ws/build/turtlebot3_description
[1.102s] -- Install configuration: ""
[1.102s] -- Execute custom install script
[1.103s] -- Symlinking: /home/autolab/ros2_ws/install/turtlebot3_description/share/turtlebot3_description/meshes/bases/burger_base.stl
[1.108s] -- Symlinking: /home/autolab/ros2_ws/install/turtlebot3_description/share/turtlebot3_description/meshes/bases/waffle_base.stl
[1.114s] -- Symlinking: /home/autolab/ros2_ws/install/turtlebot3_description/share/turtlebot3_description/meshes/bases/waffle_pi_base.stl
[1.118s] -- Symlinking: /home/autolab/ros2_ws/install/turtlebot3_description/share/turtlebot3_description/meshes/sensors/astra.dae
[1.123s] -- Symlinking: /home/autolab/ros2_ws/install/turtlebot3_description/share/turtlebot3_description/meshes/sensors/astra.jpg
[1.128s] -- Symlinking: /home/autolab/ros2_ws/install/turtlebot3_description/share/turtlebot3_description/meshes/sensors/lds.stl
[1.134s] -- Symlinking: /home/autolab/ros2_ws/install/turtlebot3_description/share/turtlebot3_description/meshes/sensors/r200.dae
[1.138s] -- Symlinking: /home/autolab/ros2_ws/install/turtlebot3_description/share/turtlebot3_description/meshes/sensors/r200.jpg
[1.144s] -- Symlinking: /home/autolab/ros2_ws/install/turtlebot3_description/share/turtlebot3_description/meshes/wheels/left_tire.stl
[1.148s] -- Symlinking: /home/autolab/ros2_ws/install/turtlebot3_description/share/turtlebot3_description/meshes/wheels/right_tire.stl
[1.154s] -- Symlinking: /home/autolab/ros2_ws/install/turtlebot3_description/share/turtlebot3_description/rviz/model.rviz
[1.158s] -- Symlinking: /home/autolab/ros2_ws/install/turtlebot3_description/share/turtlebot3_description/urdf/common_properties.urdf
[1.163s] -- Symlinking: /home/autolab/ros2_ws/install/turtlebot3_description/share/turtlebot3_description/urdf/turtlebot3_burger.urdf
[1.168s] -- Symlinking: /home/autolab/ros2_ws/install/turtlebot3_description/share/turtlebot3_description/urdf/turtlebot3_waffle.urdf
[1.173s] -- Symlinking: /home/autolab/ros2_ws/install/turtlebot3_description/share/turtlebot3_description/urdf/turtlebot3_waffle_pi.urdf
[1.179s] -- Symlinking: /home/autolab/ros2_ws/install/turtlebot3_description/share/ament_index/resource_index/package_run_dependencies/turtlebot3_description
[1.184s] -- Symlinking: /home/autolab/ros2_ws/install/turtlebot3_description/share/ament_index/resource_index/parent_prefix_path/turtlebot3_description
[1.189s] -- Symlinking: /home/autolab/ros2_ws/install/turtlebot3_description/share/turtlebot3_description/environment/ament_prefix_path.sh
[1.195s] -- Symlinking: /home/autolab/ros2_ws/install/turtlebot3_description/share/turtlebot3_description/environment/ament_prefix_path.dsv
[1.200s] -- Symlinking: /home/autolab/ros2_ws/install/turtlebot3_description/share/turtlebot3_description/environment/path.sh
[1.206s] -- Symlinking: /home/autolab/ros2_ws/install/turtlebot3_description/share/turtlebot3_description/environment/path.dsv
[1.211s] -- Symlinking: /home/autolab/ros2_ws/install/turtlebot3_description/share/turtlebot3_description/local_setup.bash
[1.217s] -- Symlinking: /home/autolab/ros2_ws/install/turtlebot3_description/share/turtlebot3_description/local_setup.sh
[1.222s] -- Symlinking: /home/autolab/ros2_ws/install/turtlebot3_description/share/turtlebot3_description/local_setup.zsh
[1.227s] -- Symlinking: /home/autolab/ros2_ws/install/turtlebot3_description/share/turtlebot3_description/local_setup.dsv
[1.232s] -- Symlinking: /home/autolab/ros2_ws/install/turtlebot3_description/share/turtlebot3_description/package.dsv
[1.238s] -- Symlinking: /home/autolab/ros2_ws/install/turtlebot3_description/share/ament_index/resource_index/packages/turtlebot3_description
[1.243s] -- Symlinking: /home/autolab/ros2_ws/install/turtlebot3_description/share/turtlebot3_description/cmake/turtlebot3_descriptionConfig.cmake
[1.248s] -- Symlinking: /home/autolab/ros2_ws/install/turtlebot3_description/share/turtlebot3_description/cmake/turtlebot3_descriptionConfig-version.cmake
[1.254s] -- Symlinking: /home/autolab/ros2_ws/install/turtlebot3_description/share/turtlebot3_description/package.xml
[1.388s] Invoked command in '/home/autolab/ros2_ws/build/turtlebot3_description' returned '0': CMAKE_PREFIX_PATH=${CMAKE_PREFIX_PATH}:/home/autolab/ros2_ws/install/my_robot_controller:/opt/ros/humble /usr/bin/cmake --install /home/autolab/ros2_ws/build/turtlebot3_description
