[0.460s] Invoking command in '/home/autolab/ros2_ws/build/my_robot_controller': PYTHONPATH=/home/autolab/ros2_ws/build/my_robot_controller/prefix_override:/home/autolab/ros2_ws/install/my_robot_controller/lib/python3.10/site-packages:${PYTHONPATH} /usr/bin/python3 setup.py develop --editable --build-directory /home/autolab/ros2_ws/build/my_robot_controller/build --no-deps install_data
[0.624s] running develop
[0.721s] running egg_info
[0.721s] writing my_robot_controller.egg-info/PKG-INFO
[0.722s] writing dependency_links to my_robot_controller.egg-info/dependency_links.txt
[0.722s] writing entry points to my_robot_controller.egg-info/entry_points.txt
[0.722s] writing requirements to my_robot_controller.egg-info/requires.txt
[0.722s] writing top-level names to my_robot_controller.egg-info/top_level.txt
[0.723s] reading manifest file 'my_robot_controller.egg-info/SOURCES.txt'
[0.723s] writing manifest file 'my_robot_controller.egg-info/SOURCES.txt'
[0.724s] running build_ext
[0.724s] Creating /home/autolab/ros2_ws/install/my_robot_controller/lib/python3.10/site-packages/my-robot-controller.egg-link (link to .)
[0.725s] Installing car_nav script to /home/autolab/ros2_ws/install/my_robot_controller/lib/my_robot_controller
[0.725s] Installing draw_circle script to /home/autolab/ros2_ws/install/my_robot_controller/lib/my_robot_controller
[0.725s] Installing mapping script to /home/autolab/ros2_ws/install/my_robot_controller/lib/my_robot_controller
[0.725s] Installing navigation script to /home/autolab/ros2_ws/install/my_robot_controller/lib/my_robot_controller
[0.725s] Installing test_node script to /home/autolab/ros2_ws/install/my_robot_controller/lib/my_robot_controller
[0.725s] 
[0.725s] Installed /home/autolab/ros2_ws/build/my_robot_controller
[0.725s] running install_data
[0.742s] Invoked command in '/home/autolab/ros2_ws/build/my_robot_controller' returned '0': PYTHONPATH=/home/autolab/ros2_ws/build/my_robot_controller/prefix_override:/home/autolab/ros2_ws/install/my_robot_controller/lib/python3.10/site-packages:${PYTHONPATH} /usr/bin/python3 setup.py develop --editable --build-directory /home/autolab/ros2_ws/build/my_robot_controller/build --no-deps install_data
