[1.110s] Invoking command in '/home/autolab/ros2_ws/build/turtlebot3_teleop': PYTHONPATH=/home/autolab/ros2_ws/build/turtlebot3_teleop/prefix_override:/home/autolab/ros2_ws/install/turtlebot3_teleop/lib/python3.10/site-packages:${PYTHONPATH} /usr/bin/python3 setup.py develop --uninstall --editable --build-directory /home/autolab/ros2_ws/build/turtlebot3_teleop/build
[1.288s] running develop
[1.399s] Removing /home/autolab/ros2_ws/install/turtlebot3_teleop/lib/python3.10/site-packages/turtlebot3-teleop.egg-link (link to .)
[1.466s] Invoked command in '/home/autolab/ros2_ws/build/turtlebot3_teleop' returned '0': PYTHONPATH=/home/autolab/ros2_ws/build/turtlebot3_teleop/prefix_override:/home/autolab/ros2_ws/install/turtlebot3_teleop/lib/python3.10/site-packages:${PYTHONPATH} /usr/bin/python3 setup.py develop --uninstall --editable --build-directory /home/autolab/ros2_ws/build/turtlebot3_teleop/build
[1.467s] Invoking command in '/home/autolab/ros2_ws/src/turtlebot3/turtlebot3_teleop': PYTHONPATH=/home/autolab/ros2_ws/build/turtlebot3_teleop/prefix_override:/home/autolab/ros2_ws/install/turtlebot3_teleop/lib/python3.10/site-packages:${PYTHONPATH} /usr/bin/python3 setup.py egg_info --egg-base ../../../build/turtlebot3_teleop build --build-base /home/autolab/ros2_ws/build/turtlebot3_teleop/build install --record /home/autolab/ros2_ws/build/turtlebot3_teleop/install.log --single-version-externally-managed
[1.640s] running egg_info
[1.640s] writing ../../../build/turtlebot3_teleop/turtlebot3_teleop.egg-info/PKG-INFO
[1.641s] writing dependency_links to ../../../build/turtlebot3_teleop/turtlebot3_teleop.egg-info/dependency_links.txt
[1.641s] writing entry points to ../../../build/turtlebot3_teleop/turtlebot3_teleop.egg-info/entry_points.txt
[1.641s] writing requirements to ../../../build/turtlebot3_teleop/turtlebot3_teleop.egg-info/requires.txt
[1.641s] writing top-level names to ../../../build/turtlebot3_teleop/turtlebot3_teleop.egg-info/top_level.txt
[1.642s] reading manifest file '../../../build/turtlebot3_teleop/turtlebot3_teleop.egg-info/SOURCES.txt'
[1.642s] writing manifest file '../../../build/turtlebot3_teleop/turtlebot3_teleop.egg-info/SOURCES.txt'
[1.642s] running build
[1.642s] running build_py
[1.643s] creating /home/autolab/ros2_ws/build/turtlebot3_teleop/build
[1.643s] creating /home/autolab/ros2_ws/build/turtlebot3_teleop/build/lib
[1.643s] creating /home/autolab/ros2_ws/build/turtlebot3_teleop/build/lib/turtlebot3_teleop
[1.643s] copying turtlebot3_teleop/__init__.py -> /home/autolab/ros2_ws/build/turtlebot3_teleop/build/lib/turtlebot3_teleop
[1.643s] creating /home/autolab/ros2_ws/build/turtlebot3_teleop/build/lib/turtlebot3_teleop/script
[1.643s] copying turtlebot3_teleop/script/__init__.py -> /home/autolab/ros2_ws/build/turtlebot3_teleop/build/lib/turtlebot3_teleop/script
[1.643s] copying turtlebot3_teleop/script/teleop_keyboard.py -> /home/autolab/ros2_ws/build/turtlebot3_teleop/build/lib/turtlebot3_teleop/script
[1.643s] running install
[1.643s] running install_lib
[1.643s] creating /home/autolab/ros2_ws/install/turtlebot3_teleop/lib/python3.10/site-packages/turtlebot3_teleop
[1.644s] copying /home/autolab/ros2_ws/build/turtlebot3_teleop/build/lib/turtlebot3_teleop/__init__.py -> /home/autolab/ros2_ws/install/turtlebot3_teleop/lib/python3.10/site-packages/turtlebot3_teleop
[1.644s] creating /home/autolab/ros2_ws/install/turtlebot3_teleop/lib/python3.10/site-packages/turtlebot3_teleop/script
[1.644s] copying /home/autolab/ros2_ws/build/turtlebot3_teleop/build/lib/turtlebot3_teleop/script/__init__.py -> /home/autolab/ros2_ws/install/turtlebot3_teleop/lib/python3.10/site-packages/turtlebot3_teleop/script
[1.644s] copying /home/autolab/ros2_ws/build/turtlebot3_teleop/build/lib/turtlebot3_teleop/script/teleop_keyboard.py -> /home/autolab/ros2_ws/install/turtlebot3_teleop/lib/python3.10/site-packages/turtlebot3_teleop/script
[1.644s] byte-compiling /home/autolab/ros2_ws/install/turtlebot3_teleop/lib/python3.10/site-packages/turtlebot3_teleop/__init__.py to __init__.cpython-310.pyc
[1.644s] byte-compiling /home/autolab/ros2_ws/install/turtlebot3_teleop/lib/python3.10/site-packages/turtlebot3_teleop/script/__init__.py to __init__.cpython-310.pyc
[1.644s] byte-compiling /home/autolab/ros2_ws/install/turtlebot3_teleop/lib/python3.10/site-packages/turtlebot3_teleop/script/teleop_keyboard.py to teleop_keyboard.cpython-310.pyc
[1.645s] running install_data
[1.645s] running install_egg_info
[1.646s] Copying ../../../build/turtlebot3_teleop/turtlebot3_teleop.egg-info to /home/autolab/ros2_ws/install/turtlebot3_teleop/lib/python3.10/site-packages/turtlebot3_teleop-2.1.5-py3.10.egg-info
[1.647s] running install_scripts
[1.660s] Installing teleop_keyboard script to /home/autolab/ros2_ws/install/turtlebot3_teleop/lib/turtlebot3_teleop
[1.660s] writing list of installed files to '/home/autolab/ros2_ws/build/turtlebot3_teleop/install.log'
[1.762s] Invoked command in '/home/autolab/ros2_ws/src/turtlebot3/turtlebot3_teleop' returned '0': PYTHONPATH=/home/autolab/ros2_ws/build/turtlebot3_teleop/prefix_override:/home/autolab/ros2_ws/install/turtlebot3_teleop/lib/python3.10/site-packages:${PYTHONPATH} /usr/bin/python3 setup.py egg_info --egg-base ../../../build/turtlebot3_teleop build --build-base /home/autolab/ros2_ws/build/turtlebot3_teleop/build install --record /home/autolab/ros2_ws/build/turtlebot3_teleop/install.log --single-version-externally-managed
