[1.029s] Invoking command in '/home/autolab/ros2_ws/build/my_robot_controller': PYTHONPATH=/home/autolab/ros2_ws/build/my_robot_controller/prefix_override:/home/autolab/ros2_ws/install/my_robot_controller/lib/python3.10/site-packages:${PYTHONPATH} /usr/bin/python3 setup.py develop --editable --build-directory /home/autolab/ros2_ws/build/my_robot_controller/build --no-deps install_data
[1.204s] running develop
[1.311s] running egg_info
[1.311s] writing my_robot_controller.egg-info/PKG-INFO
[1.311s] writing dependency_links to my_robot_controller.egg-info/dependency_links.txt
[1.311s] writing entry points to my_robot_controller.egg-info/entry_points.txt
[1.311s] writing requirements to my_robot_controller.egg-info/requires.txt
[1.311s] writing top-level names to my_robot_controller.egg-info/top_level.txt
[1.312s] reading manifest file 'my_robot_controller.egg-info/SOURCES.txt'
[1.313s] writing manifest file 'my_robot_controller.egg-info/SOURCES.txt'
[1.314s] running build_ext
[1.314s] Creating /home/autolab/ros2_ws/install/my_robot_controller/lib/python3.10/site-packages/my-robot-controller.egg-link (link to .)
[1.315s] Installing draw_circle script to /home/autolab/ros2_ws/install/my_robot_controller/lib/my_robot_controller
[1.315s] Installing mapping script to /home/autolab/ros2_ws/install/my_robot_controller/lib/my_robot_controller
[1.315s] Installing test_node script to /home/autolab/ros2_ws/install/my_robot_controller/lib/my_robot_controller
[1.315s] 
[1.315s] Installed /home/autolab/ros2_ws/build/my_robot_controller
[1.315s] running install_data
[1.315s] copying package.xml -> /home/autolab/ros2_ws/install/my_robot_controller/share/my_robot_controller
[1.337s] Invoked command in '/home/autolab/ros2_ws/build/my_robot_controller' returned '0': PYTHONPATH=/home/autolab/ros2_ws/build/my_robot_controller/prefix_override:/home/autolab/ros2_ws/install/my_robot_controller/lib/python3.10/site-packages:${PYTHONPATH} /usr/bin/python3 setup.py develop --editable --build-directory /home/autolab/ros2_ws/build/my_robot_controller/build --no-deps install_data
