[0.654s] Invoking command in '/home/autolab/ros2_ws/src/my_robot_controller': PYTHONPATH=/home/autolab/ros2_ws/build/my_robot_controller/prefix_override:/home/autolab/ros2_ws/install/my_robot_controller/lib/python3.10/site-packages:${PYTHONPATH} /usr/bin/python3 setup.py egg_info --egg-base ../../build/my_robot_controller build --build-base /home/autolab/ros2_ws/build/my_robot_controller/build install --record /home/autolab/ros2_ws/build/my_robot_controller/install.log --single-version-externally-managed
[0.860s] running egg_info
[0.860s] creating ../../build/my_robot_controller/my_robot_controller.egg-info
[0.861s] writing ../../build/my_robot_controller/my_robot_controller.egg-info/PKG-INFO
[0.861s] writing dependency_links to ../../build/my_robot_controller/my_robot_controller.egg-info/dependency_links.txt
[0.861s] writing entry points to ../../build/my_robot_controller/my_robot_controller.egg-info/entry_points.txt
[0.861s] writing requirements to ../../build/my_robot_controller/my_robot_controller.egg-info/requires.txt
[0.861s] writing top-level names to ../../build/my_robot_controller/my_robot_controller.egg-info/top_level.txt
[0.861s] writing manifest file '../../build/my_robot_controller/my_robot_controller.egg-info/SOURCES.txt'
[0.862s] reading manifest file '../../build/my_robot_controller/my_robot_controller.egg-info/SOURCES.txt'
[0.862s] writing manifest file '../../build/my_robot_controller/my_robot_controller.egg-info/SOURCES.txt'
[0.862s] running build
[0.862s] running build_py
[0.862s] creating /home/autolab/ros2_ws/build/my_robot_controller/build
[0.863s] creating /home/autolab/ros2_ws/build/my_robot_controller/build/lib
[0.863s] creating /home/autolab/ros2_ws/build/my_robot_controller/build/lib/my_robot_controller
[0.863s] copying my_robot_controller/__init__.py -> /home/autolab/ros2_ws/build/my_robot_controller/build/lib/my_robot_controller
[0.863s] copying my_robot_controller/draw_circle.py -> /home/autolab/ros2_ws/build/my_robot_controller/build/lib/my_robot_controller
[0.863s] copying my_robot_controller/mapping.py -> /home/autolab/ros2_ws/build/my_robot_controller/build/lib/my_robot_controller
[0.863s] copying my_robot_controller/navigation.py -> /home/autolab/ros2_ws/build/my_robot_controller/build/lib/my_robot_controller
[0.863s] copying my_robot_controller/aw_navigation.py -> /home/autolab/ros2_ws/build/my_robot_controller/build/lib/my_robot_controller
[0.863s] copying my_robot_controller/my_first_node.py -> /home/autolab/ros2_ws/build/my_robot_controller/build/lib/my_robot_controller
[0.863s] running install
[0.863s] running install_lib
[0.863s] creating /home/autolab/ros2_ws/install/my_robot_controller/lib/python3.10/site-packages/my_robot_controller
[0.863s] copying /home/autolab/ros2_ws/build/my_robot_controller/build/lib/my_robot_controller/__init__.py -> /home/autolab/ros2_ws/install/my_robot_controller/lib/python3.10/site-packages/my_robot_controller
[0.863s] copying /home/autolab/ros2_ws/build/my_robot_controller/build/lib/my_robot_controller/draw_circle.py -> /home/autolab/ros2_ws/install/my_robot_controller/lib/python3.10/site-packages/my_robot_controller
[0.863s] copying /home/autolab/ros2_ws/build/my_robot_controller/build/lib/my_robot_controller/mapping.py -> /home/autolab/ros2_ws/install/my_robot_controller/lib/python3.10/site-packages/my_robot_controller
[0.863s] copying /home/autolab/ros2_ws/build/my_robot_controller/build/lib/my_robot_controller/navigation.py -> /home/autolab/ros2_ws/install/my_robot_controller/lib/python3.10/site-packages/my_robot_controller
[0.864s] copying /home/autolab/ros2_ws/build/my_robot_controller/build/lib/my_robot_controller/aw_navigation.py -> /home/autolab/ros2_ws/install/my_robot_controller/lib/python3.10/site-packages/my_robot_controller
[0.864s] copying /home/autolab/ros2_ws/build/my_robot_controller/build/lib/my_robot_controller/my_first_node.py -> /home/autolab/ros2_ws/install/my_robot_controller/lib/python3.10/site-packages/my_robot_controller
[0.864s] byte-compiling /home/autolab/ros2_ws/install/my_robot_controller/lib/python3.10/site-packages/my_robot_controller/__init__.py to __init__.cpython-310.pyc
[0.864s] byte-compiling /home/autolab/ros2_ws/install/my_robot_controller/lib/python3.10/site-packages/my_robot_controller/draw_circle.py to draw_circle.cpython-310.pyc
[0.864s] byte-compiling /home/autolab/ros2_ws/install/my_robot_controller/lib/python3.10/site-packages/my_robot_controller/mapping.py to mapping.cpython-310.pyc
[0.864s] byte-compiling /home/autolab/ros2_ws/install/my_robot_controller/lib/python3.10/site-packages/my_robot_controller/navigation.py to navigation.cpython-310.pyc
[0.865s] byte-compiling /home/autolab/ros2_ws/install/my_robot_controller/lib/python3.10/site-packages/my_robot_controller/aw_navigation.py to aw_navigation.cpython-310.pyc
[0.865s] byte-compiling /home/autolab/ros2_ws/install/my_robot_controller/lib/python3.10/site-packages/my_robot_controller/my_first_node.py to my_first_node.cpython-310.pyc
[0.866s] running install_data
[0.866s] creating /home/autolab/ros2_ws/install/my_robot_controller/share/ament_index
[0.866s] creating /home/autolab/ros2_ws/install/my_robot_controller/share/ament_index/resource_index
[0.866s] creating /home/autolab/ros2_ws/install/my_robot_controller/share/ament_index/resource_index/packages
[0.866s] copying resource/my_robot_controller -> /home/autolab/ros2_ws/install/my_robot_controller/share/ament_index/resource_index/packages
[0.866s] copying package.xml -> /home/autolab/ros2_ws/install/my_robot_controller/share/my_robot_controller
[0.866s] creating /home/autolab/ros2_ws/install/my_robot_controller/share/my_robot_controller/maps
[0.866s] creating /home/autolab/ros2_ws/install/my_robot_controller/share/my_robot_controller/launch
[0.866s] copying launch/start_mapping.launch.py -> /home/autolab/ros2_ws/install/my_robot_controller/share/my_robot_controller/launch
[0.866s] copying launch/car_nav.launch.py -> /home/autolab/ros2_ws/install/my_robot_controller/share/my_robot_controller/launch
[0.866s] copying launch/run_navigation.launch.py -> /home/autolab/ros2_ws/install/my_robot_controller/share/my_robot_controller/launch
[0.866s] copying launch/my_launch.launch.py -> /home/autolab/ros2_ws/install/my_robot_controller/share/my_robot_controller/launch
[0.866s] running install_egg_info
[0.867s] Copying ../../build/my_robot_controller/my_robot_controller.egg-info to /home/autolab/ros2_ws/install/my_robot_controller/lib/python3.10/site-packages/my_robot_controller-0.0.0-py3.10.egg-info
[0.868s] running install_scripts
[0.882s] Installing car_nav script to /home/autolab/ros2_ws/install/my_robot_controller/lib/my_robot_controller
[0.882s] Installing draw_circle script to /home/autolab/ros2_ws/install/my_robot_controller/lib/my_robot_controller
[0.882s] Installing mapping script to /home/autolab/ros2_ws/install/my_robot_controller/lib/my_robot_controller
[0.882s] Installing navigation script to /home/autolab/ros2_ws/install/my_robot_controller/lib/my_robot_controller
[0.882s] Installing test_node script to /home/autolab/ros2_ws/install/my_robot_controller/lib/my_robot_controller
[0.883s] writing list of installed files to '/home/autolab/ros2_ws/build/my_robot_controller/install.log'
[0.897s] Invoked command in '/home/autolab/ros2_ws/src/my_robot_controller' returned '0': PYTHONPATH=/home/autolab/ros2_ws/build/my_robot_controller/prefix_override:/home/autolab/ros2_ws/install/my_robot_controller/lib/python3.10/site-packages:${PYTHONPATH} /usr/bin/python3 setup.py egg_info --egg-base ../../build/my_robot_controller build --build-base /home/autolab/ros2_ws/build/my_robot_controller/build install --record /home/autolab/ros2_ws/build/my_robot_controller/install.log --single-version-externally-managed
