[0.522s] Invoking command in '/home/autolab/ros2_ws/build/my_robot_controller': PYTHONPATH=/home/autolab/ros2_ws/build/my_robot_controller/prefix_override:/home/autolab/ros2_ws/install/my_robot_controller/lib/python3.10/site-packages:${PYTHONPATH} /usr/bin/python3 setup.py develop --editable --build-directory /home/autolab/ros2_ws/build/my_robot_controller/build --no-deps install_data
[0.699s] running develop
[0.806s] running egg_info
[0.806s] writing my_robot_controller.egg-info/PKG-INFO
[0.807s] writing dependency_links to my_robot_controller.egg-info/dependency_links.txt
[0.807s] writing entry points to my_robot_controller.egg-info/entry_points.txt
[0.807s] writing requirements to my_robot_controller.egg-info/requires.txt
[0.807s] writing top-level names to my_robot_controller.egg-info/top_level.txt
[0.808s] reading manifest file 'my_robot_controller.egg-info/SOURCES.txt'
[0.808s] writing manifest file 'my_robot_controller.egg-info/SOURCES.txt'
[0.809s] running build_ext
[0.809s] Creating /home/autolab/ros2_ws/install/my_robot_controller/lib/python3.10/site-packages/my-robot-controller.egg-link (link to .)
[0.809s] Installing draw_circle script to /home/autolab/ros2_ws/install/my_robot_controller/lib/my_robot_controller
[0.809s] Installing mapping script to /home/autolab/ros2_ws/install/my_robot_controller/lib/my_robot_controller
[0.810s] Installing test_node script to /home/autolab/ros2_ws/install/my_robot_controller/lib/my_robot_controller
[0.810s] 
[0.810s] Installed /home/autolab/ros2_ws/build/my_robot_controller
[0.810s] running install_data
[0.810s] creating /home/autolab/ros2_ws/install/my_robot_controller/share/my_robot_controller/launch
[0.810s] copying launch/start_mapping.launch.py -> /home/autolab/ros2_ws/install/my_robot_controller/share/my_robot_controller/launch
[0.810s] copying launch/my_launch.launch.py -> /home/autolab/ros2_ws/install/my_robot_controller/share/my_robot_controller/launch
[0.827s] Invoked command in '/home/autolab/ros2_ws/build/my_robot_controller' returned '0': PYTHONPATH=/home/autolab/ros2_ws/build/my_robot_controller/prefix_override:/home/autolab/ros2_ws/install/my_robot_controller/lib/python3.10/site-packages:${PYTHONPATH} /usr/bin/python3 setup.py develop --editable --build-directory /home/autolab/ros2_ws/build/my_robot_controller/build --no-deps install_data
