[0.301s] Invoking command in '/home/autolab/ros2_ws/build/turtlebot3_cartographer': CMAKE_PREFIX_PATH=${CMAKE_PREFIX_PATH}:/home/autolab/ros2_ws/install/turtlebot3_teleop:/home/autolab/ros2_ws/install/turtlebot3_example:/home/autolab/ros2_ws/install/my_robot_controller:/opt/ros/humble /usr/bin/cmake /home/autolab/ros2_ws/src/turtlebot3/turtlebot3_cartographer -DCMAKE_INSTALL_PREFIX=/home/autolab/ros2_ws/install/turtlebot3_cartographer
[0.755s] -- Found ament_cmake: 1.3.8 (/opt/ros/humble/share/ament_cmake/cmake)
[0.755s] -- Override CMake install command with custom implementation using symlinks instead of copying resources
[0.755s] -- Configuring done
[0.755s] -- Generating done
[0.755s] -- Build files have been written to: /home/autolab/ros2_ws/build/turtlebot3_cartographer
[0.979s] Invoked command in '/home/autolab/ros2_ws/build/turtlebot3_cartographer' returned '0': CMAKE_PREFIX_PATH=${CMAKE_PREFIX_PATH}:/home/autolab/ros2_ws/install/turtlebot3_teleop:/home/autolab/ros2_ws/install/turtlebot3_example:/home/autolab/ros2_ws/install/my_robot_controller:/opt/ros/humble /usr/bin/cmake /home/autolab/ros2_ws/src/turtlebot3/turtlebot3_cartographer -DCMAKE_INSTALL_PREFIX=/home/autolab/ros2_ws/install/turtlebot3_cartographer
[0.979s] Invoking command in '/home/autolab/ros2_ws/build/turtlebot3_cartographer': CMAKE_PREFIX_PATH=${CMAKE_PREFIX_PATH}:/home/autolab/ros2_ws/install/turtlebot3_teleop:/home/autolab/ros2_ws/install/turtlebot3_example:/home/autolab/ros2_ws/install/my_robot_controller:/opt/ros/humble /usr/bin/cmake --build /home/autolab/ros2_ws/build/turtlebot3_cartographer -- -j20 -l20
[1.004s] Invoked command in '/home/autolab/ros2_ws/build/turtlebot3_cartographer' returned '0': CMAKE_PREFIX_PATH=${CMAKE_PREFIX_PATH}:/home/autolab/ros2_ws/install/turtlebot3_teleop:/home/autolab/ros2_ws/install/turtlebot3_example:/home/autolab/ros2_ws/install/my_robot_controller:/opt/ros/humble /usr/bin/cmake --build /home/autolab/ros2_ws/build/turtlebot3_cartographer -- -j20 -l20
[1.027s] Invoking command in '/home/autolab/ros2_ws/build/turtlebot3_cartographer': CMAKE_PREFIX_PATH=${CMAKE_PREFIX_PATH}:/home/autolab/ros2_ws/install/turtlebot3_teleop:/home/autolab/ros2_ws/install/turtlebot3_example:/home/autolab/ros2_ws/install/my_robot_controller:/opt/ros/humble /usr/bin/cmake --install /home/autolab/ros2_ws/build/turtlebot3_cartographer
[1.034s] -- Install configuration: ""
[1.034s] -- Execute custom install script
[1.035s] -- Up-to-date symlink: /home/autolab/ros2_ws/install/turtlebot3_cartographer/share/turtlebot3_cartographer/config/turtlebot3_lds_2d.lua
[1.035s] -- Up-to-date symlink: /home/autolab/ros2_ws/install/turtlebot3_cartographer/share/turtlebot3_cartographer/launch/cartographer.launch.py
[1.035s] -- Up-to-date symlink: /home/autolab/ros2_ws/install/turtlebot3_cartographer/share/turtlebot3_cartographer/launch/occupancy_grid.launch.py
[1.036s] -- Up-to-date symlink: /home/autolab/ros2_ws/install/turtlebot3_cartographer/share/turtlebot3_cartographer/rviz/tb3_cartographer.rviz
[1.036s] -- Up-to-date symlink: /home/autolab/ros2_ws/install/turtlebot3_cartographer/share/ament_index/resource_index/package_run_dependencies/turtlebot3_cartographer
[1.036s] -- Up-to-date symlink: /home/autolab/ros2_ws/install/turtlebot3_cartographer/share/ament_index/resource_index/parent_prefix_path/turtlebot3_cartographer
[1.037s] -- Up-to-date symlink: /home/autolab/ros2_ws/install/turtlebot3_cartographer/share/turtlebot3_cartographer/environment/ament_prefix_path.sh
[1.037s] -- Up-to-date symlink: /home/autolab/ros2_ws/install/turtlebot3_cartographer/share/turtlebot3_cartographer/environment/ament_prefix_path.dsv
[1.037s] -- Up-to-date symlink: /home/autolab/ros2_ws/install/turtlebot3_cartographer/share/turtlebot3_cartographer/environment/path.sh
[1.037s] -- Up-to-date symlink: /home/autolab/ros2_ws/install/turtlebot3_cartographer/share/turtlebot3_cartographer/environment/path.dsv
[1.037s] -- Up-to-date symlink: /home/autolab/ros2_ws/install/turtlebot3_cartographer/share/turtlebot3_cartographer/local_setup.bash
[1.037s] -- Up-to-date symlink: /home/autolab/ros2_ws/install/turtlebot3_cartographer/share/turtlebot3_cartographer/local_setup.sh
[1.038s] -- Up-to-date symlink: /home/autolab/ros2_ws/install/turtlebot3_cartographer/share/turtlebot3_cartographer/local_setup.zsh
[1.038s] -- Up-to-date symlink: /home/autolab/ros2_ws/install/turtlebot3_cartographer/share/turtlebot3_cartographer/local_setup.dsv
[1.038s] -- Symlinking: /home/autolab/ros2_ws/install/turtlebot3_cartographer/share/turtlebot3_cartographer/package.dsv
[1.046s] -- Up-to-date symlink: /home/autolab/ros2_ws/install/turtlebot3_cartographer/share/ament_index/resource_index/packages/turtlebot3_cartographer
[1.046s] -- Up-to-date symlink: /home/autolab/ros2_ws/install/turtlebot3_cartographer/share/turtlebot3_cartographer/cmake/turtlebot3_cartographerConfig.cmake
[1.046s] -- Up-to-date symlink: /home/autolab/ros2_ws/install/turtlebot3_cartographer/share/turtlebot3_cartographer/cmake/turtlebot3_cartographerConfig-version.cmake
[1.047s] -- Up-to-date symlink: /home/autolab/ros2_ws/install/turtlebot3_cartographer/share/turtlebot3_cartographer/package.xml
[1.082s] Invoked command in '/home/autolab/ros2_ws/build/turtlebot3_cartographer' returned '0': CMAKE_PREFIX_PATH=${CMAKE_PREFIX_PATH}:/home/autolab/ros2_ws/install/turtlebot3_teleop:/home/autolab/ros2_ws/install/turtlebot3_example:/home/autolab/ros2_ws/install/my_robot_controller:/opt/ros/humble /usr/bin/cmake --install /home/autolab/ros2_ws/build/turtlebot3_cartographer
