[0.470s] Invoking command in '/home/autolab/ros2_ws/src/my_robot_controller': PYTHONPATH=/home/autolab/ros2_ws/build/my_robot_controller/prefix_override:/home/autolab/ros2_ws/install/my_robot_controller/lib/python3.10/site-packages:${PYTHONPATH} /usr/bin/python3 setup.py egg_info --egg-base ../../build/my_robot_controller build --build-base /home/autolab/ros2_ws/build/my_robot_controller/build install --record /home/autolab/ros2_ws/build/my_robot_controller/install.log --single-version-externally-managed
[0.625s] running egg_info
[0.626s] writing ../../build/my_robot_controller/my_robot_controller.egg-info/PKG-INFO
[0.626s] writing dependency_links to ../../build/my_robot_controller/my_robot_controller.egg-info/dependency_links.txt
[0.626s] writing entry points to ../../build/my_robot_controller/my_robot_controller.egg-info/entry_points.txt
[0.626s] writing requirements to ../../build/my_robot_controller/my_robot_controller.egg-info/requires.txt
[0.626s] writing top-level names to ../../build/my_robot_controller/my_robot_controller.egg-info/top_level.txt
[0.627s] reading manifest file '../../build/my_robot_controller/my_robot_controller.egg-info/SOURCES.txt'
[0.627s] writing manifest file '../../build/my_robot_controller/my_robot_controller.egg-info/SOURCES.txt'
[0.628s] running build
[0.628s] running build_py
[0.628s] copying my_robot_controller/draw_circle.py -> /home/autolab/ros2_ws/build/my_robot_controller/build/lib/my_robot_controller
[0.628s] running install
[0.628s] running install_lib
[0.628s] copying /home/autolab/ros2_ws/build/my_robot_controller/build/lib/my_robot_controller/draw_circle.py -> /home/autolab/ros2_ws/install/my_robot_controller/lib/python3.10/site-packages/my_robot_controller
[0.629s] byte-compiling /home/autolab/ros2_ws/install/my_robot_controller/lib/python3.10/site-packages/my_robot_controller/draw_circle.py to draw_circle.cpython-310.pyc
[0.629s] running install_data
[0.629s] copying package.xml -> /home/autolab/ros2_ws/install/my_robot_controller/share/my_robot_controller
[0.629s] running install_egg_info
[0.630s] removing '/home/autolab/ros2_ws/install/my_robot_controller/lib/python3.10/site-packages/my_robot_controller-0.0.0-py3.10.egg-info' (and everything under it)
[0.630s] Copying ../../build/my_robot_controller/my_robot_controller.egg-info to /home/autolab/ros2_ws/install/my_robot_controller/lib/python3.10/site-packages/my_robot_controller-0.0.0-py3.10.egg-info
[0.631s] running install_scripts
[0.643s] Installing draw_circle script to /home/autolab/ros2_ws/install/my_robot_controller/lib/my_robot_controller
[0.643s] Installing test_node script to /home/autolab/ros2_ws/install/my_robot_controller/lib/my_robot_controller
[0.643s] writing list of installed files to '/home/autolab/ros2_ws/build/my_robot_controller/install.log'
[0.658s] Invoked command in '/home/autolab/ros2_ws/src/my_robot_controller' returned '0': PYTHONPATH=/home/autolab/ros2_ws/build/my_robot_controller/prefix_override:/home/autolab/ros2_ws/install/my_robot_controller/lib/python3.10/site-packages:${PYTHONPATH} /usr/bin/python3 setup.py egg_info --egg-base ../../build/my_robot_controller build --build-base /home/autolab/ros2_ws/build/my_robot_controller/build install --record /home/autolab/ros2_ws/build/my_robot_controller/install.log --single-version-externally-managed
