[0.334s] Invoking command in '/home/autolab/ros2_ws/src/build/turtlebot3_cartographer': CMAKE_PREFIX_PATH=${CMAKE_PREFIX_PATH}:/home/autolab/ros2_ws/install/turtlebot3_teleop:/home/autolab/ros2_ws/install/turtlebot3_example:/home/autolab/ros2_ws/install/my_robot_controller:/opt/ros/humble /usr/bin/cmake /home/autolab/ros2_ws/src/turtlebot3/turtlebot3_cartographer -DAMENT_CMAKE_SYMLINK_INSTALL=1 -DCMAKE_INSTALL_PREFIX=/home/autolab/ros2_ws/src/install/turtlebot3_cartographer
[0.827s] -- The C compiler identification is GNU 11.4.0
[0.827s] -- The CXX compiler identification is GNU 11.4.0
[0.827s] -- Detecting C compiler ABI info
[0.827s] -- Detecting C compiler ABI info - done
[0.827s] -- Check for working C compiler: /usr/bin/cc - skipped
[0.827s] -- Detecting C compile features
[0.827s] -- Detecting C compile features - done
[0.827s] -- Detecting CXX compiler ABI info
[0.827s] -- Detecting CXX compiler ABI info - done
[0.827s] -- Check for working CXX compiler: /usr/bin/c++ - skipped
[0.827s] -- Detecting CXX compile features
[0.827s] -- Detecting CXX compile features - done
[0.828s] -- Found ament_cmake: 1.3.8 (/opt/ros/humble/share/ament_cmake/cmake)
[0.828s] -- Found Python3: /usr/bin/python3 (found version "3.10.12") found components: Interpreter 
[0.828s] -- Override CMake install command with custom implementation using symlinks instead of copying resources
[0.828s] -- Configuring done
[0.828s] -- Generating done
[0.828s] -- Build files have been written to: /home/autolab/ros2_ws/src/build/turtlebot3_cartographer
[1.068s] Invoked command in '/home/autolab/ros2_ws/src/build/turtlebot3_cartographer' returned '0': CMAKE_PREFIX_PATH=${CMAKE_PREFIX_PATH}:/home/autolab/ros2_ws/install/turtlebot3_teleop:/home/autolab/ros2_ws/install/turtlebot3_example:/home/autolab/ros2_ws/install/my_robot_controller:/opt/ros/humble /usr/bin/cmake /home/autolab/ros2_ws/src/turtlebot3/turtlebot3_cartographer -DAMENT_CMAKE_SYMLINK_INSTALL=1 -DCMAKE_INSTALL_PREFIX=/home/autolab/ros2_ws/src/install/turtlebot3_cartographer
[1.068s] Invoking command in '/home/autolab/ros2_ws/src/build/turtlebot3_cartographer': CMAKE_PREFIX_PATH=${CMAKE_PREFIX_PATH}:/home/autolab/ros2_ws/install/turtlebot3_teleop:/home/autolab/ros2_ws/install/turtlebot3_example:/home/autolab/ros2_ws/install/my_robot_controller:/opt/ros/humble /usr/bin/cmake --build /home/autolab/ros2_ws/src/build/turtlebot3_cartographer -- -j20 -l20
[1.095s] Invoked command in '/home/autolab/ros2_ws/src/build/turtlebot3_cartographer' returned '0': CMAKE_PREFIX_PATH=${CMAKE_PREFIX_PATH}:/home/autolab/ros2_ws/install/turtlebot3_teleop:/home/autolab/ros2_ws/install/turtlebot3_example:/home/autolab/ros2_ws/install/my_robot_controller:/opt/ros/humble /usr/bin/cmake --build /home/autolab/ros2_ws/src/build/turtlebot3_cartographer -- -j20 -l20
[1.117s] Invoking command in '/home/autolab/ros2_ws/src/build/turtlebot3_cartographer': CMAKE_PREFIX_PATH=${CMAKE_PREFIX_PATH}:/home/autolab/ros2_ws/install/turtlebot3_teleop:/home/autolab/ros2_ws/install/turtlebot3_example:/home/autolab/ros2_ws/install/my_robot_controller:/opt/ros/humble /usr/bin/cmake --install /home/autolab/ros2_ws/src/build/turtlebot3_cartographer
[1.122s] -- Install configuration: ""
[1.123s] -- Execute custom install script
[1.123s] -- Symlinking: /home/autolab/ros2_ws/src/install/turtlebot3_cartographer/share/turtlebot3_cartographer/config/turtlebot3_lds_2d.lua
[1.130s] -- Symlinking: /home/autolab/ros2_ws/src/install/turtlebot3_cartographer/share/turtlebot3_cartographer/launch/cartographer.launch.py
[1.135s] -- Symlinking: /home/autolab/ros2_ws/src/install/turtlebot3_cartographer/share/turtlebot3_cartographer/launch/occupancy_grid.launch.py
[1.141s] -- Symlinking: /home/autolab/ros2_ws/src/install/turtlebot3_cartographer/share/turtlebot3_cartographer/rviz/tb3_cartographer.rviz
[1.148s] -- Symlinking: /home/autolab/ros2_ws/src/install/turtlebot3_cartographer/share/ament_index/resource_index/package_run_dependencies/turtlebot3_cartographer
[1.155s] -- Symlinking: /home/autolab/ros2_ws/src/install/turtlebot3_cartographer/share/ament_index/resource_index/parent_prefix_path/turtlebot3_cartographer
[1.162s] -- Symlinking: /home/autolab/ros2_ws/src/install/turtlebot3_cartographer/share/turtlebot3_cartographer/environment/ament_prefix_path.sh
[1.170s] -- Symlinking: /home/autolab/ros2_ws/src/install/turtlebot3_cartographer/share/turtlebot3_cartographer/environment/ament_prefix_path.dsv
[1.175s] -- Symlinking: /home/autolab/ros2_ws/src/install/turtlebot3_cartographer/share/turtlebot3_cartographer/environment/path.sh
[1.182s] -- Symlinking: /home/autolab/ros2_ws/src/install/turtlebot3_cartographer/share/turtlebot3_cartographer/environment/path.dsv
[1.189s] -- Symlinking: /home/autolab/ros2_ws/src/install/turtlebot3_cartographer/share/turtlebot3_cartographer/local_setup.bash
[1.196s] -- Symlinking: /home/autolab/ros2_ws/src/install/turtlebot3_cartographer/share/turtlebot3_cartographer/local_setup.sh
[1.204s] -- Symlinking: /home/autolab/ros2_ws/src/install/turtlebot3_cartographer/share/turtlebot3_cartographer/local_setup.zsh
[1.210s] -- Symlinking: /home/autolab/ros2_ws/src/install/turtlebot3_cartographer/share/turtlebot3_cartographer/local_setup.dsv
[1.215s] -- Symlinking: /home/autolab/ros2_ws/src/install/turtlebot3_cartographer/share/turtlebot3_cartographer/package.dsv
[1.221s] -- Symlinking: /home/autolab/ros2_ws/src/install/turtlebot3_cartographer/share/ament_index/resource_index/packages/turtlebot3_cartographer
[1.227s] -- Symlinking: /home/autolab/ros2_ws/src/install/turtlebot3_cartographer/share/turtlebot3_cartographer/cmake/turtlebot3_cartographerConfig.cmake
[1.233s] -- Symlinking: /home/autolab/ros2_ws/src/install/turtlebot3_cartographer/share/turtlebot3_cartographer/cmake/turtlebot3_cartographerConfig-version.cmake
[1.239s] -- Symlinking: /home/autolab/ros2_ws/src/install/turtlebot3_cartographer/share/turtlebot3_cartographer/package.xml
[1.246s] Invoked command in '/home/autolab/ros2_ws/src/build/turtlebot3_cartographer' returned '0': CMAKE_PREFIX_PATH=${CMAKE_PREFIX_PATH}:/home/autolab/ros2_ws/install/turtlebot3_teleop:/home/autolab/ros2_ws/install/turtlebot3_example:/home/autolab/ros2_ws/install/my_robot_controller:/opt/ros/humble /usr/bin/cmake --install /home/autolab/ros2_ws/src/build/turtlebot3_cartographer
