[0.341s] Invoking command in '/home/autolab/ros2_ws/build/turtlebot3_node': CMAKE_PREFIX_PATH=${CMAKE_PREFIX_PATH}:/home/autolab/ros2_ws/install/turtlebot3_teleop:/home/autolab/ros2_ws/install/turtlebot3_example:/home/autolab/ros2_ws/install/my_robot_controller:/opt/ros/humble /usr/bin/cmake --build /home/autolab/ros2_ws/build/turtlebot3_node -- -j20 -l20
[0.785s] [ 85%] Built target turtlebot3_node_lib
[0.785s] [100%] Built target turtlebot3_ros
[1.000s] Invoked command in '/home/autolab/ros2_ws/build/turtlebot3_node' returned '0': CMAKE_PREFIX_PATH=${CMAKE_PREFIX_PATH}:/home/autolab/ros2_ws/install/turtlebot3_teleop:/home/autolab/ros2_ws/install/turtlebot3_example:/home/autolab/ros2_ws/install/my_robot_controller:/opt/ros/humble /usr/bin/cmake --build /home/autolab/ros2_ws/build/turtlebot3_node -- -j20 -l20
[1.036s] Invoking command in '/home/autolab/ros2_ws/build/turtlebot3_node': CMAKE_PREFIX_PATH=${CMAKE_PREFIX_PATH}:/home/autolab/ros2_ws/install/turtlebot3_teleop:/home/autolab/ros2_ws/install/turtlebot3_example:/home/autolab/ros2_ws/install/my_robot_controller:/opt/ros/humble /usr/bin/cmake --install /home/autolab/ros2_ws/build/turtlebot3_node
[1.043s] -- Install configuration: ""
[1.043s] -- Execute custom install script
[1.043s] -- Up-to-date symlink: /home/autolab/ros2_ws/install/turtlebot3_node/share/turtlebot3_node/param/burger.yaml
[1.043s] -- Up-to-date symlink: /home/autolab/ros2_ws/install/turtlebot3_node/share/turtlebot3_node/param/waffle.yaml
[1.043s] -- Up-to-date symlink: /home/autolab/ros2_ws/install/turtlebot3_node/share/turtlebot3_node/param/waffle_pi.yaml
[1.043s] -- Up-to-date symlink: /home/autolab/ros2_ws/install/turtlebot3_node/lib/turtlebot3_node/turtlebot3_ros
[1.043s] -- Up-to-date symlink: /home/autolab/ros2_ws/install/turtlebot3_node/share/ament_index/resource_index/package_run_dependencies/turtlebot3_node
[1.044s] -- Up-to-date symlink: /home/autolab/ros2_ws/install/turtlebot3_node/share/ament_index/resource_index/parent_prefix_path/turtlebot3_node
[1.044s] -- Up-to-date symlink: /home/autolab/ros2_ws/install/turtlebot3_node/share/turtlebot3_node/environment/ament_prefix_path.sh
[1.044s] -- Up-to-date symlink: /home/autolab/ros2_ws/install/turtlebot3_node/share/turtlebot3_node/environment/ament_prefix_path.dsv
[1.044s] -- Up-to-date symlink: /home/autolab/ros2_ws/install/turtlebot3_node/share/turtlebot3_node/environment/path.sh
[1.044s] -- Up-to-date symlink: /home/autolab/ros2_ws/install/turtlebot3_node/share/turtlebot3_node/environment/path.dsv
[1.044s] -- Up-to-date symlink: /home/autolab/ros2_ws/install/turtlebot3_node/share/turtlebot3_node/local_setup.bash
[1.044s] -- Up-to-date symlink: /home/autolab/ros2_ws/install/turtlebot3_node/share/turtlebot3_node/local_setup.sh
[1.044s] -- Up-to-date symlink: /home/autolab/ros2_ws/install/turtlebot3_node/share/turtlebot3_node/local_setup.zsh
[1.044s] -- Up-to-date symlink: /home/autolab/ros2_ws/install/turtlebot3_node/share/turtlebot3_node/local_setup.dsv
[1.045s] -- Symlinking: /home/autolab/ros2_ws/install/turtlebot3_node/share/turtlebot3_node/package.dsv
[1.046s] -- Up-to-date symlink: /home/autolab/ros2_ws/install/turtlebot3_node/share/ament_index/resource_index/packages/turtlebot3_node
[1.046s] -- Up-to-date symlink: /home/autolab/ros2_ws/install/turtlebot3_node/share/turtlebot3_node/cmake/ament_cmake_export_include_directories-extras.cmake
[1.046s] -- Up-to-date symlink: /home/autolab/ros2_ws/install/turtlebot3_node/share/turtlebot3_node/cmake/turtlebot3_nodeConfig.cmake
[1.046s] -- Up-to-date symlink: /home/autolab/ros2_ws/install/turtlebot3_node/share/turtlebot3_node/cmake/turtlebot3_nodeConfig-version.cmake
[1.046s] -- Up-to-date symlink: /home/autolab/ros2_ws/install/turtlebot3_node/share/turtlebot3_node/package.xml
[1.107s] Invoked command in '/home/autolab/ros2_ws/build/turtlebot3_node' returned '0': CMAKE_PREFIX_PATH=${CMAKE_PREFIX_PATH}:/home/autolab/ros2_ws/install/turtlebot3_teleop:/home/autolab/ros2_ws/install/turtlebot3_example:/home/autolab/ros2_ws/install/my_robot_controller:/opt/ros/humble /usr/bin/cmake --install /home/autolab/ros2_ws/build/turtlebot3_node
